#
# A fatal error has been detected by the Java Runtime Environment:
#
#  Internal Error (jvmciRuntime.cpp:1609), pid=10483, tid=10498
#  fatal error: Fatal exception in JVMCI: Error calling jdk.vm.ci.services.Services.serializeSavedProperties
#
# JRE version: OpenJDK Runtime Environment GraalVM CE 22.3.0 (17.0.5+8) (build 17.0.5+8-jvmci-22.3-b08)
# Java VM: OpenJDK 64-Bit Server VM GraalVM CE 22.3.0 (17.0.5+8-jvmci-22.3-b08, mixed mode, sharing, tiered, jvmci, jvmci compiler, compressed oops, compressed class ptrs, parallel gc, linux-amd64)
# Problematic frame:
# V  [libjvm.so+0x972714]  JVMCIRuntime::fatal_exception(JVMCIEnv*, char const*)+0x74
#
# Core dump will be written. Default location: Core dumps may be processed with "/usr/share/apport/apport -p%p -s%s -c%c -d%d -P%P -u%u -g%g -- %E" (or dumping to /home/runner/lyric-guesser-draft/core.10483)
#
# If you would like to submit a bug report, please visit:
#   https://github.com/oracle/graal/issues
#

---------------  S U M M A R Y ------------

Command Line: -XX:ThreadPriorityPolicy=1 -XX:+UnlockExperimentalVMOptions -XX:+EnableJVMCIProduct -XX:JVMCIThreadsPerNativeLibraryRuntime=1 -XX:-UnlockExperimentalVMOptions -Declipse.application=org.eclipse.jdt.ls.core.id1 -Dosgi.bundles.defaultStartLevel=4 -Declipse.product=org.eclipse.jdt.ls.core.product -Dlog.level=ALL -Xverify:none -XX:+UseParallelGC -XX:GCTimeRatio=4 -XX:AdaptiveSizePolicyWeight=90 -Dsun.zip.disableMemoryMapping=true -Xmx512m -Xms100m /nix/store/m6gcpi1ii6rghy04cjwjddcavv7i90df-jdt-language-server-1.9.0/share/java/plugins/org.eclipse.equinox.launcher_1.6.400.v20210924-0641.jar --add-modules=ALL-SYSTEM --add-opens java.base/java.util=ALL-UNNAMED --add-opens java.base/java.lang=ALL-UNNAMED -configuration /home/runner/.cache/jdt-language-server/config -data /home/runner/.cache/jdt-language-server/data/home/runner/lyric-guesser-draft

Host: AMD EPYC 7B12, 4 cores, 1G, Ubuntu 20.04.2 LTS
Time: Wed Jun 21 02:01:15 2023 UTC elapsed time: 2058.268849 seconds (0d 0h 34m 18s)

---------------  T H R E A D  ---------------

Current thread (0x00007f0e980b21e0):  JavaThread "JVMCI-native CompilerThread0" daemon [_thread_in_vm, id=10498, stack(0x00007f0e7db1a000,0x00007f0e7dd1a000)]


Current CompileTask:
JVMCI-native:2058269 9948   !   4       org.eclipse.jdt.ls.core.internal.CancellableProgressMonitor::isCanceled (33 bytes)

Stack: [0x00007f0e7db1a000,0x00007f0e7dd1a000],  sp=0x00007f0e7dd18380,  free space=2040k
Native frames: (J=compiled Java code, j=interpreted, Vv=VM code, C=native code)
V  [libjvm.so+0x972714]  JVMCIRuntime::fatal_exception(JVMCIEnv*, char const*)+0x74
V  [libjvm.so+0x93e2fe]  JVMCIEnv::copy_saved_properties()+0x14e
V  [libjvm.so+0x9732a9]  JVMCIRuntime::initialize(JVMCIEnv*)+0xb19
V  [libjvm.so+0x9738a2]  JVMCIRuntime::get_HotSpotJVMCIRuntime(JVMCIEnv*)+0x12
V  [libjvm.so+0x9749f2]  JVMCIRuntime::compile_method(JVMCIEnv*, JVMCICompiler*, methodHandle const&, int)+0xd2
V  [libjvm.so+0x5b0d20]  CompileBroker::invoke_compiler_on_method(CompileTask*)+0x1470
V  [libjvm.so+0x5b12e8]  CompileBroker::compiler_thread_loop()+0x528
V  [libjvm.so+0xd82460]  JavaThread::thread_main_inner()+0xd0
V  [libjvm.so+0xd85a40]  Thread::call_run()+0xc0
V  [libjvm.so+0xbdb1e1]  thread_native_entry(Thread*)+0xe1

Register to memory mapping:

RAX=0x00007f0e9d898000 points into unknown readable memory: 0x0000000000000058 | 58 00 00 00 00 00 00 00
RBX=0x00007f0e9e993398: <offset 0x0000000000ef5398> in /nix/store/gpxl5qgg8kicmcvivwmybwjlpf7wh20l-graalvm17-ce-22.3.0/lib/server/libjvm.so at 0x00007f0e9da9e000
RCX=0x00007f0e9e94b1e8: <offset 0x0000000000ead1e8> in /nix/store/gpxl5qgg8kicmcvivwmybwjlpf7wh20l-graalvm17-ce-22.3.0/lib/server/libjvm.so at 0x00007f0e9da9e000
RDX=0x0000000000000649 is an unknown value
RSP=0x00007f0e7dd18380 is pointing into the stack for thread: 0x00007f0e980b21e0
RBP=0x00007f0e7dd183a0 is pointing into the stack for thread: 0x00007f0e980b21e0
RSI=0x00007f0e9e993c48: <offset 0x0000000000ef5c48> in /nix/store/gpxl5qgg8kicmcvivwmybwjlpf7wh20l-graalvm17-ce-22.3.0/lib/server/libjvm.so at 0x00007f0e9da9e000
RDI=0x00000000e0000000 is an oop: [B 
{0x00000000e0000000} - klass: {type array byte}
 - length: 97
R8 =0x00007f0e9e993398: <offset 0x0000000000ef5398> in /nix/store/gpxl5qgg8kicmcvivwmybwjlpf7wh20l-graalvm17-ce-22.3.0/lib/server/libjvm.so at 0x00007f0e9da9e000
R9 =0x00007f0e7dd18330 is pointing into the stack for thread: 0x00007f0e980b21e0
R10=0x00007f0e7dd19948 is pointing into the stack for thread: 0x00007f0e980b21e0
R11=0x0000000000000293 is an unknown value
R12=0x0 is NULL
R13=0x00007f0e980b21e0 is a thread
R14=0x00007f0e98000b80 points into unknown readable memory: 0x00007f0e9ebc4a38 | 38 4a bc 9e 0e 7f 00 00
R15=0x00007f0e9ecd2e40: <offset 0x0000000001234e40> in /nix/store/gpxl5qgg8kicmcvivwmybwjlpf7wh20l-graalvm17-ce-22.3.0/lib/server/libjvm.so at 0x00007f0e9da9e000


Registers:
RAX=0x00007f0e9d898000, RBX=0x00007f0e9e993398, RCX=0x00007f0e9e94b1e8, RDX=0x0000000000000649
RSP=0x00007f0e7dd18380, RBP=0x00007f0e7dd183a0, RSI=0x00007f0e9e993c48, RDI=0x00000000e0000000
R8 =0x00007f0e9e993398, R9 =0x00007f0e7dd18330, R10=0x00007f0e7dd19948, R11=0x0000000000000293
R12=0x0000000000000000, R13=0x00007f0e980b21e0, R14=0x00007f0e98000b80, R15=0x00007f0e9ecd2e40
RIP=0x00007f0e9e410714, EFLAGS=0x0000000000010206, CSGSFS=0x002b000000000033, ERR=0x0000000000000006
  TRAPNO=0x000000000000000e

Top of Stack: (sp=0x00007f0e7dd18380)
0x00007f0e7dd18380:   00007f0e7dd18940 00007f0e980b21e0
0x00007f0e7dd18390:   00007f0e9c2318e0 0000000800c47580
0x00007f0e7dd183a0:   00007f0e7dd18500 00007f0e9e3dc2fe
0x00007f0e7dd183b0:   00007f0e7dd183e0 00007f0e7dd18440 

Instructions: (pc=0x00007f0e9e410714)
0x00007f0e9e410614:   30 e8 f6 cf e8 ff 4c 89 e7 e8 2e 48 d1 ff 84 db
0x00007f0e9e410624:   75 2a 4d 85 ed 74 04 4d 8b 6d 00 48 83 c4 08 44
0x00007f0e9e410634:   89 f9 4c 89 f2 4c 89 ee 5b 4c 89 e7 41 5c 41 5d
0x00007f0e9e410644:   41 5e 41 5f 5d e9 e2 47 d1 ff 66 90 48 83 c4 08
0x00007f0e9e410654:   5b 41 5c 41 5d 41 5e 41 5f 5d c3 90 31 d2 be 08
0x00007f0e9e410664:   00 00 00 4c 89 ff e8 b1 78 a3 ff 49 89 c5 e9 37
0x00007f0e9e410674:   ff ff ff 66 0f 1f 84 00 00 00 00 00 48 8b 7a 08
0x00007f0e9e410684:   e9 6d ff ff ff 0f 1f 80 00 00 00 00 e8 5b 48 0a
0x00007f0e9e410694:   00 84 c0 75 89 e9 6a ff ff ff 66 90 55 48 89 e5
0x00007f0e9e4106a4:   41 56 41 55 41 54 49 89 fc 53 48 89 f3 66 48 8d
0x00007f0e9e4106b4:   3d 27 5e 85 00 66 66 48 e8 df 43 8d ff 4c 8b 28
0x00007f0e9e4106c4:   8b 05 be 72 8a 00 85 c0 75 14 ba 01 00 00 00 48
0x00007f0e9e4106d4:   8d 0d ae 72 8a 00 f0 0f b1 11 85 c0 74 4e be c8
0x00007f0e9e4106e4:   00 00 00 4c 89 ef e8 01 0b 41 00 48 8d 05 12 ac
0x00007f0e9e4106f4:   85 00 49 89 d8 48 8d 0d e8 aa 53 00 ba 49 06 00
0x00007f0e9e410704:   00 48 8d 35 3c 35 58 00 bf 00 00 00 e0 48 8b 00
0x00007f0e9e410714:   c6 00 58 31 c0 e8 e2 91 c6 ff 5b 41 5c 41 5d 41
0x00007f0e9e410724:   5e 5d e9 55 34 26 00 0f 1f 44 00 00 48 8d 05 81
0x00007f0e9e410734:   a3 8b 00 48 89 df 4c 8b 30 e8 9e 43 8d ff 48 89
0x00007f0e9e410744:   de 48 89 c2 49 8b 06 4c 89 f7 ff 50 08 4c 89 f7
0x00007f0e9e410754:   e8 a7 5c 27 00 4d 85 e4 74 12 be 01 00 00 00 4c
0x00007f0e9e410764:   89 e7 e8 35 43 fc ff eb 82 0f 1f 00 be 01 00 00
0x00007f0e9e410774:   00 4c 89 ef e8 d3 fd ff ff e9 6d ff ff ff 66 66
0x00007f0e9e410784:   2e 0f 1f 84 00 00 00 00 00 0f 1f 00 55 48 89 e5
0x00007f0e9e410794:   41 57 41 56 41 55 41 54 53 48 81 ec 08 02 00 00
0x00007f0e9e4107a4:   64 48 8b 04 25 28 00 00 00 48 89 45 c8 8b 07 83
0x00007f0e9e4107b4:   f8 02 0f 84 11 04 00 00 4c 8b 6f 18 49 89 ff 49
0x00007f0e9e4107c4:   89 f4 4d 85 ed 74 14 4c 89 ef e8 5d 57 22 00 41
0x00007f0e9e4107d4:   8b 07 83 f8 02 0f 84 19 04 00 00 48 8d 1d 9a 06
0x00007f0e9e4107e4:   8a 00 4c 8d 35 0b 3c 58 00 eb 38 90 48 85 d2 7f
0x00007f0e9e4107f4:   0d 48 8d 05 b4 c0 85 00 48 83 38 00 7e 0e 41 8b
0x00007f0e9e410804:   77 2c 4c 89 f7 31 c0 e8 a0 b2 f7 ff 49 8b 7f 18 


Stack slot to memory mapping:
stack at sp + 0 slots: 0x00007f0e7dd18940 is pointing into the stack for thread: 0x00007f0e980b21e0
stack at sp + 1 slots: 0x00007f0e980b21e0 is a thread
stack at sp + 2 slots: 0x00007f0e9c2318e0 points into unknown readable memory: 0x657300188c4dffff | ff ff 4d 8c 18 00 73 65
stack at sp + 3 slots: 0x0000000800c47580 is a pointer to class: 
jdk.vm.ci.services.Services {0x0000000800c47580}
 - instance size:     2
 - klass size:        65
 - access:            public final synchronized 
 - state:             fully_initialized
 - name:              'jdk/vm/ci/services/Services'
 - super:             'java/lang/Object'
 - sub:               
 - arrays:            NULL
 - methods:           Array<T>(0x00007f0e7e477558)
 - method ordering:   Array<T>(0x0000000800928960)
 - default_methods:   Array<T>(0x0000000000000000)
 - local interfaces:  Array<T>(0x00000008005ce810)
 - trans. interfaces: Array<T>(0x00000008005ce810)
 - constants:         constant pool [427] {0x00007f0e7e476638} for 'jdk/vm/ci/services/Services' cache=0x00007f0e7e478828
 - class loader data:  loader data: 0x00007f0e980283f0 of 'bootstrap'
 - source file:       'Services.java'
 - class annotations:       Array<T>(0x0000000000000000)
 - class type annotations:  Array<T>(0x0000000000000000)
 - field annotations:       Array<T>(0x0000000000000000)
 - field type annotations:  Array<T>(0x0000000000000000)
 - inner classes:     Array<T>(0x00007f0e7e4787f8)
 - nest members:     Array<T>(0x00007f0e7e478818)
 - permitted subclasses:     Array<T>(0x00000008005ce7a0)
 - java mirror:       a 'java/lang/Class'{0x00000000e02a39e8} = 'jdk/vm/ci/services/Services'
 - vtable length      5  (start addr: 0x0000000800c47750)
 - itable length      2 (start addr: 0x0000000800c47778)
 - ---- static fields (3 words):
 - public static final 'IS_BUILDING_NATIVE_IMAGE' 'Z' @128 
 - public static final 'IS_IN_NATIVE_IMAGE' 'Z' @129 
 - private static volatile 'savedProperties' 'Ljava/util/Map;' @112 
 - static final 'JVMCI_ENABLED' 'Z' @130 
 - private static final 'servicesCache' 'Ljava/util/Map;' @116 
 - private static final 'MAX_UNICODE_IN_UTF8_LENGTH' 'I' @120 
 - private static final 'MAX_UTF8_PROPERTY_STRING_LENGTH' 'I' @124 
 - ---- non-static fields (0 words):
 - non-static oop maps: 
stack at sp + 4 slots: 0x00007f0e7dd18500 is pointing into the stack for thread: 0x00007f0e980b21e0
stack at sp + 5 slots: 0x00007f0e9e3dc2fe: <offset 0x000000000093e2fe> in /nix/store/gpxl5qgg8kicmcvivwmybwjlpf7wh20l-graalvm17-ce-22.3.0/lib/server/libjvm.so at 0x00007f0e9da9e000
stack at sp + 6 slots: 0x00007f0e7dd183e0 is pointing into the stack for thread: 0x00007f0e980b21e0
stack at sp + 7 slots: 0x00007f0e7dd18440 is pointing into the stack for thread: 0x00007f0e980b21e0


---------------  P R O C E S S  ---------------

Threads class SMR info:
_java_thread_list=0x00007f0e340ce1c0, length=29, elements={
0x00007f0e98026690, 0x00007f0e980a64d0, 0x00007f0e980a7910, 0x00007f0e980ae050,
0x00007f0e980af400, 0x00007f0e980b07f0, 0x00007f0e980b21e0, 0x00007f0e980b36f0,
0x00007f0e980b4b40, 0x00007f0e980d8040, 0x00007f0e9811fe20, 0x00007f0e98324f20,
0x00007f0e98329540, 0x00007f0e2c032ee0, 0x00007f0e2c435260, 0x00007f0e2c4bcbd0,
0x00007f0e2c664e80, 0x00007f0e2c8061e0, 0x00007f0e98341600, 0x00007f0e983ffcc0,
0x00007f0e1c013c00, 0x000055cca1eba270, 0x00007f0e241bc060, 0x00007f0e241a57d0,
0x00007f0e241206f0, 0x00007f0e241879d0, 0x00007f0e24189290, 0x00007f0e24174150,
0x00007f0e24175e60
}

Java Threads: ( => current thread )
  0x00007f0e98026690 JavaThread "main" [_thread_blocked, id=10489, stack(0x00007f0e9d8b9000,0x00007f0e9d9b9000)]
  0x00007f0e980a64d0 JavaThread "Reference Handler" daemon [_thread_blocked, id=10493, stack(0x00007f0e7ecdc000,0x00007f0e7eddc000)]
  0x00007f0e980a7910 JavaThread "Finalizer" daemon [_thread_blocked, id=10494, stack(0x00007f0e7e300000,0x00007f0e7e400000)]
  0x00007f0e980ae050 JavaThread "Signal Dispatcher" daemon [_thread_blocked, id=10495, stack(0x00007f0e7df1a000,0x00007f0e7e01a000)]
  0x00007f0e980af400 JavaThread "Service Thread" daemon [_thread_blocked, id=10496, stack(0x00007f0e7de1a000,0x00007f0e7df1a000)]
  0x00007f0e980b07f0 JavaThread "Monitor Deflation Thread" daemon [_thread_blocked, id=10497, stack(0x00007f0e7dd1a000,0x00007f0e7de1a000)]
=>0x00007f0e980b21e0 JavaThread "JVMCI-native CompilerThread0" daemon [_thread_in_vm, id=10498, stack(0x00007f0e7db1a000,0x00007f0e7dd1a000)]
  0x00007f0e980b36f0 JavaThread "C1 CompilerThread0" daemon [_thread_blocked, id=10499, stack(0x00007f0e7d91a000,0x00007f0e7db1a000)]
  0x00007f0e980b4b40 JavaThread "Sweeper thread" daemon [_thread_blocked, id=10500, stack(0x00007f0e7d81a000,0x00007f0e7d91a000)]
  0x00007f0e980d8040 JavaThread "Common-Cleaner" daemon [_thread_blocked, id=10501, stack(0x00007f0e7d71a000,0x00007f0e7d81a000)]
  0x00007f0e9811fe20 JavaThread "Notification Thread" daemon [_thread_blocked, id=10502, stack(0x00007f0e7d61a000,0x00007f0e7d71a000)]
  0x00007f0e98324f20 JavaThread "Framework Event Dispatcher: Equinox Container: 54ef65b0-f20e-44da-b8ec-6f0fd89fbbc2" daemon [_thread_blocked, id=10515, stack(0x00007f0e7c000000,0x00007f0e7c100000)]
  0x00007f0e98329540 JavaThread "Start Level: Equinox Container: 54ef65b0-f20e-44da-b8ec-6f0fd89fbbc2" daemon [_thread_blocked, id=10516, stack(0x00007f0e45b00000,0x00007f0e45c00000)]
  0x00007f0e2c032ee0 JavaThread "SCR Component Actor" daemon [_thread_blocked, id=10520, stack(0x00007f0e45900000,0x00007f0e45a00000)]
  0x00007f0e2c435260 JavaThread "Worker-JM" [_thread_blocked, id=10535, stack(0x00007f0e45500000,0x00007f0e45600000)]
  0x00007f0e2c4bcbd0 JavaThread "Worker-0: Java indexing... " [_thread_blocked, id=10536, stack(0x00007f0e45300000,0x00007f0e45400000)]
  0x00007f0e2c664e80 JavaThread "Java indexing" daemon [_thread_blocked, id=10539, stack(0x00007f0e44d00000,0x00007f0e44e00000)]
  0x00007f0e2c8061e0 JavaThread "Bundle File Closer" daemon [_thread_blocked, id=10548, stack(0x00007f0e44b00000,0x00007f0e44c00000)]
  0x00007f0e98341600 JavaThread "pool-3-thread-1" [_thread_blocked, id=10550, stack(0x00007f0e44900000,0x00007f0e44a00000)]
  0x00007f0e983ffcc0 JavaThread "pool-2-thread-1" [_thread_blocked, id=10558, stack(0x00007f0e45700000,0x00007f0e45800000)]
  0x00007f0e1c013c00 JavaThread "Worker-3: Periodic workspace save." [_thread_blocked, id=10559, stack(0x00007f0e44700000,0x00007f0e44800000)]
  0x000055cca1eba270 JavaThread "Worker-4: Compacting resource model" [_thread_blocked, id=10599, stack(0x00007f0e44500000,0x00007f0e44600000)]
  0x00007f0e241bc060 JavaThread "Thread-2" [_thread_blocked, id=10642, stack(0x00007f0e45800000,0x00007f0e45900000)]
  0x00007f0e241a57d0 JavaThread "Thread-4" [_thread_blocked, id=10644, stack(0x00007f0e44c00000,0x00007f0e44d00000)]
  0x00007f0e241206f0 JavaThread "Thread-7" [_thread_blocked, id=10663, stack(0x00007f0e45400000,0x00007f0e45500000)]
  0x00007f0e241879d0 JavaThread "Thread-11" [_thread_blocked, id=10699, stack(0x00007f0e45000000,0x00007f0e45100000)]
  0x00007f0e24189290 JavaThread "Thread-29" [_thread_blocked, id=10749, stack(0x00007f0e45200000,0x00007f0e45300000)]
  0x00007f0e24174150 JavaThread "Thread-37" [_thread_blocked, id=11449, stack(0x00007f0e44f00000,0x00007f0e45000000)]
  0x00007f0e24175e60 JavaThread "Thread-43" [_thread_blocked, id=13737, stack(0x00007f0e7c100000,0x00007f0e7c200000)]

Other Threads:
  0x00007f0e980a1c10 VMThread "VM Thread" [stack: 0x00007f0e7edde000,0x00007f0e7eede000] [id=10492] _threads_hazard_ptr=0x00007f0e340ce1c0
  0x00007f0e981217c0 WatcherThread [stack: 0x00007f0e7d51a000,0x00007f0e7d61a000] [id=10503]
  0x00007f0e9803df30 GCTaskThread "GC Thread#0" [stack: 0x00007f0e9d47c000,0x00007f0e9d57c000] [id=10491]

Threads with active compile tasks:
JVMCI-native CompilerThread0  2058337 9948   !   4       org.eclipse.jdt.ls.core.internal.CancellableProgressMonitor::isCanceled (33 bytes)

VM state: synchronizing (normal execution)

VM Mutex/Monitor currently owned by a thread:  ([mutex/lock_event])
[0x00007f0e98023840] Threads_lock - owner thread: 0x00007f0e980a1c10
[0x00007f0e98023ff0] Heap_lock - owner thread: 0x00007f0e1c013c00

OutOfMemory and StackOverflow Exception counts:
OutOfMemoryError java_heap_errors=28
LinkageErrors=54

Heap address: 0x00000000e0000000, size: 512 MB, Compressed Oops mode: 32-bit

CDS archive(s) mapped at: [0x0000000800000000-0x0000000800bc8000-0x0000000800bc8000), size 12353536, SharedBaseAddress: 0x0000000800000000, ArchiveRelocationMode: 0.
Compressed class space mapped at: 0x0000000800c00000-0x0000000840c00000, reserved size: 1073741824
Narrow klass base: 0x0000000800000000, Narrow klass shift: 0, Narrow klass range: 0x100000000

GC Precious Log:
 CPUs: 4 total, 1 available
 Memory: 1024M
 Large Page Support: Disabled
 NUMA Support: Disabled
 Compressed Oops: Enabled (32-bit)
 Alignments: Space 512K, Generation 512K, Heap 2M
 Heap Min Capacity: 100M
 Heap Initial Capacity: 100M
 Heap Max Capacity: 512M
 Pre-touch: Disabled
 Parallel Workers: 1

Heap:
 PSYoungGen      total 81408K, used 55808K [0x00000000f5580000, 0x00000000fbf80000, 0x0000000100000000)
  eden space 55808K, 100% used [0x00000000f5580000,0x00000000f8c00000,0x00000000f8c00000)
  from space 25600K, 0% used [0x00000000f8c00000,0x00000000f8c00000,0x00000000fa500000)
  to   space 25088K, 0% used [0x00000000fa580000,0x00000000fa580000,0x00000000fbe00000)
 ParOldGen       total 349696K, used 349693K [0x00000000e0000000, 0x00000000f5580000, 0x00000000f5580000)
  object space 349696K, 99% used [0x00000000e0000000,0x00000000f557f790,0x00000000f5580000)
 Metaspace       used 58009K, committed 59008K, reserved 1105920K
  class space    used 5435K, committed 5888K, reserved 1048576K

Card table byte_map: [0x00007f0e9d57c000,0x00007f0e9d67d000] _byte_map_base: 0x00007f0e9ce7c000

Marking Bits: (ParMarkBitMap*) 0x00007f0e9eccc4c0
 Begin Bits: [0x00007f0e9c3cf000, 0x00007f0e9cbcf000)
 End Bits:   [0x00007f0e9cbcf000, 0x00007f0e9d3cf000)

Polling page: 0x00007f0e9d896000

Metaspace:

Usage:
  Non-class:     51.34 MB used.
      Class:      5.31 MB used.
       Both:     56.65 MB used.

Virtual space:
  Non-class space:       56.00 MB reserved,      51.88 MB ( 93%) committed,  7 nodes.
      Class space:        1.00 GB reserved,       5.75 MB ( <1%) committed,  1 nodes.
             Both:        1.05 GB reserved,      57.62 MB (  5%) committed. 

Chunk freelists:
   Non-Class:  182.00 KB
       Class:  2.27 MB
        Both:  2.45 MB

MaxMetaspaceSize: unlimited
CompressedClassSpaceSize: 1.00 GB
Initial GC threshold: 21.00 MB
Current GC threshold: 95.88 MB
CDS: on
MetaspaceReclaimPolicy: balanced
 - commit_granule_bytes: 65536.
 - commit_granule_words: 8192.
 - virtual_space_node_default_size: 1048576.
 - enlarge_chunks_in_place: 1.
 - new_chunks_are_fully_committed: 0.
 - uncommit_free_chunks: 1.
 - use_allocation_guard: 0.
 - handle_deallocations: 1.


Internal statistics:

num_allocs_failed_limit: 6.
num_arena_births: 456.
num_arena_deaths: 132.
num_vsnodes_births: 8.
num_vsnodes_deaths: 0.
num_space_committed: 921.
num_space_uncommitted: 0.
num_chunks_returned_to_freelist: 184.
num_chunks_taken_from_freelist: 2890.
num_chunk_merges: 81.
num_chunk_splits: 1874.
num_chunks_enlarged: 1173.
num_purges: 2.
num_inconsistent_stats: 0.

CodeHeap 'non-profiled nmethods': size=120036Kb used=2571Kb max_used=2571Kb free=117464Kb
 bounds [0x00007f0e86f7a000, 0x00007f0e8720a000, 0x00007f0e8e4b3000]
CodeHeap 'profiled nmethods': size=120032Kb used=18253Kb max_used=20414Kb free=101778Kb
 bounds [0x00007f0e7fa42000, 0x00007f0e80e32000, 0x00007f0e86f7a000]
CodeHeap 'non-nmethods': size=5692Kb used=1370Kb max_used=1375Kb free=4321Kb
 bounds [0x00007f0e7f4b3000, 0x00007f0e7f723000, 0x00007f0e7fa42000]
 total_blobs=8077 nmethods=7366 adapters=589
 compilation: enabled
              stopped_count=0, restarted_count=0
 full_count=0

JVMCI Events (20 events):
Event: 1589.407 Thread 0x00007f0e980b21e0 attached to JVMCI runtime 0
Event: 1589.408 Thread 0x00007f0e980b21e0 created JavaVM[11]@0x00007f0e43e9e340 for JVMCI runtime 0
Event: 1590.798 Thread 0x00007f0e980b21e0 initializing JVMCI runtime 0
Event: 1590.798 Thread 0x00007f0e980b21e0 done waiting for JavaVM references initialization in JVMCI runtime 0
Event: 1700.831 Thread 0x00007f0e980b21e0 initialized JVMCI runtime 0
Event: 1723.798 Thread 0x00007f0e980b21e0 compacted oop handles in JVMCI runtime 0 from 48 to 45
Event: 1764.094 Thread 0x00007f0e980b21e0 compacted oop handles in JVMCI runtime 0 from 96 to 86
Event: 1764.095 Thread 0x00007f0e980b21e0 compacted oop handles in JVMCI runtime 0 from 87 to 71
Event: 1776.706 Thread 0x00007f0e980b21e0 compacted oop handles in JVMCI runtime 0 from 85 to 84
Event: 1807.288 Thread 0x00007f0e980b21e0 detaching from JVMCI runtime 0: releasing idle compiler thread (0 other threads still attached)
Event: 1807.288 Thread 0x00007f0e980b21e0 shutting down HotSpotJVMCIRuntime for JVMCI runtime 0
Event: 1807.288 Thread 0x00007f0e980b21e0 shut down JVMCI runtime 0
Event: 1807.293 Thread 0x00007f0e980b21e0 destroyed JavaVM[11]@0x00007f0e43e9e340 for JVMCI runtime 0
Event: 1807.293 Thread 0x00007f0e980b21e0 compacted oop handles in JVMCI runtime 0 from 88 to 88
Event: 1807.293 Thread 0x00007f0e980b21e0 releasing handles for JVMCI runtime 0: oop handles=88, metadata handles={total=224, live=209, blocks=56}
Event: 1807.293 Thread 0x00007f0e980b21e0 detached from JVMCI runtime 0
Event: 2034.727 Thread 0x00007f0e980b21e0 attached to JVMCI runtime 0
Event: 2034.729 Thread 0x00007f0e980b21e0 created JavaVM[12]@0x00007f0e43e9e340 for JVMCI runtime 0
Event: 2036.260 Thread 0x00007f0e980b21e0 initializing JVMCI runtime 0
Event: 2036.260 Thread 0x00007f0e980b21e0 done waiting for JavaVM references initialization in JVMCI runtime 0

Compilation events (20 events):
Event: 1723.798 Thread 0x00007f0e980b21e0 nmethod 9930% 0x00007f0e871f7090 code [0x00007f0e871f7240, 0x00007f0e871f75b0]
Event: 1723.798 Thread 0x00007f0e980b21e0 9937       4       org.eclipse.jdt.internal.compiler.parser.Parser::consumeToken (2275 bytes)
Event: 1764.094 Thread 0x00007f0e980b21e0 nmethod 9937 0x00007f0e871f7c10 code [0x00007f0e871f7fc0, 0x00007f0e871f93b0]
Event: 1764.095 Thread 0x00007f0e980b21e0 9942       4       java.net.URI$Parser::scan (76 bytes)
Event: 1774.327 Thread 0x00007f0e980b21e0 nmethod 9942 0x00007f0e871fa610 code [0x00007f0e871fa7a0, 0x00007f0e871fab10]
Event: 1774.327 Thread 0x00007f0e980b21e0 9936  s    4       org.eclipse.core.internal.watson.ElementTree::getElementData (61 bytes)
Event: 1776.706 Thread 0x00007f0e980b21e0 nmethod 9936 0x00007f0e871fad90 code [0x00007f0e871faf20, 0x00007f0e871fb290]
Event: 1776.706 Thread 0x00007f0e980b21e0 9933       4       org.eclipse.jdt.internal.codeassist.impl.AssistParser::consumeToken (324 bytes)
Event: 1800.099 Thread 0x00007f0e980b21e0 nmethod 9933 0x00007f0e871fb510 code [0x00007f0e871fb6e0, 0x00007f0e871fbfe0]
Event: 1800.099 Thread 0x00007f0e980b21e0 9943       4       java.util.LinkedList::get (14 bytes)
Event: 1800.099 Thread 0x00007f0e980b36f0 9944       3       java.io.DataOutputStream::writeInt (62 bytes)
Event: 1800.100 Thread 0x00007f0e980b36f0 nmethod 9944 0x00007f0e7fe8c210 code [0x00007f0e7fe8c3e0, 0x00007f0e7fe8c880]
Event: 1805.221 Thread 0x00007f0e980b21e0 nmethod 9943 0x00007f0e871fc790 code [0x00007f0e871fc900, 0x00007f0e871fc9e0]
Event: 1896.281 Thread 0x00007f0e980b36f0 9945       3       org.eclipse.jdt.internal.core.JavaModelManager$VariablesAndContainersSaveHelper::saveInt (9 bytes)
Event: 1896.281 Thread 0x00007f0e980b36f0 nmethod 9945 0x00007f0e8086ec10 code [0x00007f0e8086edc0, 0x00007f0e8086ef00]
Event: 1896.281 Thread 0x00007f0e980b36f0 9946       1       org.eclipse.jdt.internal.compiler.util.HashtableOfObjectToInt::size (5 bytes)
Event: 1896.281 Thread 0x00007f0e980b36f0 nmethod 9946 0x00007f0e871fcb10 code [0x00007f0e871fcca0, 0x00007f0e871fcd70]
Event: 1953.122 Thread 0x00007f0e980b36f0 9947       3       java.util.concurrent.ScheduledThreadPoolExecutor$ScheduledFutureTask::getDelay (16 bytes)
Event: 1954.425 Thread 0x00007f0e980b36f0 nmethod 9947 0x00007f0e808d1490 code [0x00007f0e808d1640, 0x00007f0e808d17c0]
Event: 2034.727 Thread 0x00007f0e980b21e0 9948   !   4       org.eclipse.jdt.ls.core.internal.CancellableProgressMonitor::isCanceled (33 bytes)

GC Heap History (20 events):
Event: 2041.985 GC heap before
{Heap before GC invocations=1393 (full 1308):
 PSYoungGen      total 81408K, used 55808K [0x00000000f5580000, 0x00000000fbf80000, 0x0000000100000000)
  eden space 55808K, 100% used [0x00000000f5580000,0x00000000f8c00000,0x00000000f8c00000)
  from space 25600K, 0% used [0x00000000f8c00000,0x00000000f8c00000,0x00000000fa500000)
  to   space 25088K, 0% used [0x00000000fa580000,0x00000000fa580000,0x00000000fbe00000)
 ParOldGen       total 349696K, used 349687K [0x00000000e0000000, 0x00000000f5580000, 0x00000000f5580000)
  object space 349696K, 99% used [0x00000000e0000000,0x00000000f557dd28,0x00000000f5580000)
 Metaspace       used 58009K, committed 59008K, reserved 1105920K
  class space    used 5435K, committed 5888K, reserved 1048576K
}
Event: 2043.223 GC heap after
{Heap after GC invocations=1393 (full 1308):
 PSYoungGen      total 80896K, used 55807K [0x00000000f5580000, 0x00000000fbf80000, 0x0000000100000000)
  eden space 55808K, 99% used [0x00000000f5580000,0x00000000f8bfffe8,0x00000000f8c00000)
  from space 25088K, 0% used [0x00000000fa580000,0x00000000fa580000,0x00000000fbe00000)
  to   space 25600K, 0% used [0x00000000f8c00000,0x00000000f8c00000,0x00000000fa500000)
 ParOldGen       total 349696K, used 349687K [0x00000000e0000000, 0x00000000f5580000, 0x00000000f5580000)
  object space 349696K, 99% used [0x00000000e0000000,0x00000000f557dd28,0x00000000f5580000)
 Metaspace       used 58009K, committed 59008K, reserved 1105920K
  class space    used 5435K, committed 5888K, reserved 1048576K
}
Event: 2043.225 GC heap before
{Heap before GC invocations=1394 (full 1309):
 PSYoungGen      total 80896K, used 55808K [0x00000000f5580000, 0x00000000fbf80000, 0x0000000100000000)
  eden space 55808K, 100% used [0x00000000f5580000,0x00000000f8c00000,0x00000000f8c00000)
  from space 25088K, 0% used [0x00000000fa580000,0x00000000fa580000,0x00000000fbe00000)
  to   space 25600K, 0% used [0x00000000f8c00000,0x00000000f8c00000,0x00000000fa500000)
 ParOldGen       total 349696K, used 349687K [0x00000000e0000000, 0x00000000f5580000, 0x00000000f5580000)
  object space 349696K, 99% used [0x00000000e0000000,0x00000000f557dd28,0x00000000f5580000)
 Metaspace       used 58009K, committed 59008K, reserved 1105920K
  class space    used 5435K, committed 5888K, reserved 1048576K
}
Event: 2044.497 GC heap after
{Heap after GC invocations=1394 (full 1309):
 PSYoungGen      total 81408K, used 55808K [0x00000000f5580000, 0x00000000fbf80000, 0x0000000100000000)
  eden space 55808K, 100% used [0x00000000f5580000,0x00000000f8c00000,0x00000000f8c00000)
  from space 25600K, 0% used [0x00000000f8c00000,0x00000000f8c00000,0x00000000fa500000)
  to   space 25088K, 0% used [0x00000000fa580000,0x00000000fa580000,0x00000000fbe00000)
 ParOldGen       total 349696K, used 349687K [0x00000000e0000000, 0x00000000f5580000, 0x00000000f5580000)
  object space 349696K, 99% used [0x00000000e0000000,0x00000000f557dd28,0x00000000f5580000)
 Metaspace       used 58009K, committed 59008K, reserved 1105920K
  class space    used 5435K, committed 5888K, reserved 1048576K
}
Event: 2044.499 GC heap before
{Heap before GC invocations=1395 (full 1310):
 PSYoungGen      total 81408K, used 55808K [0x00000000f5580000, 0x00000000fbf80000, 0x0000000100000000)
  eden space 55808K, 100% used [0x00000000f5580000,0x00000000f8c00000,0x00000000f8c00000)
  from space 25600K, 0% used [0x00000000f8c00000,0x00000000f8c00000,0x00000000fa500000)
  to   space 25088K, 0% used [0x00000000fa580000,0x00000000fa580000,0x00000000fbe00000)
 ParOldGen       total 349696K, used 349689K [0x00000000e0000000, 0x00000000f5580000, 0x00000000f5580000)
  object space 349696K, 99% used [0x00000000e0000000,0x00000000f557e418,0x00000000f5580000)
 Metaspace       used 58009K, committed 59008K, reserved 1105920K
  class space    used 5435K, committed 5888K, reserved 1048576K
}
Event: 2045.991 GC heap after
{Heap after GC invocations=1395 (full 1310):
 PSYoungGen      total 80896K, used 55807K [0x00000000f5580000, 0x00000000fbf80000, 0x0000000100000000)
  eden space 55808K, 99% used [0x00000000f5580000,0x00000000f8bfff10,0x00000000f8c00000)
  from space 25088K, 0% used [0x00000000fa580000,0x00000000fa580000,0x00000000fbe00000)
  to   space 25600K, 0% used [0x00000000f8c00000,0x00000000f8c00000,0x00000000fa500000)
 ParOldGen       total 349696K, used 349689K [0x00000000e0000000, 0x00000000f5580000, 0x00000000f5580000)
  object space 349696K, 99% used [0x00000000e0000000,0x00000000f557e418,0x00000000f5580000)
 Metaspace       used 58009K, committed 59008K, reserved 1105920K
  class space    used 5435K, committed 5888K, reserved 1048576K
}
Event: 2045.992 GC heap before
{Heap before GC invocations=1396 (full 1311):
 PSYoungGen      total 80896K, used 55808K [0x00000000f5580000, 0x00000000fbf80000, 0x0000000100000000)
  eden space 55808K, 100% used [0x00000000f5580000,0x00000000f8c00000,0x00000000f8c00000)
  from space 25088K, 0% used [0x00000000fa580000,0x00000000fa580000,0x00000000fbe00000)
  to   space 25600K, 0% used [0x00000000f8c00000,0x00000000f8c00000,0x00000000fa500000)
 ParOldGen       total 349696K, used 349693K [0x00000000e0000000, 0x00000000f5580000, 0x00000000f5580000)
  object space 349696K, 99% used [0x00000000e0000000,0x00000000f557f430,0x00000000f5580000)
 Metaspace       used 58009K, committed 59008K, reserved 1105920K
  class space    used 5435K, committed 5888K, reserved 1048576K
}
Event: 2047.624 GC heap after
{Heap after GC invocations=1396 (full 1311):
 PSYoungGen      total 81408K, used 55806K [0x00000000f5580000, 0x00000000fbf80000, 0x0000000100000000)
  eden space 55808K, 99% used [0x00000000f5580000,0x00000000f8bffb08,0x00000000f8c00000)
  from space 25600K, 0% used [0x00000000f8c00000,0x00000000f8c00000,0x00000000fa500000)
  to   space 25088K, 0% used [0x00000000fa580000,0x00000000fa580000,0x00000000fbe00000)
 ParOldGen       total 349696K, used 349693K [0x00000000e0000000, 0x00000000f5580000, 0x00000000f5580000)
  object space 349696K, 99% used [0x00000000e0000000,0x00000000f557f430,0x00000000f5580000)
 Metaspace       used 58009K, committed 59008K, reserved 1105920K
  class space    used 5435K, committed 5888K, reserved 1048576K
}
Event: 2047.626 GC heap before
{Heap before GC invocations=1397 (full 1312):
 PSYoungGen      total 81408K, used 55807K [0x00000000f5580000, 0x00000000fbf80000, 0x0000000100000000)
  eden space 55808K, 99% used [0x00000000f5580000,0x00000000f8bffff0,0x00000000f8c00000)
  from space 25600K, 0% used [0x00000000f8c00000,0x00000000f8c00000,0x00000000fa500000)
  to   space 25088K, 0% used [0x00000000fa580000,0x00000000fa580000,0x00000000fbe00000)
 ParOldGen       total 349696K, used 349693K [0x00000000e0000000, 0x00000000f5580000, 0x00000000f5580000)
  object space 349696K, 99% used [0x00000000e0000000,0x00000000f557f430,0x00000000f5580000)
 Metaspace       used 58009K, committed 59008K, reserved 1105920K
  class space    used 5435K, committed 5888K, reserved 1048576K
}
Event: 2049.214 GC heap after
{Heap after GC invocations=1397 (full 1312):
 PSYoungGen      total 80896K, used 55807K [0x00000000f5580000, 0x00000000fbf80000, 0x0000000100000000)
  eden space 55808K, 99% used [0x00000000f5580000,0x00000000f8bffee0,0x00000000f8c00000)
  from space 25088K, 0% used [0x00000000fa580000,0x00000000fa580000,0x00000000fbe00000)
  to   space 25600K, 0% used [0x00000000f8c00000,0x00000000f8c00000,0x00000000fa500000)
 ParOldGen       total 349696K, used 349693K [0x00000000e0000000, 0x00000000f5580000, 0x00000000f5580000)
  object space 349696K, 99% used [0x00000000e0000000,0x00000000f557f430,0x00000000f5580000)
 Metaspace       used 58009K, committed 59008K, reserved 1105920K
  class space    used 5435K, committed 5888K, reserved 1048576K
}
Event: 2049.225 GC heap before
{Heap before GC invocations=1398 (full 1313):
 PSYoungGen      total 80896K, used 55808K [0x00000000f5580000, 0x00000000fbf80000, 0x0000000100000000)
  eden space 55808K, 100% used [0x00000000f5580000,0x00000000f8c00000,0x00000000f8c00000)
  from space 25088K, 0% used [0x00000000fa580000,0x00000000fa580000,0x00000000fbe00000)
  to   space 25600K, 0% used [0x00000000f8c00000,0x00000000f8c00000,0x00000000fa500000)
 ParOldGen       total 349696K, used 349693K [0x00000000e0000000, 0x00000000f5580000, 0x00000000f5580000)
  object space 349696K, 99% used [0x00000000e0000000,0x00000000f557f430,0x00000000f5580000)
 Metaspace       used 58009K, committed 59008K, reserved 1105920K
  class space    used 5435K, committed 5888K, reserved 1048576K
}
Event: 2051.447 GC heap after
{Heap after GC invocations=1398 (full 1313):
 PSYoungGen      total 81408K, used 55808K [0x00000000f5580000, 0x00000000fbf80000, 0x0000000100000000)
  eden space 55808K, 100% used [0x00000000f5580000,0x00000000f8c00000,0x00000000f8c00000)
  from space 25600K, 0% used [0x00000000f8c00000,0x00000000f8c00000,0x00000000fa500000)
  to   space 25088K, 0% used [0x00000000fa580000,0x00000000fa580000,0x00000000fbe00000)
 ParOldGen       total 349696K, used 349693K [0x00000000e0000000, 0x00000000f5580000, 0x00000000f5580000)
  object space 349696K, 99% used [0x00000000e0000000,0x00000000f557f430,0x00000000f5580000)
 Metaspace       used 58009K, committed 59008K, reserved 1105920K
  class space    used 5435K, committed 5888K, reserved 1048576K
}
Event: 2051.456 GC heap before
{Heap before GC invocations=1399 (full 1314):
 PSYoungGen      total 81408K, used 55808K [0x00000000f5580000, 0x00000000fbf80000, 0x0000000100000000)
  eden space 55808K, 100% used [0x00000000f5580000,0x00000000f8c00000,0x00000000f8c00000)
  from space 25600K, 0% used [0x00000000f8c00000,0x00000000f8c00000,0x00000000fa500000)
  to   space 25088K, 0% used [0x00000000fa580000,0x00000000fa580000,0x00000000fbe00000)
 ParOldGen       total 349696K, used 349694K [0x00000000e0000000, 0x00000000f5580000, 0x00000000f5580000)
  object space 349696K, 99% used [0x00000000e0000000,0x00000000f557f918,0x00000000f5580000)
 Metaspace       used 58009K, committed 59008K, reserved 1105920K
  class space    used 5435K, committed 5888K, reserved 1048576K
}
Event: 2052.990 GC heap after
{Heap after GC invocations=1399 (full 1314):
 PSYoungGen      total 80896K, used 55808K [0x00000000f5580000, 0x00000000fbf80000, 0x0000000100000000)
  eden space 55808K, 100% used [0x00000000f5580000,0x00000000f8c00000,0x00000000f8c00000)
  from space 25088K, 0% used [0x00000000fa580000,0x00000000fa580000,0x00000000fbe00000)
  to   space 25600K, 0% used [0x00000000f8c00000,0x00000000f8c00000,0x00000000fa500000)
 ParOldGen       total 349696K, used 349693K [0x00000000e0000000, 0x00000000f5580000, 0x00000000f5580000)
  object space 349696K, 99% used [0x00000000e0000000,0x00000000f557f778,0x00000000f5580000)
 Metaspace       used 58009K, committed 59008K, reserved 1105920K
  class space    used 5435K, committed 5888K, reserved 1048576K
}
Event: 2052.990 GC heap before
{Heap before GC invocations=1400 (full 1315):
 PSYoungGen      total 80896K, used 55808K [0x00000000f5580000, 0x00000000fbf80000, 0x0000000100000000)
  eden space 55808K, 100% used [0x00000000f5580000,0x00000000f8c00000,0x00000000f8c00000)
  from space 25088K, 0% used [0x00000000fa580000,0x00000000fa580000,0x00000000fbe00000)
  to   space 25600K, 0% used [0x00000000f8c00000,0x00000000f8c00000,0x00000000fa500000)
 ParOldGen       total 349696K, used 349693K [0x00000000e0000000, 0x00000000f5580000, 0x00000000f5580000)
  object space 349696K, 99% used [0x00000000e0000000,0x00000000f557f778,0x00000000f5580000)
 Metaspace       used 58009K, committed 59008K, reserved 1105920K
  class space    used 5435K, committed 5888K, reserved 1048576K
}
Event: 2054.796 GC heap after
{Heap after GC invocations=1400 (full 1315):
 PSYoungGen      total 81408K, used 55808K [0x00000000f5580000, 0x00000000fbf80000, 0x0000000100000000)
  eden space 55808K, 100% used [0x00000000f5580000,0x00000000f8c00000,0x00000000f8c00000)
  from space 25600K, 0% used [0x00000000f8c00000,0x00000000f8c00000,0x00000000fa500000)
  to   space 25088K, 0% used [0x00000000fa580000,0x00000000fa580000,0x00000000fbe00000)
 ParOldGen       total 349696K, used 349693K [0x00000000e0000000, 0x00000000f5580000, 0x00000000f5580000)
  object space 349696K, 99% used [0x00000000e0000000,0x00000000f557f778,0x00000000f5580000)
 Metaspace       used 58009K, committed 59008K, reserved 1105920K
  class space    used 5435K, committed 5888K, reserved 1048576K
}
Event: 2054.802 GC heap before
{Heap before GC invocations=1401 (full 1316):
 PSYoungGen      total 81408K, used 55808K [0x00000000f5580000, 0x00000000fbf80000, 0x0000000100000000)
  eden space 55808K, 100% used [0x00000000f5580000,0x00000000f8c00000,0x00000000f8c00000)
  from space 25600K, 0% used [0x00000000f8c00000,0x00000000f8c00000,0x00000000fa500000)
  to   space 25088K, 0% used [0x00000000fa580000,0x00000000fa580000,0x00000000fbe00000)
 ParOldGen       total 349696K, used 349693K [0x00000000e0000000, 0x00000000f5580000, 0x00000000f5580000)
  object space 349696K, 99% used [0x00000000e0000000,0x00000000f557f778,0x00000000f5580000)
 Metaspace       used 58009K, committed 59008K, reserved 1105920K
  class space    used 5435K, committed 5888K, reserved 1048576K
}
Event: 2056.823 GC heap after
{Heap after GC invocations=1401 (full 1316):
 PSYoungGen      total 80896K, used 55808K [0x00000000f5580000, 0x00000000fbf80000, 0x0000000100000000)
  eden space 55808K, 100% used [0x00000000f5580000,0x00000000f8c00000,0x00000000f8c00000)
  from space 25088K, 0% used [0x00000000fa580000,0x00000000fa580000,0x00000000fbe00000)
  to   space 25600K, 0% used [0x00000000f8c00000,0x00000000f8c00000,0x00000000fa500000)
 ParOldGen       total 349696K, used 349693K [0x00000000e0000000, 0x00000000f5580000, 0x00000000f5580000)
  object space 349696K, 99% used [0x00000000e0000000,0x00000000f557f778,0x00000000f5580000)
 Metaspace       used 58009K, committed 59008K, reserved 1105920K
  class space    used 5435K, committed 5888K, reserved 1048576K
}
Event: 2056.823 GC heap before
{Heap before GC invocations=1402 (full 1317):
 PSYoungGen      total 80896K, used 55808K [0x00000000f5580000, 0x00000000fbf80000, 0x0000000100000000)
  eden space 55808K, 100% used [0x00000000f5580000,0x00000000f8c00000,0x00000000f8c00000)
  from space 25088K, 0% used [0x00000000fa580000,0x00000000fa580000,0x00000000fbe00000)
  to   space 25600K, 0% used [0x00000000f8c00000,0x00000000f8c00000,0x00000000fa500000)
 ParOldGen       total 349696K, used 349693K [0x00000000e0000000, 0x00000000f5580000, 0x00000000f5580000)
  object space 349696K, 99% used [0x00000000e0000000,0x00000000f557f778,0x00000000f5580000)
 Metaspace       used 58009K, committed 59008K, reserved 1105920K
  class space    used 5435K, committed 5888K, reserved 1048576K
}
Event: 2058.245 GC heap after
{Heap after GC invocations=1402 (full 1317):
 PSYoungGen      total 81408K, used 55808K [0x00000000f5580000, 0x00000000fbf80000, 0x0000000100000000)
  eden space 55808K, 100% used [0x00000000f5580000,0x00000000f8c00000,0x00000000f8c00000)
  from space 25600K, 0% used [0x00000000f8c00000,0x00000000f8c00000,0x00000000fa500000)
  to   space 25088K, 0% used [0x00000000fa580000,0x00000000fa580000,0x00000000fbe00000)
 ParOldGen       total 349696K, used 349693K [0x00000000e0000000, 0x00000000f5580000, 0x00000000f5580000)
  object space 349696K, 99% used [0x00000000e0000000,0x00000000f557f778,0x00000000f5580000)
 Metaspace       used 58009K, committed 59008K, reserved 1105920K
  class space    used 5435K, committed 5888K, reserved 1048576K
}

Dll operation events (8 events):
Event: 0.082 Loaded shared library /nix/store/gpxl5qgg8kicmcvivwmybwjlpf7wh20l-graalvm17-ce-22.3.0/lib/libjava.so
Event: 0.167 Loaded shared library /nix/store/gpxl5qgg8kicmcvivwmybwjlpf7wh20l-graalvm17-ce-22.3.0/lib/libjsvml.so
Event: 0.404 Loaded shared library /nix/store/gpxl5qgg8kicmcvivwmybwjlpf7wh20l-graalvm17-ce-22.3.0/lib/libnio.so
Event: 0.416 Loaded shared library /nix/store/gpxl5qgg8kicmcvivwmybwjlpf7wh20l-graalvm17-ce-22.3.0/lib/libzip.so
Event: 0.432 Loaded shared library /nix/store/gpxl5qgg8kicmcvivwmybwjlpf7wh20l-graalvm17-ce-22.3.0/lib/libjvmcicompiler.so
Event: 0.847 Loaded shared library /nix/store/gpxl5qgg8kicmcvivwmybwjlpf7wh20l-graalvm17-ce-22.3.0/lib/libjimage.so
Event: 2.692 Loaded shared library /nix/store/gpxl5qgg8kicmcvivwmybwjlpf7wh20l-graalvm17-ce-22.3.0/lib/libnet.so
Event: 3.897 Loaded shared library /home/runner/.cache/jdt-language-server/config/org.eclipse.equinox.launcher/org.eclipse.equinox.launcher.gtk.linux.x86_64_1.2.400.v20211117-0650/eclipse_11600.so

Deoptimization events (20 events):
Event: 1945.581 Thread 0x00007f0e1c013c00 Uncommon trap: trap_request=0xffffff8f fr.pc=0x00007f0e86fae899 relative=0x00000000000002f9
Event: 1945.581 Thread 0x00007f0e1c013c00 Uncommon trap: reason=constraint action=none pc=0x00007f0e86fae899 method=java.lang.String.substring(II)Ljava/lang/String; @ 22 jvmci
Event: 1948.120 Thread 0x00007f0e1c013c00 DEOPT PACKING pc=0x00007f0e86fae899 sp=0x00007f0e447fdc20
Event: 1948.120 Thread 0x00007f0e1c013c00 DEOPT UNPACKING pc=0x00007f0e7f505325 sp=0x00007f0e447fd0a0 mode 3
Event: 1964.492 Thread 0x00007f0e982ed790 Uncommon trap: trap_request=0xffffff8f fr.pc=0x00007f0e86fb8155 relative=0x0000000000000435
Event: 1964.492 Thread 0x00007f0e982ed790 Uncommon trap: reason=constraint action=none pc=0x00007f0e86fb8155 method=java.lang.StringBuilder.append(Ljava/lang/String;)Ljava/lang/StringBuilder; @ 0 jvmci
Event: 1966.916 Thread 0x00007f0e982ed790 DEOPT PACKING pc=0x00007f0e86fb8155 sp=0x00007f0e7c2fe7f0
Event: 1966.916 Thread 0x00007f0e982ed790 DEOPT UNPACKING pc=0x00007f0e7f505325 sp=0x00007f0e7c2fdcc8 mode 3
Event: 2009.638 Thread 0x00007f0e2c4bcbd0 Uncommon trap: trap_request=0xffffff8f fr.pc=0x00007f0e86fae8b5 relative=0x0000000000000315
Event: 2009.638 Thread 0x00007f0e2c4bcbd0 Uncommon trap: reason=constraint action=none pc=0x00007f0e86fae8b5 method=java.util.Arrays.copyOfRange([BII)[B @ 61 jvmci
Event: 2012.131 Thread 0x00007f0e2c435260 Uncommon trap: trap_request=0xffffff8f fr.pc=0x00007f0e87055a77 relative=0x00000000000000d7
Event: 2012.131 Thread 0x00007f0e2c435260 Uncommon trap: reason=constraint action=none pc=0x00007f0e87055a77 method=java.util.ArrayList.iterator()Ljava/util/Iterator; @ 0 jvmci
Event: 2014.911 Thread 0x00007f0e2c435260 DEOPT PACKING pc=0x00007f0e87055a77 sp=0x00007f0e455fe910
Event: 2014.911 Thread 0x00007f0e2c435260 DEOPT UNPACKING pc=0x00007f0e7f505325 sp=0x00007f0e455fddb8 mode 3
Event: 2016.292 Thread 0x00007f0e2c4bcbd0 DEOPT PACKING pc=0x00007f0e86fae8b5 sp=0x00007f0e453fdc90
Event: 2016.292 Thread 0x00007f0e2c4bcbd0 DEOPT UNPACKING pc=0x00007f0e7f505325 sp=0x00007f0e453fd010 mode 3
Event: 2054.802 Thread 0x00007f0e980b21e0 Uncommon trap: trap_request=0xffffff8f fr.pc=0x00007f0e87035d1b relative=0x000000000000017b
Event: 2054.802 Thread 0x00007f0e980b21e0 Uncommon trap: reason=constraint action=none pc=0x00007f0e87035d1b method=java.io.ByteArrayOutputStream.<init>(I)V @ 0 jvmci
Event: 2054.802 Thread 0x00007f0e980b21e0 DEOPT PACKING pc=0x00007f0e87035d1b sp=0x00007f0e7dd18020
Event: 2054.802 Thread 0x00007f0e980b21e0 DEOPT UNPACKING pc=0x00007f0e7f505325 sp=0x00007f0e7dd174c8 mode 3

Classes unloaded (20 events):
Event: 97.392 Thread 0x00007f0e980a1c10 Unloading class 0x0000000800d95400 'java/lang/invoke/LambdaForm$MH+0x0000000800d95400'
Event: 97.392 Thread 0x00007f0e980a1c10 Unloading class 0x0000000800d95000 'java/lang/invoke/LambdaForm$MH+0x0000000800d95000'
Event: 97.392 Thread 0x00007f0e980a1c10 Unloading class 0x0000000800d94c00 'java/lang/invoke/LambdaForm$MH+0x0000000800d94c00'
Event: 97.392 Thread 0x00007f0e980a1c10 Unloading class 0x0000000800d94800 'java/lang/invoke/LambdaForm$MH+0x0000000800d94800'
Event: 97.392 Thread 0x00007f0e980a1c10 Unloading class 0x0000000800d94400 'java/lang/invoke/LambdaForm$MH+0x0000000800d94400'
Event: 97.392 Thread 0x00007f0e980a1c10 Unloading class 0x0000000800d94000 'java/lang/invoke/LambdaForm$MH+0x0000000800d94000'
Event: 97.392 Thread 0x00007f0e980a1c10 Unloading class 0x0000000800cb2800 'java/lang/invoke/LambdaForm$MH+0x0000000800cb2800'
Event: 97.392 Thread 0x00007f0e980a1c10 Unloading class 0x0000000800cb2000 'java/lang/invoke/LambdaForm$MH+0x0000000800cb2000'
Event: 97.392 Thread 0x00007f0e980a1c10 Unloading class 0x0000000800cb1c00 'java/lang/invoke/LambdaForm$MH+0x0000000800cb1c00'
Event: 97.392 Thread 0x00007f0e980a1c10 Unloading class 0x0000000800cb1800 'java/lang/invoke/LambdaForm$MH+0x0000000800cb1800'
Event: 97.392 Thread 0x00007f0e980a1c10 Unloading class 0x0000000800cb1000 'java/lang/invoke/LambdaForm$MH+0x0000000800cb1000'
Event: 97.392 Thread 0x00007f0e980a1c10 Unloading class 0x0000000800cb0c00 'java/lang/invoke/LambdaForm$MH+0x0000000800cb0c00'
Event: 97.392 Thread 0x00007f0e980a1c10 Unloading class 0x0000000800cb0800 'java/lang/invoke/LambdaForm$MH+0x0000000800cb0800'
Event: 97.392 Thread 0x00007f0e980a1c10 Unloading class 0x0000000800cb0000 'java/lang/invoke/LambdaForm$MH+0x0000000800cb0000'
Event: 97.392 Thread 0x00007f0e980a1c10 Unloading class 0x0000000800c85000 'jdk/internal/reflect/GeneratedMethodAccessor5'
Event: 97.392 Thread 0x00007f0e980a1c10 Unloading class 0x0000000800c84c00 'jdk/internal/reflect/GeneratedMethodAccessor4'
Event: 97.392 Thread 0x00007f0e980a1c10 Unloading class 0x0000000800c84800 'jdk/internal/reflect/GeneratedMethodAccessor3'
Event: 97.392 Thread 0x00007f0e980a1c10 Unloading class 0x0000000800c84400 'jdk/internal/reflect/GeneratedMethodAccessor2'
Event: 97.392 Thread 0x00007f0e980a1c10 Unloading class 0x0000000800c84000 'jdk/internal/reflect/GeneratedMethodAccessor1'
Event: 97.392 Thread 0x00007f0e980a1c10 Unloading class 0x0000000800c01c00 'java/lang/invoke/LambdaForm$DMH+0x0000000800c01c00'

Classes redefined (0 events):
No events

Internal exceptions (20 events):
Event: 1943.110 Thread 0x00007f0e2c664e80 Exception <a 'java/lang/OutOfMemoryError'{0x00000000e00c7030}> (0x00000000e00c7030) 
thrown [src/hotspot/share/gc/shared/memAllocator.cpp, line 138]
Event: 1943.110 Thread 0x00007f0e2c664e80 Implicit null exception at 0x00007f0e871a1591 to 0x00007f0e871a1af4
Event: 1945.581 Thread 0x00007f0e1c013c00 Exception <a 'java/lang/OutOfMemoryError'{0x00000000e00c7030}> (0x00000000e00c7030) 
thrown [src/hotspot/share/gc/shared/memAllocator.cpp, line 138]
Event: 1945.581 Thread 0x00007f0e1c013c00 Implicit null exception at 0x00007f0e86fae7a6 to 0x00007f0e86fae87e
Event: 1948.120 Thread 0x00007f0e24187f50 Exception <a 'java/lang/OutOfMemoryError'{0x00000000e00c7350}> (0x00000000e00c7350) 
thrown [src/hotspot/share/gc/shared/memAllocator.cpp, line 136]
Event: 1948.120 Thread 0x00007f0e24187f50 Exception <a 'java/lang/OutOfMemoryError'{0x00000000e00c7350}: Could not initialize class java.util.logging.LogRecord$CallerFinder> (0x00000000e00c7350) 
thrown [src/hotspot/share/oops/instanceKlass.cpp, line 1079]
Event: 1953.122 Thread 0x00007f0e24187f50 Exception <a 'java/lang/OutOfMemoryError'{0x00000000e00c7350}> (0x00000000e00c7350) 
thrown [src/hotspot/share/gc/shared/memAllocator.cpp, line 136]
Event: 1960.893 Thread 0x00007f0e24177f40 Exception <a 'java/lang/OutOfMemoryError'{0x00000000e00c7350}> (0x00000000e00c7350) 
thrown [src/hotspot/share/gc/shared/memAllocator.cpp, line 136]
Event: 1964.492 Thread 0x00007f0e982ed790 Exception <a 'java/lang/OutOfMemoryError'{0x00000000e00c7030}> (0x00000000e00c7030) 
thrown [src/hotspot/share/gc/shared/memAllocator.cpp, line 138]
Event: 1964.492 Thread 0x00007f0e982ed790 Implicit null exception at 0x00007f0e86fb7ff8 to 0x00007f0e86fb813a
Event: 1966.916 Thread 0x00007f0e2c4bcbd0 Exception <a 'java/lang/OutOfMemoryError'{0x00000000e00c7350}> (0x00000000e00c7350) 
thrown [src/hotspot/share/gc/shared/memAllocator.cpp, line 136]
Event: 1971.912 Thread 0x00007f0e24177f40 Exception <a 'java/lang/OutOfMemoryError'{0x00000000e00c7350}> (0x00000000e00c7350) 
thrown [src/hotspot/share/gc/shared/memAllocator.cpp, line 136]
Event: 2009.638 Thread 0x00007f0e2c4bcbd0 Exception <a 'java/lang/OutOfMemoryError'{0x00000000e00c7030}> (0x00000000e00c7030) 
thrown [src/hotspot/share/gc/shared/memAllocator.cpp, line 138]
Event: 2009.638 Thread 0x00007f0e2c4bcbd0 Implicit null exception at 0x00007f0e86fae7c4 to 0x00007f0e86fae89a
Event: 2012.131 Thread 0x00007f0e2c435260 Exception <a 'java/lang/OutOfMemoryError'{0x00000000e00c7030}> (0x00000000e00c7030) 
thrown [src/hotspot/share/gc/shared/memAllocator.cpp, line 138]
Event: 2012.131 Thread 0x00007f0e2c435260 Implicit null exception at 0x00007f0e87055a58 to 0x00007f0e87055a5c
Event: 2014.911 Thread 0x00007f0e1c013c00 Exception <a 'java/lang/OutOfMemoryError'{0x00000000e00c7350}> (0x00000000e00c7350) 
thrown [src/hotspot/share/gc/shared/memAllocator.cpp, line 136]
Event: 2054.802 Thread 0x00007f0e980b21e0 Exception <a 'java/lang/OutOfMemoryError'{0x00000000e00c7030}> (0x00000000e00c7030) 
thrown [src/hotspot/share/gc/shared/memAllocator.cpp, line 138]
Event: 2054.802 Thread 0x00007f0e980b21e0 Implicit null exception at 0x00007f0e87035cd1 to 0x00007f0e87035d00
Event: 2058.246 Thread 0x00007f0e980b21e0 Exception <a 'java/lang/OutOfMemoryError'{0x00000000e00c7350}> (0x00000000e00c7350) 
thrown [src/hotspot/share/gc/shared/memAllocator.cpp, line 136]

VM Operations (20 events):
Event: 2040.689 Executing VM operation: ParallelGCFailedAllocation done
Event: 2040.689 Executing VM operation: ParallelGCFailedAllocation
Event: 2041.984 Executing VM operation: ParallelGCFailedAllocation done
Event: 2041.984 Executing VM operation: ParallelGCFailedAllocation
Event: 2043.224 Executing VM operation: ParallelGCFailedAllocation done
Event: 2043.224 Executing VM operation: ParallelGCFailedAllocation
Event: 2044.497 Executing VM operation: ParallelGCFailedAllocation done
Event: 2044.497 Executing VM operation: ParallelGCFailedAllocation
Event: 2045.991 Executing VM operation: ParallelGCFailedAllocation done
Event: 2045.991 Executing VM operation: ParallelGCFailedAllocation
Event: 2047.625 Executing VM operation: ParallelGCFailedAllocation done
Event: 2047.626 Executing VM operation: ParallelGCFailedAllocation
Event: 2049.214 Executing VM operation: ParallelGCFailedAllocation done
Event: 2049.214 Executing VM operation: ParallelGCFailedAllocation
Event: 2051.447 Executing VM operation: ParallelGCFailedAllocation done
Event: 2051.447 Executing VM operation: ParallelGCFailedAllocation
Event: 2054.802 Executing VM operation: ParallelGCFailedAllocation done
Event: 2054.802 Executing VM operation: ParallelGCFailedAllocation
Event: 2058.245 Executing VM operation: ParallelGCFailedAllocation done
Event: 2058.246 Executing VM operation: ParallelGCFailedAllocation

Events (20 events):
Event: 1432.404 loading class java/util/logging/ErrorManager done
Event: 1471.920 Thread 0x00007f0e24175e60 Thread added: 0x00007f0e24175e60
Event: 1471.920 Protecting memory [0x00007f0e7c100000,0x00007f0e7c104000] with protection modes 0
Event: 1585.102 loading class java/util/logging/Handler$1
Event: 1589.407 loading class java/util/logging/Handler$1 done
Event: 1589.407 loading class java/util/logging/StreamHandler$1
Event: 1624.000 loading class java/util/logging/StreamHandler$1 done
Event: 1710.519 loading class java/util/logging/LogManager$CloseOnReset
Event: 1738.234 loading class java/util/logging/LogManager$CloseOnReset done
Event: 1766.731 loading class java/time/ZonedDateTime
Event: 1766.733 loading class java/time/chrono/ChronoZonedDateTime
Event: 1842.399 loading class java/time/chrono/ChronoZonedDateTime done
Event: 1880.484 loading class java/time/ZonedDateTime done
Event: 1893.728 loading class java/util/logging/LogRecord$CallerFinder
Event: 1903.499 loading class java/util/logging/LogRecord$CallerFinder done
Event: 1976.633 loading class java/lang/Throwable$WrappedPrintStream
Event: 1976.633 loading class java/lang/Throwable$WrappedPrintStream done
Event: 1979.447 Thread 0x00007f0e24187f50 Thread exited: 0x00007f0e24187f50
Event: 1987.420 Thread 0x00007f0e24177f40 Thread exited: 0x00007f0e24177f40
Event: 1988.779 Thread 0x00007f0e982ed790 Thread exited: 0x00007f0e982ed790


Dynamic libraries:
e0000000-f5580000 rw-p 00000000 00:00 0 
f5580000-fbf80000 rw-p 00000000 00:00 0 
fbf80000-100000000 ---p 00000000 00:00 0 
800000000-800449000 rw-p 00001000 00:2814 4611686019135357769            /nix/store/gpxl5qgg8kicmcvivwmybwjlpf7wh20l-graalvm17-ce-22.3.0/lib/server/classes.jsa
800449000-800bc8000 r--p 0044a000 00:2814 4611686019135357769            /nix/store/gpxl5qgg8kicmcvivwmybwjlpf7wh20l-graalvm17-ce-22.3.0/lib/server/classes.jsa
800bc8000-800c00000 ---p 00000000 00:00 0 
800c00000-800c20000 rw-p 00000000 00:00 0 
800c20000-800c40000 rw-p 00000000 00:00 0 
800c40000-800cc0000 rw-p 00000000 00:00 0 
800cc0000-800d00000 rw-p 00000000 00:00 0 
800d00000-800dc0000 rw-p 00000000 00:00 0 
800dc0000-800e00000 rw-p 00000000 00:00 0 
800e00000-801160000 rw-p 00000000 00:00 0 
801160000-801170000 rw-p 00000000 00:00 0 
801170000-801180000 ---p 00000000 00:00 0 
801180000-8011d0000 rw-p 00000000 00:00 0 
8011d0000-840c00000 ---p 00000000 00:00 0 
55cc9fe43000-55cc9fe44000 r-xp 00000000 00:2814 4611686019099417844      /nix/store/gpxl5qgg8kicmcvivwmybwjlpf7wh20l-graalvm17-ce-22.3.0/bin/.java-wrapped
55cc9fe45000-55cc9fe46000 r--p 00001000 00:2814 4611686019099417844      /nix/store/gpxl5qgg8kicmcvivwmybwjlpf7wh20l-graalvm17-ce-22.3.0/bin/.java-wrapped
55cc9fe46000-55cc9fe47000 rw-p 00002000 00:2814 4611686019099417844      /nix/store/gpxl5qgg8kicmcvivwmybwjlpf7wh20l-graalvm17-ce-22.3.0/bin/.java-wrapped
55cc9fe47000-55cc9fe48000 rw-p 00004000 00:2814 4611686019099417844      /nix/store/gpxl5qgg8kicmcvivwmybwjlpf7wh20l-graalvm17-ce-22.3.0/bin/.java-wrapped
55cc9fe48000-55cc9fe49000 rw-p 00005000 00:2814 4611686019099417844      /nix/store/gpxl5qgg8kicmcvivwmybwjlpf7wh20l-graalvm17-ce-22.3.0/bin/.java-wrapped
55cca1bbb000-55cca1fb2000 rw-p 00000000 00:00 0                          [heap]
7f0e09c00000-7f0e09fb0000 rw-p 00000000 00:00 0 
7f0e09fb0000-7f0e09fc0000 ---p 00000000 00:00 0 
7f0e09fc0000-7f0e09ff0000 rw-p 00000000 00:00 0 
7f0e09ff0000-7f0e0a400000 ---p 00000000 00:00 0 
7f0e10800000-7f0e11000000 rw-p 00000000 00:00 0 
7f0e11400000-7f0e11c00000 rw-p 00000000 00:00 0 
7f0e11cb3000-7f0e1b800000 r--s 00000000 00:2814 4611686019135192581      /nix/store/gpxl5qgg8kicmcvivwmybwjlpf7wh20l-graalvm17-ce-22.3.0/lib/modules
7f0e1b800000-7f0e1bf00000 rw-p 00000000 00:00 0 
7f0e1bf00000-7f0e1c000000 rw-p 00000000 00:00 0 
7f0e1c000000-7f0e1c2c0000 rw-p 00000000 00:00 0 
7f0e1c2c0000-7f0e20000000 ---p 00000000 00:00 0 
7f0e20000000-7f0e2003f000 rw-p 00000000 00:00 0 
7f0e2003f000-7f0e24000000 ---p 00000000 00:00 0 
7f0e24000000-7f0e241f9000 rw-p 00000000 00:00 0 
7f0e241f9000-7f0e28000000 ---p 00000000 00:00 0 
7f0e28000000-7f0e28021000 rw-p 00000000 00:00 0 
7f0e28021000-7f0e2c000000 ---p 00000000 00:00 0 
7f0e2c000000-7f0e2c8f3000 rw-p 00000000 00:00 0 
7f0e2c8f3000-7f0e30000000 ---p 00000000 00:00 0 
7f0e30000000-7f0e3011f000 rw-p 00000000 00:00 0 
7f0e3011f000-7f0e34000000 ---p 00000000 00:00 0 
7f0e34000000-7f0e340d1000 rw-p 00000000 00:00 0 
7f0e340d1000-7f0e38000000 ---p 00000000 00:00 0 
7f0e38000000-7f0e38021000 rw-p 00000000 00:00 0 
7f0e38021000-7f0e3c000000 ---p 00000000 00:00 0 
7f0e3c000000-7f0e3c0ac000 rw-p 00000000 00:00 0 
7f0e3c0ac000-7f0e40000000 ---p 00000000 00:00 0 
7f0e41400000-7f0e41500000 rw-p 00000000 00:00 0 
7f0e41500000-7f0e41600000 rw-p 00000000 00:00 0 
7f0e41600000-7f0e41900000 rw-p 00000000 00:00 0 
7f0e41900000-7f0e41a00000 rw-p 00000000 00:00 0 
7f0e41a00000-7f0e41c00000 rw-p 00000000 00:00 0 
7f0e41c00000-7f0e41d00000 rw-p 00000000 00:00 0 
7f0e41d00000-7f0e41e00000 rw-p 00000000 00:00 0 
7f0e41e00000-7f0e42380000 rw-p 00000000 00:00 0 
7f0e42380000-7f0e42400000 rw-p 00000000 00:00 0 
7f0e42600000-7f0e42610000 r-xp 00000000 00:280e 361                      /home/runner/.cache/jdt-language-server/config/org.eclipse.equinox.launcher/org.eclipse.equinox.launcher.gtk.linux.x86_64_1.2.400.v20211117-0650/eclipse_11600.so
7f0e42610000-7f0e4280f000 ---p 00010000 00:280e 361                      /home/runner/.cache/jdt-language-server/config/org.eclipse.equinox.launcher/org.eclipse.equinox.launcher.gtk.linux.x86_64_1.2.400.v20211117-0650/eclipse_11600.so
7f0e4280f000-7f0e42810000 r--p 0000f000 00:280e 361                      /home/runner/.cache/jdt-language-server/config/org.eclipse.equinox.launcher/org.eclipse.equinox.launcher.gtk.linux.x86_64_1.2.400.v20211117-0650/eclipse_11600.so
7f0e42810000-7f0e42811000 rw-p 00010000 00:280e 361                      /home/runner/.cache/jdt-language-server/config/org.eclipse.equinox.launcher/org.eclipse.equinox.launcher.gtk.linux.x86_64_1.2.400.v20211117-0650/eclipse_11600.so
7f0e43200000-7f0e43300000 ---p 00000000 00:00 0 
7f0e43300000-7f0e438af000 r--p 01122000 00:2814 4611686019135190040      /nix/store/gpxl5qgg8kicmcvivwmybwjlpf7wh20l-graalvm17-ce-22.3.0/lib/libjvmcicompiler.so
7f0e438af000-7f0e43a00000 r--p 00000000 00:00 0 
7f0e43a00000-7f0e43a3d000 rw-p 00000000 00:00 0 
7f0e43a3d000-7f0e43f5d000 rw-p 0185f000 00:2814 4611686019135190040      /nix/store/gpxl5qgg8kicmcvivwmybwjlpf7wh20l-graalvm17-ce-22.3.0/lib/libjvmcicompiler.so
7f0e43f5d000-7f0e44344000 r--p 01d7f000 00:2814 4611686019135190040      /nix/store/gpxl5qgg8kicmcvivwmybwjlpf7wh20l-graalvm17-ce-22.3.0/lib/libjvmcicompiler.so
7f0e44400000-7f0e44404000 ---p 00000000 00:00 0 
7f0e44404000-7f0e44500000 rw-p 00000000 00:00 0 
7f0e44500000-7f0e44504000 ---p 00000000 00:00 0 
7f0e44504000-7f0e44600000 rw-p 00000000 00:00 0 
7f0e44600000-7f0e44604000 ---p 00000000 00:00 0 
7f0e44604000-7f0e44700000 rw-p 00000000 00:00 0 
7f0e44700000-7f0e44704000 ---p 00000000 00:00 0 
7f0e44704000-7f0e44800000 rw-p 00000000 00:00 0 
7f0e44800000-7f0e44804000 ---p 00000000 00:00 0 
7f0e44804000-7f0e44900000 rw-p 00000000 00:00 0 
7f0e44900000-7f0e44904000 ---p 00000000 00:00 0 
7f0e44904000-7f0e44a00000 rw-p 00000000 00:00 0 
7f0e44a00000-7f0e44a04000 ---p 00000000 00:00 0 
7f0e44a04000-7f0e44b00000 rw-p 00000000 00:00 0 
7f0e44b00000-7f0e44b04000 ---p 00000000 00:00 0 
7f0e44b04000-7f0e44c00000 rw-p 00000000 00:00 0 
7f0e44c00000-7f0e44c04000 ---p 00000000 00:00 0 
7f0e44c04000-7f0e44d00000 rw-p 00000000 00:00 0 
7f0e44d00000-7f0e44d04000 ---p 00000000 00:00 0 
7f0e44d04000-7f0e44e00000 rw-p 00000000 00:00 0 
7f0e44e00000-7f0e44e04000 ---p 00000000 00:00 0 
7f0e44e04000-7f0e44f00000 rw-p 00000000 00:00 0 
7f0e44f00000-7f0e44f04000 ---p 00000000 00:00 0 
7f0e44f04000-7f0e45000000 rw-p 00000000 00:00 0 
7f0e45000000-7f0e45004000 ---p 00000000 00:00 0 
7f0e45004000-7f0e45100000 rw-p 00000000 00:00 0 
7f0e45100000-7f0e45104000 ---p 00000000 00:00 0 
7f0e45104000-7f0e45200000 rw-p 00000000 00:00 0 
7f0e45200000-7f0e45204000 ---p 00000000 00:00 0 
7f0e45204000-7f0e45300000 rw-p 00000000 00:00 0 
7f0e45300000-7f0e45304000 ---p 00000000 00:00 0 
7f0e45304000-7f0e45400000 rw-p 00000000 00:00 0 
7f0e45400000-7f0e45404000 ---p 00000000 00:00 0 
7f0e45404000-7f0e45500000 rw-p 00000000 00:00 0 
7f0e45500000-7f0e45504000 ---p 00000000 00:00 0 
7f0e45504000-7f0e45600000 rw-p 00000000 00:00 0 
7f0e45600000-7f0e45604000 ---p 00000000 00:00 0 
7f0e45604000-7f0e45700000 rw-p 00000000 00:00 0 
7f0e45700000-7f0e45704000 ---p 00000000 00:00 0 
7f0e45704000-7f0e45800000 rw-p 00000000 00:00 0 
7f0e45800000-7f0e45804000 ---p 00000000 00:00 0 
7f0e45804000-7f0e45900000 rw-p 00000000 00:00 0 
7f0e45900000-7f0e45904000 ---p 00000000 00:00 0 
7f0e45904000-7f0e45a00000 rw-p 00000000 00:00 0 
7f0e45a00000-7f0e45a04000 ---p 00000000 00:00 0 
7f0e45a04000-7f0e45b00000 rw-p 00000000 00:00 0 
7f0e45b00000-7f0e45b04000 ---p 00000000 00:00 0 
7f0e45b04000-7f0e45c00000 rw-p 00000000 00:00 0 
7f0e45c00000-7f0e47d6a000 r-xp 00000000 00:2814 4611686019135190040      /nix/store/gpxl5qgg8kicmcvivwmybwjlpf7wh20l-graalvm17-ce-22.3.0/lib/libjvmcicompiler.so
7f0e47d6a000-7f0e47f69000 ---p 0216a000 00:2814 4611686019135190040      /nix/store/gpxl5qgg8kicmcvivwmybwjlpf7wh20l-graalvm17-ce-22.3.0/lib/libjvmcicompiler.so
7f0e47f69000-7f0e47f6a000 r--p 02169000 00:2814 4611686019135190040      /nix/store/gpxl5qgg8kicmcvivwmybwjlpf7wh20l-graalvm17-ce-22.3.0/lib/libjvmcicompiler.so
7f0e47f6a000-7f0e47f6c000 rw-p 0216a000 00:2814 4611686019135190040      /nix/store/gpxl5qgg8kicmcvivwmybwjlpf7wh20l-graalvm17-ce-22.3.0/lib/libjvmcicompiler.so
7f0e47f6c000-7f0e47f6d000 rw-p 00000000 00:00 0 
7f0e47f6d000-7f0e47f72000 rw-p 023c3000 00:2814 4611686019135190040      /nix/store/gpxl5qgg8kicmcvivwmybwjlpf7wh20l-graalvm17-ce-22.3.0/lib/libjvmcicompiler.so
7f0e48000000-7f0e48021000 rw-p 00000000 00:00 0 
7f0e48021000-7f0e4c000000 ---p 00000000 00:00 0 
7f0e4c000000-7f0e4c04f000 rw-p 00000000 00:00 0 
7f0e4c04f000-7f0e50000000 ---p 00000000 00:00 0 
7f0e50000000-7f0e50031000 rw-p 00000000 00:00 0 
7f0e50031000-7f0e54000000 ---p 00000000 00:00 0 
7f0e54000000-7f0e54021000 rw-p 00000000 00:00 0 
7f0e54021000-7f0e58000000 ---p 00000000 00:00 0 
7f0e58000000-7f0e580e0000 rw-p 00000000 00:00 0 
7f0e580e0000-7f0e5c000000 ---p 00000000 00:00 0 
7f0e5c000000-7f0e5cb30000 rw-p 00000000 00:00 0 
7f0e5cb30000-7f0e60000000 ---p 00000000 00:00 0 
7f0e60000000-7f0e60021000 rw-p 00000000 00:00 0 
7f0e60021000-7f0e64000000 ---p 00000000 00:00 0 
7f0e64000000-7f0e64021000 rw-p 00000000 00:00 0 
7f0e64021000-7f0e68000000 ---p 00000000 00:00 0 
7f0e68000000-7f0e68021000 rw-p 00000000 00:00 0 
7f0e68021000-7f0e6c000000 ---p 00000000 00:00 0 
7f0e6c000000-7f0e6c021000 rw-p 00000000 00:00 0 
7f0e6c021000-7f0e70000000 ---p 00000000 00:00 0 
7f0e70000000-7f0e70021000 rw-p 00000000 00:00 0 
7f0e70021000-7f0e74000000 ---p 00000000 00:00 0 
7f0e74000000-7f0e74021000 rw-p 00000000 00:00 0 
7f0e74021000-7f0e78000000 ---p 00000000 00:00 0 
7f0e78000000-7f0e78074000 rw-p 00000000 00:00 0 
7f0e78074000-7f0e7c000000 ---p 00000000 00:00 0 
7f0e7c000000-7f0e7c004000 ---p 00000000 00:00 0 
7f0e7c004000-7f0e7c100000 rw-p 00000000 00:00 0 
7f0e7c100000-7f0e7c104000 ---p 00000000 00:00 0 
7f0e7c104000-7f0e7c200000 rw-p 00000000 00:00 0 
7f0e7c200000-7f0e7c204000 ---p 00000000 00:00 0 
7f0e7c204000-7f0e7c300000 rw-p 00000000 00:00 0 
7f0e7d068000-7f0e7d500000 rw-p 00000000 00:00 0 
7f0e7d518000-7f0e7d519000 ---p 00000000 00:00 0 
7f0e7d519000-7f0e7d61a000 rw-p 00000000 00:00 0 
7f0e7d61a000-7f0e7d61e000 ---p 00000000 00:00 0 
7f0e7d61e000-7f0e7d71a000 rw-p 00000000 00:00 0 
7f0e7d71a000-7f0e7d71e000 ---p 00000000 00:00 0 
7f0e7d71e000-7f0e7d81a000 rw-p 00000000 00:00 0 
7f0e7d81a000-7f0e7d81e000 ---p 00000000 00:00 0 
7f0e7d81e000-7f0e7d91a000 rw-p 00000000 00:00 0 
7f0e7d91a000-7f0e7d91e000 ---p 00000000 00:00 0 
7f0e7d91e000-7f0e7db1a000 rw-p 00000000 00:00 0 
7f0e7db1a000-7f0e7db1e000 ---p 00000000 00:00 0 
7f0e7db1e000-7f0e7dd1a000 rw-p 00000000 00:00 0 
7f0e7dd1a000-7f0e7dd1e000 ---p 00000000 00:00 0 
7f0e7dd1e000-7f0e7de1a000 rw-p 00000000 00:00 0 
7f0e7de1a000-7f0e7de1e000 ---p 00000000 00:00 0 
7f0e7de1e000-7f0e7df1a000 rw-p 00000000 00:00 0 
7f0e7df1a000-7f0e7df1e000 ---p 00000000 00:00 0 
7f0e7df1e000-7f0e7e01a000 rw-p 00000000 00:00 0 
7f0e7e01a000-7f0e7e300000 r--p 00000000 00:27b6 28444448                 /usr/lib/locale/locale-archive
7f0e7e300000-7f0e7e304000 ---p 00000000 00:00 0 
7f0e7e304000-7f0e7e800000 rw-p 00000000 00:00 0 
7f0e7e800000-7f0e7eac0000 rw-p 00000000 00:00 0 
7f0e7eac0000-7f0e7eb00000 rw-p 00000000 00:00 0 
7f0e7eb00000-7f0e7ec00000 rw-p 00000000 00:00 0 
7f0e7ecdc000-7f0e7ece0000 ---p 00000000 00:00 0 
7f0e7ece0000-7f0e7eddc000 rw-p 00000000 00:00 0 
7f0e7eddc000-7f0e7eddd000 ---p 00000000 00:00 0 
7f0e7eddd000-7f0e7eede000 rw-p 00000000 00:00 0 
7f0e7eede000-7f0e7efac000 r-xp 00000000 00:2814 4611686019135190036      /nix/store/gpxl5qgg8kicmcvivwmybwjlpf7wh20l-graalvm17-ce-22.3.0/lib/libjsvml.so
7f0e7efac000-7f0e7efad000 r--p 000cd000 00:2814 4611686019135190036      /nix/store/gpxl5qgg8kicmcvivwmybwjlpf7wh20l-graalvm17-ce-22.3.0/lib/libjsvml.so
7f0e7efad000-7f0e7efae000 rw-p 000ce000 00:2814 4611686019135190036      /nix/store/gpxl5qgg8kicmcvivwmybwjlpf7wh20l-graalvm17-ce-22.3.0/lib/libjsvml.so
7f0e7efae000-7f0e7f4b3000 rw-p 00000000 00:00 0 
7f0e7f4b3000-7f0e7f723000 rwxp 00000000 00:00 0 
7f0e7f723000-7f0e7fa42000 ---p 00000000 00:00 0 
7f0e7fa42000-7f0e80e32000 rwxp 00000000 00:00 0 
7f0e80e32000-7f0e86f7a000 ---p 00000000 00:00 0 
7f0e86f7a000-7f0e8720a000 rwxp 00000000 00:00 0 
7f0e8720a000-7f0e8e4b3000 ---p 00000000 00:00 0 
7f0e8e4b3000-7f0e98000000 r--s 00000000 00:2814 4611686019135192581      /nix/store/gpxl5qgg8kicmcvivwmybwjlpf7wh20l-graalvm17-ce-22.3.0/lib/modules
7f0e98000000-7f0e98418000 rw-p 00000000 00:00 0 
7f0e98418000-7f0e9c000000 ---p 00000000 00:00 0 
7f0e9c044000-7f0e9c048000 ---p 00000000 00:00 0 
7f0e9c048000-7f0e9c066000 rw-p 00000000 00:00 0 
7f0e9c066000-7f0e9c06d000 r-xp 00000000 00:2814 4611686019135192580      /nix/store/gpxl5qgg8kicmcvivwmybwjlpf7wh20l-graalvm17-ce-22.3.0/lib/libzip.so
7f0e9c06d000-7f0e9c06e000 ---p 00007000 00:2814 4611686019135192580      /nix/store/gpxl5qgg8kicmcvivwmybwjlpf7wh20l-graalvm17-ce-22.3.0/lib/libzip.so
7f0e9c06e000-7f0e9c06f000 r--p 00007000 00:2814 4611686019135192580      /nix/store/gpxl5qgg8kicmcvivwmybwjlpf7wh20l-graalvm17-ce-22.3.0/lib/libzip.so
7f0e9c06f000-7f0e9c070000 rw-p 00008000 00:2814 4611686019135192580      /nix/store/gpxl5qgg8kicmcvivwmybwjlpf7wh20l-graalvm17-ce-22.3.0/lib/libzip.so
7f0e9c070000-7f0e9c072000 rw-p 0000b000 00:2814 4611686019135192580      /nix/store/gpxl5qgg8kicmcvivwmybwjlpf7wh20l-graalvm17-ce-22.3.0/lib/libzip.so
7f0e9c072000-7f0e9c087000 r-xp 00000000 00:2814 4611686019135192570      /nix/store/gpxl5qgg8kicmcvivwmybwjlpf7wh20l-graalvm17-ce-22.3.0/lib/libnet.so
7f0e9c087000-7f0e9c088000 ---p 00015000 00:2814 4611686019135192570      /nix/store/gpxl5qgg8kicmcvivwmybwjlpf7wh20l-graalvm17-ce-22.3.0/lib/libnet.so
7f0e9c088000-7f0e9c089000 r--p 00015000 00:2814 4611686019135192570      /nix/store/gpxl5qgg8kicmcvivwmybwjlpf7wh20l-graalvm17-ce-22.3.0/lib/libnet.so
7f0e9c089000-7f0e9c08a000 rw-p 00016000 00:2814 4611686019135192570      /nix/store/gpxl5qgg8kicmcvivwmybwjlpf7wh20l-graalvm17-ce-22.3.0/lib/libnet.so
7f0e9c08a000-7f0e9c08d000 rw-p 0001b000 00:2814 4611686019135192570      /nix/store/gpxl5qgg8kicmcvivwmybwjlpf7wh20l-graalvm17-ce-22.3.0/lib/libnet.so
7f0e9c08d000-7f0e9c0a0000 r-xp 00000000 00:2814 4611686019135192571      /nix/store/gpxl5qgg8kicmcvivwmybwjlpf7wh20l-graalvm17-ce-22.3.0/lib/libnio.so
7f0e9c0a0000-7f0e9c0a1000 r--p 00012000 00:2814 4611686019135192571      /nix/store/gpxl5qgg8kicmcvivwmybwjlpf7wh20l-graalvm17-ce-22.3.0/lib/libnio.so
7f0e9c0a1000-7f0e9c0a2000 rw-p 00013000 00:2814 4611686019135192571      /nix/store/gpxl5qgg8kicmcvivwmybwjlpf7wh20l-graalvm17-ce-22.3.0/lib/libnio.so
7f0e9c0a2000-7f0e9c0a7000 rw-p 00019000 00:2814 4611686019135192571      /nix/store/gpxl5qgg8kicmcvivwmybwjlpf7wh20l-graalvm17-ce-22.3.0/lib/libnio.so
7f0e9c0a7000-7f0e9d47a000 rw-p 00000000 00:00 0 
7f0e9d47a000-7f0e9d47b000 ---p 00000000 00:00 0 
7f0e9d47b000-7f0e9d626000 rw-p 00000000 00:00 0 
7f0e9d626000-7f0e9d65c000 rw-p 00000000 00:00 0 
7f0e9d65c000-7f0e9d67c000 ---p 00000000 00:00 0 
7f0e9d67c000-7f0e9d683000 rw-p 00000000 00:00 0 
7f0e9d683000-7f0e9d768000 ---p 00000000 00:00 0 
7f0e9d768000-7f0e9d790000 rw-p 00000000 00:00 0 
7f0e9d790000-7f0e9d853000 ---p 00000000 00:00 0 
7f0e9d853000-7f0e9d858000 rw-p 00000000 00:00 0 
7f0e9d858000-7f0e9d85f000 ---p 00000000 00:00 0 
7f0e9d85f000-7f0e9d883000 r-xp 00000000 00:2814 4611686019135190028      /nix/store/gpxl5qgg8kicmcvivwmybwjlpf7wh20l-graalvm17-ce-22.3.0/lib/libjava.so
7f0e9d883000-7f0e9d884000 ---p 00024000 00:2814 4611686019135190028      /nix/store/gpxl5qgg8kicmcvivwmybwjlpf7wh20l-graalvm17-ce-22.3.0/lib/libjava.so
7f0e9d884000-7f0e9d885000 r--p 00024000 00:2814 4611686019135190028      /nix/store/gpxl5qgg8kicmcvivwmybwjlpf7wh20l-graalvm17-ce-22.3.0/lib/libjava.so
7f0e9d885000-7f0e9d886000 rw-p 00025000 00:2814 4611686019135190028      /nix/store/gpxl5qgg8kicmcvivwmybwjlpf7wh20l-graalvm17-ce-22.3.0/lib/libjava.so
7f0e9d886000-7f0e9d887000 rw-p 00000000 00:00 0 
7f0e9d887000-7f0e9d88e000 rw-p 0002f000 00:2814 4611686019135190028      /nix/store/gpxl5qgg8kicmcvivwmybwjlpf7wh20l-graalvm17-ce-22.3.0/lib/libjava.so
7f0e9d88e000-7f0e9d896000 rw-s 00000000 00:2741 800                      /tmp/hsperfdata_runner/10483
7f0e9d896000-7f0e9d897000 ---p 00000000 00:00 0 
7f0e9d897000-7f0e9d898000 r--p 00000000 00:00 0 
7f0e9d898000-7f0e9d899000 rwxp 00000000 00:00 0 
7f0e9d899000-7f0e9d8b4000 r-xp 00000000 00:2814 4611686019135190032      /nix/store/gpxl5qgg8kicmcvivwmybwjlpf7wh20l-graalvm17-ce-22.3.0/lib/libjimage.so
7f0e9d8b4000-7f0e9d8b5000 ---p 0001b000 00:2814 4611686019135190032      /nix/store/gpxl5qgg8kicmcvivwmybwjlpf7wh20l-graalvm17-ce-22.3.0/lib/libjimage.so
7f0e9d8b5000-7f0e9d8b7000 r--p 0001b000 00:2814 4611686019135190032      /nix/store/gpxl5qgg8kicmcvivwmybwjlpf7wh20l-graalvm17-ce-22.3.0/lib/libjimage.so
7f0e9d8b7000-7f0e9d8b8000 rw-p 0001d000 00:2814 4611686019135190032      /nix/store/gpxl5qgg8kicmcvivwmybwjlpf7wh20l-graalvm17-ce-22.3.0/lib/libjimage.so
7f0e9d8b8000-7f0e9d8b9000 rw-p 00024000 00:2814 4611686019135190032      /nix/store/gpxl5qgg8kicmcvivwmybwjlpf7wh20l-graalvm17-ce-22.3.0/lib/libjimage.so
7f0e9d8b9000-7f0e9d8bd000 ---p 00000000 00:00 0 
7f0e9d8bd000-7f0e9d9b9000 rw-p 00000000 00:00 0 
7f0e9d9b9000-7f0e9d9c7000 r--p 00000000 00:2814 4611686019027979927      /nix/store/4nlgxhb09sdr51nc9hdm8az5b08vzkgx-glibc-2.35-163/lib/libm.so.6
7f0e9d9c7000-7f0e9da3a000 r-xp 0000e000 00:2814 4611686019027979927      /nix/store/4nlgxhb09sdr51nc9hdm8az5b08vzkgx-glibc-2.35-163/lib/libm.so.6
7f0e9da3a000-7f0e9da97000 r--p 00081000 00:2814 4611686019027979927      /nix/store/4nlgxhb09sdr51nc9hdm8az5b08vzkgx-glibc-2.35-163/lib/libm.so.6
7f0e9da97000-7f0e9da98000 r--p 000dd000 00:2814 4611686019027979927      /nix/store/4nlgxhb09sdr51nc9hdm8az5b08vzkgx-glibc-2.35-163/lib/libm.so.6
7f0e9da98000-7f0e9da99000 rw-p 000de000 00:2814 4611686019027979927      /nix/store/4nlgxhb09sdr51nc9hdm8az5b08vzkgx-glibc-2.35-163/lib/libm.so.6
7f0e9da99000-7f0e9da9a000 r--p 00000000 00:2814 4611686019027979946      /nix/store/4nlgxhb09sdr51nc9hdm8az5b08vzkgx-glibc-2.35-163/lib/librt.so.1
7f0e9da9a000-7f0e9da9b000 r-xp 00001000 00:2814 4611686019027979946      /nix/store/4nlgxhb09sdr51nc9hdm8az5b08vzkgx-glibc-2.35-163/lib/librt.so.1
7f0e9da9b000-7f0e9da9c000 r--p 00002000 00:2814 4611686019027979946      /nix/store/4nlgxhb09sdr51nc9hdm8az5b08vzkgx-glibc-2.35-163/lib/librt.so.1
7f0e9da9c000-7f0e9da9d000 r--p 00002000 00:2814 4611686019027979946      /nix/store/4nlgxhb09sdr51nc9hdm8az5b08vzkgx-glibc-2.35-163/lib/librt.so.1
7f0e9da9d000-7f0e9da9e000 rw-p 00003000 00:2814 4611686019027979946      /nix/store/4nlgxhb09sdr51nc9hdm8az5b08vzkgx-glibc-2.35-163/lib/librt.so.1
7f0e9da9e000-7f0e9ebb1000 r-xp 00000000 00:2814 4611686019135360866      /nix/store/gpxl5qgg8kicmcvivwmybwjlpf7wh20l-graalvm17-ce-22.3.0/lib/server/libjvm.so
7f0e9ebb1000-7f0e9ebb2000 ---p 01113000 00:2814 4611686019135360866      /nix/store/gpxl5qgg8kicmcvivwmybwjlpf7wh20l-graalvm17-ce-22.3.0/lib/server/libjvm.so
7f0e9ebb2000-7f0e9ec67000 r--p 01113000 00:2814 4611686019135360866      /nix/store/gpxl5qgg8kicmcvivwmybwjlpf7wh20l-graalvm17-ce-22.3.0/lib/server/libjvm.so
7f0e9ec67000-7f0e9ec9b000 rw-p 011c8000 00:2814 4611686019135360866      /nix/store/gpxl5qgg8kicmcvivwmybwjlpf7wh20l-graalvm17-ce-22.3.0/lib/server/libjvm.so
7f0e9ec9b000-7f0e9ecf7000 rw-p 00000000 00:00 0 
7f0e9ecf7000-7f0e9ed1f000 r--p 00000000 00:2814 4611686019027979918      /nix/store/4nlgxhb09sdr51nc9hdm8az5b08vzkgx-glibc-2.35-163/lib/libc.so.6
7f0e9ed1f000-7f0e9ee95000 r-xp 00028000 00:2814 4611686019027979918      /nix/store/4nlgxhb09sdr51nc9hdm8az5b08vzkgx-glibc-2.35-163/lib/libc.so.6
7f0e9ee95000-7f0e9eeed000 r--p 0019e000 00:2814 4611686019027979918      /nix/store/4nlgxhb09sdr51nc9hdm8az5b08vzkgx-glibc-2.35-163/lib/libc.so.6
7f0e9eeed000-7f0e9eef1000 r--p 001f6000 00:2814 4611686019027979918      /nix/store/4nlgxhb09sdr51nc9hdm8az5b08vzkgx-glibc-2.35-163/lib/libc.so.6
7f0e9eef1000-7f0e9eef3000 rw-p 001fa000 00:2814 4611686019027979918      /nix/store/4nlgxhb09sdr51nc9hdm8az5b08vzkgx-glibc-2.35-163/lib/libc.so.6
7f0e9eef3000-7f0e9ef02000 rw-p 00000000 00:00 0 
7f0e9ef02000-7f0e9ef03000 r--p 00000000 00:2814 4611686019027979923      /nix/store/4nlgxhb09sdr51nc9hdm8az5b08vzkgx-glibc-2.35-163/lib/libdl.so.2
7f0e9ef03000-7f0e9ef04000 r-xp 00001000 00:2814 4611686019027979923      /nix/store/4nlgxhb09sdr51nc9hdm8az5b08vzkgx-glibc-2.35-163/lib/libdl.so.2
7f0e9ef04000-7f0e9ef05000 r--p 00002000 00:2814 4611686019027979923      /nix/store/4nlgxhb09sdr51nc9hdm8az5b08vzkgx-glibc-2.35-163/lib/libdl.so.2
7f0e9ef05000-7f0e9ef06000 r--p 00002000 00:2814 4611686019027979923      /nix/store/4nlgxhb09sdr51nc9hdm8az5b08vzkgx-glibc-2.35-163/lib/libdl.so.2
7f0e9ef06000-7f0e9ef07000 rw-p 00003000 00:2814 4611686019027979923      /nix/store/4nlgxhb09sdr51nc9hdm8az5b08vzkgx-glibc-2.35-163/lib/libdl.so.2
7f0e9ef07000-7f0e9ef08000 r--p 00000000 00:2814 4611686019027979942      /nix/store/4nlgxhb09sdr51nc9hdm8az5b08vzkgx-glibc-2.35-163/lib/libpthread.so.0
7f0e9ef08000-7f0e9ef09000 r-xp 00001000 00:2814 4611686019027979942      /nix/store/4nlgxhb09sdr51nc9hdm8az5b08vzkgx-glibc-2.35-163/lib/libpthread.so.0
7f0e9ef09000-7f0e9ef0a000 r--p 00002000 00:2814 4611686019027979942      /nix/store/4nlgxhb09sdr51nc9hdm8az5b08vzkgx-glibc-2.35-163/lib/libpthread.so.0
7f0e9ef0a000-7f0e9ef0b000 r--p 00002000 00:2814 4611686019027979942      /nix/store/4nlgxhb09sdr51nc9hdm8az5b08vzkgx-glibc-2.35-163/lib/libpthread.so.0
7f0e9ef0b000-7f0e9ef0c000 rw-p 00003000 00:2814 4611686019027979942      /nix/store/4nlgxhb09sdr51nc9hdm8az5b08vzkgx-glibc-2.35-163/lib/libpthread.so.0
7f0e9ef0c000-7f0e9ef1a000 r-xp 00000000 00:2814 4611686019135190033      /nix/store/gpxl5qgg8kicmcvivwmybwjlpf7wh20l-graalvm17-ce-22.3.0/lib/libjli.so
7f0e9ef1a000-7f0e9ef1b000 ---p 0000e000 00:2814 4611686019135190033      /nix/store/gpxl5qgg8kicmcvivwmybwjlpf7wh20l-graalvm17-ce-22.3.0/lib/libjli.so
7f0e9ef1b000-7f0e9ef1c000 r--p 0000e000 00:2814 4611686019135190033      /nix/store/gpxl5qgg8kicmcvivwmybwjlpf7wh20l-graalvm17-ce-22.3.0/lib/libjli.so
7f0e9ef1c000-7f0e9ef1d000 rw-p 0000f000 00:2814 4611686019135190033      /nix/store/gpxl5qgg8kicmcvivwmybwjlpf7wh20l-graalvm17-ce-22.3.0/lib/libjli.so
7f0e9ef1d000-7f0e9ef1e000 rw-p 00012000 00:2814 4611686019135190033      /nix/store/gpxl5qgg8kicmcvivwmybwjlpf7wh20l-graalvm17-ce-22.3.0/lib/libjli.so
7f0e9ef1e000-7f0e9ef21000 r--p 00000000 00:2814 4611686019106210071      /nix/store/026hln0aq1hyshaxsdvhg0kmcm6yf45r-zlib-1.2.13/lib/libz.so.1.2.13
7f0e9ef21000-7f0e9ef33000 r-xp 00003000 00:2814 4611686019106210071      /nix/store/026hln0aq1hyshaxsdvhg0kmcm6yf45r-zlib-1.2.13/lib/libz.so.1.2.13
7f0e9ef33000-7f0e9ef3a000 r--p 00015000 00:2814 4611686019106210071      /nix/store/026hln0aq1hyshaxsdvhg0kmcm6yf45r-zlib-1.2.13/lib/libz.so.1.2.13
7f0e9ef3a000-7f0e9ef3b000 r--p 0001b000 00:2814 4611686019106210071      /nix/store/026hln0aq1hyshaxsdvhg0kmcm6yf45r-zlib-1.2.13/lib/libz.so.1.2.13
7f0e9ef3b000-7f0e9ef3c000 rw-p 0001c000 00:2814 4611686019106210071      /nix/store/026hln0aq1hyshaxsdvhg0kmcm6yf45r-zlib-1.2.13/lib/libz.so.1.2.13
7f0e9ef3c000-7f0e9ef3e000 rw-p 00000000 00:00 0 
7f0e9ef3e000-7f0e9ef40000 r--p 00000000 00:2814 4611686019027979912      /nix/store/4nlgxhb09sdr51nc9hdm8az5b08vzkgx-glibc-2.35-163/lib/ld-linux-x86-64.so.2
7f0e9ef40000-7f0e9ef67000 r-xp 00002000 00:2814 4611686019027979912      /nix/store/4nlgxhb09sdr51nc9hdm8az5b08vzkgx-glibc-2.35-163/lib/ld-linux-x86-64.so.2
7f0e9ef67000-7f0e9ef73000 r--p 00029000 00:2814 4611686019027979912      /nix/store/4nlgxhb09sdr51nc9hdm8az5b08vzkgx-glibc-2.35-163/lib/ld-linux-x86-64.so.2
7f0e9ef73000-7f0e9ef75000 r--p 00034000 00:2814 4611686019027979912      /nix/store/4nlgxhb09sdr51nc9hdm8az5b08vzkgx-glibc-2.35-163/lib/ld-linux-x86-64.so.2
7f0e9ef75000-7f0e9ef77000 rw-p 00036000 00:2814 4611686019027979912      /nix/store/4nlgxhb09sdr51nc9hdm8az5b08vzkgx-glibc-2.35-163/lib/ld-linux-x86-64.so.2
7fff53ac4000-7fff53ae8000 rw-p 00000000 00:00 0                          [stack]
7fff53be3000-7fff53be7000 r--p 00000000 00:00 0                          [vvar]
7fff53be7000-7fff53be9000 r-xp 00000000 00:00 0                          [vdso]
ffffffffff600000-ffffffffff601000 --xp 00000000 00:00 0                  [vsyscall]


VM Arguments:
jvm_args: -XX:ThreadPriorityPolicy=1 -XX:+UnlockExperimentalVMOptions -XX:+EnableJVMCIProduct -XX:JVMCIThreadsPerNativeLibraryRuntime=1 -XX:-UnlockExperimentalVMOptions -Declipse.application=org.eclipse.jdt.ls.core.id1 -Dosgi.bundles.defaultStartLevel=4 -Declipse.product=org.eclipse.jdt.ls.core.product -Dlog.level=ALL -Xverify:none -XX:+UseParallelGC -XX:GCTimeRatio=4 -XX:AdaptiveSizePolicyWeight=90 -Dsun.zip.disableMemoryMapping=true -Xmx512m -Xms100m 
java_command: /nix/store/m6gcpi1ii6rghy04cjwjddcavv7i90df-jdt-language-server-1.9.0/share/java/plugins/org.eclipse.equinox.launcher_1.6.400.v20210924-0641.jar --add-modules=ALL-SYSTEM --add-opens java.base/java.util=ALL-UNNAMED --add-opens java.base/java.lang=ALL-UNNAMED -configuration /home/runner/.cache/jdt-language-server/config -data /home/runner/.cache/jdt-language-server/data/home/runner/lyric-guesser-draft
java_class_path (initial): /nix/store/m6gcpi1ii6rghy04cjwjddcavv7i90df-jdt-language-server-1.9.0/share/java/plugins/org.eclipse.equinox.launcher_1.6.400.v20210924-0641.jar
Launcher Type: SUN_STANDARD

[Global flags]
    uintx AdaptiveSizePolicyWeight                 = 90                                        {product} {command line}
     intx CICompilerCount                          = 2                                         {product} {ergonomic}
     bool EnableJVMCIProduct                       = true                                {JVMCI product} {jimage}
    uintx GCTimeRatio                              = 4                                         {product} {command line}
   size_t InitialHeapSize                          = 104857600                                 {product} {command line}
     uint JVMCIThreadsPerNativeLibraryRuntime      = 1                                   {JVMCI product} {jimage}
   size_t MaxHeapSize                              = 536870912                                 {product} {command line}
   size_t MaxNewSize                               = 178782208                                 {product} {ergonomic}
   size_t MinHeapDeltaBytes                        = 524288                                    {product} {ergonomic}
   size_t MinHeapSize                              = 104857600                                 {product} {command line}
   size_t NewSize                                  = 34603008                                  {product} {ergonomic}
    uintx NonNMethodCodeHeapSize                   = 5826188                                {pd product} {ergonomic}
    uintx NonProfiledCodeHeapSize                  = 122916026                              {pd product} {ergonomic}
   size_t OldSize                                  = 70254592                                  {product} {ergonomic}
    uintx ProfiledCodeHeapSize                     = 122916026                              {pd product} {ergonomic}
    uintx ReservedCodeCacheSize                    = 251658240                              {pd product} {ergonomic}
     bool SegmentedCodeCache                       = true                                      {product} {ergonomic}
   size_t SoftMaxHeapSize                          = 536870912                              {manageable} {ergonomic}
     intx ThreadPriorityPolicy                     = 1                                         {product} {jimage}
     bool UseCompressedClassPointers               = true                           {product lp64_product} {ergonomic}
     bool UseCompressedOops                        = true                           {product lp64_product} {ergonomic}
     bool UseParallelGC                            = true                                      {product} {command line}

Logging:
Log output configuration:
 #0: stdout all=warning uptime,level,tags
 #1: stderr all=off uptime,level,tags

Environment Variables:
JAVA_HOME=/nix/store/gpxl5qgg8kicmcvivwmybwjlpf7wh20l-graalvm17-ce-22.3.0
PATH=/nix/store/1d6ian3r8kdzspw8hacjhl3xkp40g1lj-binutils-wrapper-2.39/bin:/nix/store/dq0xwmsk1g0i2ayg6pb7y87na2knzylh-gcc-wrapper-11.3.0/bin:/nix/store/bap4d0lpcrhpwmpb8ayjcgkmvfj62lnq-bash-interactive-5.1-p16/bin:/nix/store/pr5n59mb4jzmfx6kanwxly0l07p861fg-patchelf-0.15.0/bin:/nix/store/1gf2flfqnpqbr1b4p4qz2f72y42bs56r-gcc-11.3.0/bin:/nix/store/57xv61c5zi8pphjbcwxxjlgc34p61ic9-glibc-2.35-163-bin/bin:/nix/store/a7gvj343m05j2s32xcnwr35v31ynlypr-coreutils-9.1/bin:/nix/store/039g378vc3pc3dvi9dzdlrd0i4q93qwf-binutils-2.39/bin:/nix/store/gpxl5qgg8kicmcvivwmybwjlpf7wh20l-graalvm17-ce-22.3.0/bin:/nix/store/6z9ag3ihc8mq2hzsw48lhbznvzny65nz-apache-maven-3.8.6/bin:/nix/store/m6gcpi1ii6rghy04cjwjddcavv7i90df-jdt-language-server-1.9.0/bin:/nix/store/84xs5alhs01zrbr4ywm05kxbjbp5590l-java-debug/bin:/nix/store/mydc6f4k2z73xlcz7ilif3v2lcaiqvza-findutils-4.9.0/bin:/nix/store/j9p3g8472iijd50vhdprx0nmk2fqn5gv-diffutils-3.8/bin:/nix/store/89zs7rms6x00xfq4dq6m7mjnhkr8a6r4-gnused-4.8/bin:/nix/store/86bp03jkmsl6f92w0yzg4s59g5mhxwmy-gnugrep-3.7/bin:/nix/store/hwcdqw4jrjnd37wxqgsd47hd0j8bnj09-gawk-5.1.1/bin:/nix/store/cfbhw8r8ags41vwqaz47r583d0p4h4a1-gnutar-1.34/bin:/nix/store/p3m1ndl1lapwrlh698bnb5lvvxh67378-gzip-1.12/bin:/nix/store/a8mhcagrsly7c7mpjrpsnaahk4aax056-bzip2-1.0.8-bin/bin:/nix/store/mblgz65m3zv9x548a3d5m96fj2pbwr09-gnumake-4.3/bin:/nix/store/dsd5gz46hdbdk2rfdimqddhq6m8m8fqs-bash-5.1-p16/bin:/nix/store/v7ljksji50mg3w61dykaa3n3y79n6nil-patch-2.7.6/bin:/nix/store/zlcnmqq14jz5x9439jf937mvayyl63da-xz-5.2.7-bin/bin:/nix/store/y6aj732zm9m87c82fpvf103a1xb22blp-file-5.43/bin:/nix/store/i4kzir3m7mrisxmf5xvlnkw01x4qaqr4-prybar-elisp-0.0.0-e0d9a52/bin:/nix/store/lwwivxf6h7x3cvxp9zv8sj0mv7dak99r-prybar-lua-0.0.0-e0d9a52/bin:/nix/store/gxj28g1cg4hq3qanmjv07156h800qr58-prybar-python3-0.0.0-e0d9a52/bin:/nix/store/hshkjnxrgidigf8x75vg6lqng2xlx9i3-prybar-sqlite-0.0.0-e0d9a52/bin:/nix/store/c4w01bpjgyy5ixmwdk8m1pw87zq4sl26-prybar-tcl-0.0.0-e0d9a52/bin:/nix/store/hpbvrlwd5viqmvcaisb3x0118i913a9n-st
LD_LIBRARY_PATH=/nix/store/a4pff549sk2idnkpzk5nsfps3mdkdnvm-cups-2.4.2-lib/lib:/nix/store/72mqxxhh3cy5yifh92wh2yb8cl2hikyy-cairo-1.16.0/lib:/nix/store/2k366jrbsra97gjfxwvrhvixjfxdach5-glib-2.74.1/lib:/nix/store/2j2znigd8ak37rlwh9khz0ry3clqlw1l-gtk+3-3.24.34/lib:/nix/store/hisqvx32cd57apbpcsnkpx6k3549wql1-libglvnd-1.4.0/lib:/nix/store/p36pgcv991mq5srvg765b78yqpxvk3qs-mesa-21.3.3-drivers/lib:/nix/store/mav4251if1ahjq5vkpwycyyvnmy459c4-pulseaudio-14.2/lib
DISPLAY=:0
LANG=en_US.UTF-8

Signal Handlers:
   SIGSEGV: crash_handler in libjvm.so, mask=11100100010111111101111111111110, flags=SA_RESTART|SA_SIGINFO
    SIGBUS: crash_handler in libjvm.so, mask=11100100010111111101111111111110, flags=SA_RESTART|SA_SIGINFO
    SIGFPE: crash_handler in libjvm.so, mask=11100100010111111101111111111110, flags=SA_RESTART|SA_SIGINFO
   SIGPIPE: IsolateEnterStub_IgnoreSIGPIPEStartupHook_noopSignalHandler_8f19bff2f35b5f630d83b364d6b2339320d4ec70_216e8361c6bc87a8f89f58cc10d3b2fd4415bf87 in libjvmcicompiler.so, mask=00000000000000000000000000000000, flags=SA_RESTART
  *** Handler was modified!
  *** Expected: javaSignalHandler in libjvm.so, mask=11100100110111111111111111111110, flags=SA_RESTART|SA_SIGINFO
   SIGXFSZ: javaSignalHandler in libjvm.so, mask=11100100010111111101111111111110, flags=SA_RESTART|SA_SIGINFO
    SIGILL: crash_handler in libjvm.so, mask=11100100010111111101111111111110, flags=SA_RESTART|SA_SIGINFO
   SIGUSR2: SR_handler in libjvm.so, mask=00000000000000000000000000000000, flags=SA_RESTART|SA_SIGINFO
    SIGHUP: UserHandler in libjvm.so, mask=11100100010111111101111111111110, flags=SA_RESTART|SA_SIGINFO
    SIGINT: UserHandler in libjvm.so, mask=11100100010111111101111111111110, flags=SA_RESTART|SA_SIGINFO
   SIGTERM: UserHandler in libjvm.so, mask=11100100010111111101111111111110, flags=SA_RESTART|SA_SIGINFO
   SIGQUIT: UserHandler in libjvm.so, mask=11100100010111111101111111111110, flags=SA_RESTART|SA_SIGINFO
  *** Handler was modified!
  *** Expected: javaSignalHandler in libjvm.so, mask=11100100110111111111111111111110, flags=SA_RESTART|SA_SIGINFO
   SIGTRAP: crash_handler in libjvm.so, mask=11100100010111111101111111111110, flags=SA_RESTART|SA_SIGINFO


---------------  S Y S T E M  ---------------

OS:
DISTRIB_ID=Ubuntu
DISTRIB_RELEASE=20.04
DISTRIB_CODENAME=focal
DISTRIB_DESCRIPTION="Ubuntu 20.04.2 LTS"
uname: Linux 5.19.0-1026-gcp #28~22.04.1-Ubuntu SMP Tue Jun 6 07:24:26 UTC 2023 x86_64
OS uptime: 0 days 3:21 hours
libc: glibc 2.35 NPTL 2.35 
rlimit (soft/hard): STACK 8192k/infinity , CORE infinity/infinity , NPROC infinity/infinity , NOFILE 5242/5242 , AS infinity/infinity , CPU infinity/infinity , DATA infinity/infinity , FSIZE infinity/infinity , MEMLOCK 8192k/8192k
load average: 16.78 12.69 11.38

/proc/meminfo:
MemTotal:       32859956 kB
MemFree:          865024 kB
MemAvailable:   16961164 kB
Buffers:         1021404 kB
Cached:         13352540 kB
SwapCached:            0 kB
Active:          6491092 kB
Inactive:       21304916 kB
Active(anon):      19588 kB
Inactive(anon): 12939492 kB
Active(file):    6471504 kB
Inactive(file):  8365424 kB
Unevictable:       56836 kB
Mlocked:           56836 kB
SwapTotal:             0 kB
SwapFree:              0 kB
Zswap:                 0 kB
Zswapped:              0 kB
Dirty:             17352 kB
Writeback:           220 kB
AnonPages:      13317040 kB
Mapped:          2282032 kB
Shmem:             41548 kB
KReclaimable:    1724948 kB
Slab:            2921892 kB
SReclaimable:    1724948 kB
SUnreclaim:      1196944 kB
KernelStack:      524904 kB
PageTables:       322200 kB
NFS_Unstable:          0 kB
Bounce:                0 kB
WritebackTmp:          0 kB
CommitLimit:    16429976 kB
Committed_AS:   74823616 kB
VmallocTotal:   34359738367 kB
VmallocUsed:      562348 kB
VmallocChunk:          0 kB
Percpu:            27888 kB
HardwareCorrupted:     0 kB
AnonHugePages:    276480 kB
ShmemHugePages:        0 kB
ShmemPmdMapped:        0 kB
FileHugePages:         0 kB
FilePmdMapped:         0 kB
HugePages_Total:       0
HugePages_Free:        0
HugePages_Rsvd:        0
HugePages_Surp:        0
Hugepagesize:       2048 kB
Hugetlb:               0 kB
DirectMap4k:     3801912 kB
DirectMap2M:    29749248 kB
DirectMap1G:     2097152 kB

/sys/kernel/mm/transparent_hugepage/enabled: always [madvise] never
/sys/kernel/mm/transparent_hugepage/defrag (defrag/compaction efforts parameter): always defer defer+madvise [madvise] never

Process Memory:
Virtual Size: 3880228K (peak: 3945956K)
Resident Set Size: 672392K (peak: 835564K) (anon: 607376K, file: 65016K, shmem: 0K)
Swapped out: 0K
C-Heap outstanding allocations: 40128K, retained: 10587K
glibc malloc tunables: (default)

/proc/sys/kernel/threads-max (system-wide limit on the number of threads): 256654
/proc/sys/vm/max_map_count (maximum number of memory map areas a process may have): 65530
/proc/sys/kernel/pid_max (system-wide limit on number of process identifiers): 4194304

container (cgroup) information:
container_type: cgroupv1
cpu_cpuset_cpus: 1-3
cpu_memory_nodes: 0
active_processor_count: 1
cpu_quota: 50000
cpu_period: 100000
cpu_shares: 512
memory_limit_in_bytes: 1048576 k
memory_and_swap_limit_in_bytes: 1048576 k
memory_soft_limit_in_bytes: 524288 k
memory_usage_in_bytes: 846580 k
memory_max_usage_in_bytes: 1048580 k
maximum number of tasks: 1000
current number of tasks: 76

KVM virtualization detected
Steal ticks since vm start: 0
Steal ticks percentage since vm start:  0.000

CPU: total 4 (initial active 1) (4 cores per cpu, 2 threads per core) family 23 model 49 stepping 0 microcode 0xffffffff, cx8, cmov, fxsr, ht, mmx, 3dnowpref, sse, sse2, sse3, ssse3, sse4a, sse4.1, sse4.2, popcnt, lzcnt, tsc, tscinvbit, avx, avx2, aes, clmul, bmi1, bmi2, adx, sha, fma, vzeroupper, clflush, clflushopt, hv
CPU Model and flags from /proc/cpuinfo:
model name	: AMD EPYC 7B12
flags		: fpu vme de pse tsc msr pae mce cx8 apic sep mtrr pge mca cmov pat pse36 clflush mmx fxsr sse sse2 ht syscall nx mmxext fxsr_opt pdpe1gb rdtscp lm constant_tsc rep_good nopl nonstop_tsc cpuid extd_apicid tsc_known_freq pni pclmulqdq ssse3 fma cx16 sse4_1 sse4_2 movbe popcnt aes xsave avx f16c rdrand hypervisor lahf_lm cmp_legacy cr8_legacy abm sse4a misalignsse 3dnowprefetch osvw topoext ssbd ibrs ibpb stibp vmmcall fsgsbase tsc_adjust bmi1 avx2 smep bmi2 rdseed adx smap clflushopt clwb sha_ni xsaveopt xsavec xgetbv1 clzero xsaveerptr arat npt nrip_save umip rdpid

Online cpus: 0-3
Offline cpus: 
BIOS frequency limitation: <Not Available>
Frequency switch latency (ns): <Not Available>
Available cpu frequencies: <Not Available>
Current governor: <Not Available>
Core performance/turbo boost: <Not Available>

Memory: 4k page, physical 1048576k(201992k free), swap 0k(0k free)
Page Sizes: 4k

vm_info: OpenJDK 64-Bit Server VM (17.0.5+8-jvmci-22.3-b08) for linux-amd64 JRE (17.0.5+8-jvmci-22.3-b08), built on Oct 19 2022 09:01:27 by "buildslave" with gcc 10.3.0

END.
