#
# A fatal error has been detected by the Java Runtime Environment:
#
#  Internal Error (jvmciRuntime.cpp:1609), pid=28, tid=42
#  fatal error: Fatal exception in JVMCI: Error calling jdk.vm.ci.services.Services.serializeSavedProperties
#
# JRE version: OpenJDK Runtime Environment GraalVM CE 22.3.0 (17.0.5+8) (build 17.0.5+8-jvmci-22.3-b08)
# Java VM: OpenJDK 64-Bit Server VM GraalVM CE 22.3.0 (17.0.5+8-jvmci-22.3-b08, mixed mode, sharing, tiered, jvmci, jvmci compiler, compressed oops, compressed class ptrs, parallel gc, linux-amd64)
# Problematic frame:
# V  [libjvm.so+0x972714]  JVMCIRuntime::fatal_exception(JVMCIEnv*, char const*)+0x74
#
# Core dump will be written. Default location: Core dumps may be processed with "/usr/share/apport/apport -p%p -s%s -c%c -d%d -P%P -u%u -g%g -- %E" (or dumping to /home/runner/PLEASE-WORK-ON-THIS-ONE-ZARA-THE-REST-ARE-FOR-HANDING-IN/core.28)
#
# If you would like to submit a bug report, please visit:
#   https://github.com/oracle/graal/issues
#

---------------  S U M M A R Y ------------

Command Line: -XX:ThreadPriorityPolicy=1 -XX:+UnlockExperimentalVMOptions -XX:+EnableJVMCIProduct -XX:JVMCIThreadsPerNativeLibraryRuntime=1 -XX:-UnlockExperimentalVMOptions -Declipse.application=org.eclipse.jdt.ls.core.id1 -Dosgi.bundles.defaultStartLevel=4 -Declipse.product=org.eclipse.jdt.ls.core.product -Dlog.level=ALL -Xverify:none -XX:+UseParallelGC -XX:GCTimeRatio=4 -XX:AdaptiveSizePolicyWeight=90 -Dsun.zip.disableMemoryMapping=true -Xmx512m -Xms100m /nix/store/m6gcpi1ii6rghy04cjwjddcavv7i90df-jdt-language-server-1.9.0/share/java/plugins/org.eclipse.equinox.launcher_1.6.400.v20210924-0641.jar --add-modules=ALL-SYSTEM --add-opens java.base/java.util=ALL-UNNAMED --add-opens java.base/java.lang=ALL-UNNAMED -configuration /home/runner/.cache/jdt-language-server/config -data /home/runner/.cache/jdt-language-server/data/home/runner/PLEASE-WORK-ON-THIS-ONE-ZARA-THE-REST-ARE-FOR-HANDING-IN

Host: AMD EPYC 7B12, 8 cores, 1G, Ubuntu 20.04.2 LTS
Time: Tue Jun  6 13:17:13 2023 UTC elapsed time: 583.241034 seconds (0d 0h 9m 43s)

---------------  T H R E A D  ---------------

Current thread (0x00007fcd9c0b2240):  JavaThread "JVMCI-native CompilerThread0" daemon [_thread_in_vm, id=42, stack(0x00007fcd8061a000,0x00007fcd8081a000)]


Current CompileTask:
JVMCI-native: 583241 11424       4       org.eclipse.jdt.core.dom.ASTNode::hashCode (5 bytes)

Stack: [0x00007fcd8061a000,0x00007fcd8081a000],  sp=0x00007fcd80818380,  free space=2040k
Native frames: (J=compiled Java code, j=interpreted, Vv=VM code, C=native code)
V  [libjvm.so+0x972714]  JVMCIRuntime::fatal_exception(JVMCIEnv*, char const*)+0x74
V  [libjvm.so+0x93e2fe]  JVMCIEnv::copy_saved_properties()+0x14e
V  [libjvm.so+0x9732a9]  JVMCIRuntime::initialize(JVMCIEnv*)+0xb19
V  [libjvm.so+0x9738a2]  JVMCIRuntime::get_HotSpotJVMCIRuntime(JVMCIEnv*)+0x12
V  [libjvm.so+0x9749f2]  JVMCIRuntime::compile_method(JVMCIEnv*, JVMCICompiler*, methodHandle const&, int)+0xd2
V  [libjvm.so+0x5b0d20]  CompileBroker::invoke_compiler_on_method(CompileTask*)+0x1470
V  [libjvm.so+0x5b12e8]  CompileBroker::compiler_thread_loop()+0x528
V  [libjvm.so+0xd82460]  JavaThread::thread_main_inner()+0xd0
V  [libjvm.so+0xd85a40]  Thread::call_run()+0xc0
V  [libjvm.so+0xbdb1e1]  thread_native_entry(Thread*)+0xe1

Register to memory mapping:

RAX=0x00007fcda02ef000 points into unknown readable memory: 0x0000000000000058 | 58 00 00 00 00 00 00 00
RBX=0x00007fcda13ea398: <offset 0x0000000000ef5398> in /nix/store/gpxl5qgg8kicmcvivwmybwjlpf7wh20l-graalvm17-ce-22.3.0/lib/server/libjvm.so at 0x00007fcda04f5000
RCX=0x00007fcda13a21e8: <offset 0x0000000000ead1e8> in /nix/store/gpxl5qgg8kicmcvivwmybwjlpf7wh20l-graalvm17-ce-22.3.0/lib/server/libjvm.so at 0x00007fcda04f5000
RDX=0x0000000000000649 is an unknown value
RSP=0x00007fcd80818380 is pointing into the stack for thread: 0x00007fcd9c0b2240
RBP=0x00007fcd808183a0 is pointing into the stack for thread: 0x00007fcd9c0b2240
RSI=0x00007fcda13eac48: <offset 0x0000000000ef5c48> in /nix/store/gpxl5qgg8kicmcvivwmybwjlpf7wh20l-graalvm17-ce-22.3.0/lib/server/libjvm.so at 0x00007fcda04f5000
RDI=0x00000000e0000000 is an oop: java.lang.String 
{0x00000000e0000000} - klass: 'java/lang/String'
 - string: "resolution"
R8 =0x00007fcda13ea398: <offset 0x0000000000ef5398> in /nix/store/gpxl5qgg8kicmcvivwmybwjlpf7wh20l-graalvm17-ce-22.3.0/lib/server/libjvm.so at 0x00007fcda04f5000
R9 =0x0000000000000003 is an unknown value
R10=0x00007fcda173bda0: <offset 0x0000000001246da0> in /nix/store/gpxl5qgg8kicmcvivwmybwjlpf7wh20l-graalvm17-ce-22.3.0/lib/server/libjvm.so at 0x00007fcda04f5000
R11=0x000000080044f048 is pointing into metadata
R12=0x0 is NULL
R13=0x00007fcd9c0b2240 is a thread
R14=0x00007fcd9c000b80 points into unknown readable memory: 0x00007fcda161ba38 | 38 ba 61 a1 cd 7f 00 00
R15=0x00007fcda1729e40: <offset 0x0000000001234e40> in /nix/store/gpxl5qgg8kicmcvivwmybwjlpf7wh20l-graalvm17-ce-22.3.0/lib/server/libjvm.so at 0x00007fcda04f5000


Registers:
RAX=0x00007fcda02ef000, RBX=0x00007fcda13ea398, RCX=0x00007fcda13a21e8, RDX=0x0000000000000649
RSP=0x00007fcd80818380, RBP=0x00007fcd808183a0, RSI=0x00007fcda13eac48, RDI=0x00000000e0000000
R8 =0x00007fcda13ea398, R9 =0x0000000000000003, R10=0x00007fcda173bda0, R11=0x000000080044f048
R12=0x0000000000000000, R13=0x00007fcd9c0b2240, R14=0x00007fcd9c000b80, R15=0x00007fcda1729e40
RIP=0x00007fcda0e67714, EFLAGS=0x0000000000010206, CSGSFS=0x002b000000000033, ERR=0x0000000000000006
  TRAPNO=0x000000000000000e

Top of Stack: (sp=0x00007fcd80818380)
0x00007fcd80818380:   00007fcd80818940 00007fcd9c0b2240
0x00007fcd80818390:   00007fcd821148c8 0000000800c417a0
0x00007fcd808183a0:   00007fcd80818500 00007fcda0e332fe
0x00007fcd808183b0:   00007fcd808183e0 00007fcd80818440 

Instructions: (pc=0x00007fcda0e67714)
0x00007fcda0e67614:   30 e8 f6 cf e8 ff 4c 89 e7 e8 2e 48 d1 ff 84 db
0x00007fcda0e67624:   75 2a 4d 85 ed 74 04 4d 8b 6d 00 48 83 c4 08 44
0x00007fcda0e67634:   89 f9 4c 89 f2 4c 89 ee 5b 4c 89 e7 41 5c 41 5d
0x00007fcda0e67644:   41 5e 41 5f 5d e9 e2 47 d1 ff 66 90 48 83 c4 08
0x00007fcda0e67654:   5b 41 5c 41 5d 41 5e 41 5f 5d c3 90 31 d2 be 08
0x00007fcda0e67664:   00 00 00 4c 89 ff e8 b1 78 a3 ff 49 89 c5 e9 37
0x00007fcda0e67674:   ff ff ff 66 0f 1f 84 00 00 00 00 00 48 8b 7a 08
0x00007fcda0e67684:   e9 6d ff ff ff 0f 1f 80 00 00 00 00 e8 5b 48 0a
0x00007fcda0e67694:   00 84 c0 75 89 e9 6a ff ff ff 66 90 55 48 89 e5
0x00007fcda0e676a4:   41 56 41 55 41 54 49 89 fc 53 48 89 f3 66 48 8d
0x00007fcda0e676b4:   3d 27 5e 85 00 66 66 48 e8 df 43 8d ff 4c 8b 28
0x00007fcda0e676c4:   8b 05 be 72 8a 00 85 c0 75 14 ba 01 00 00 00 48
0x00007fcda0e676d4:   8d 0d ae 72 8a 00 f0 0f b1 11 85 c0 74 4e be c8
0x00007fcda0e676e4:   00 00 00 4c 89 ef e8 01 0b 41 00 48 8d 05 12 ac
0x00007fcda0e676f4:   85 00 49 89 d8 48 8d 0d e8 aa 53 00 ba 49 06 00
0x00007fcda0e67704:   00 48 8d 35 3c 35 58 00 bf 00 00 00 e0 48 8b 00
0x00007fcda0e67714:   c6 00 58 31 c0 e8 e2 91 c6 ff 5b 41 5c 41 5d 41
0x00007fcda0e67724:   5e 5d e9 55 34 26 00 0f 1f 44 00 00 48 8d 05 81
0x00007fcda0e67734:   a3 8b 00 48 89 df 4c 8b 30 e8 9e 43 8d ff 48 89
0x00007fcda0e67744:   de 48 89 c2 49 8b 06 4c 89 f7 ff 50 08 4c 89 f7
0x00007fcda0e67754:   e8 a7 5c 27 00 4d 85 e4 74 12 be 01 00 00 00 4c
0x00007fcda0e67764:   89 e7 e8 35 43 fc ff eb 82 0f 1f 00 be 01 00 00
0x00007fcda0e67774:   00 4c 89 ef e8 d3 fd ff ff e9 6d ff ff ff 66 66
0x00007fcda0e67784:   2e 0f 1f 84 00 00 00 00 00 0f 1f 00 55 48 89 e5
0x00007fcda0e67794:   41 57 41 56 41 55 41 54 53 48 81 ec 08 02 00 00
0x00007fcda0e677a4:   64 48 8b 04 25 28 00 00 00 48 89 45 c8 8b 07 83
0x00007fcda0e677b4:   f8 02 0f 84 11 04 00 00 4c 8b 6f 18 49 89 ff 49
0x00007fcda0e677c4:   89 f4 4d 85 ed 74 14 4c 89 ef e8 5d 57 22 00 41
0x00007fcda0e677d4:   8b 07 83 f8 02 0f 84 19 04 00 00 48 8d 1d 9a 06
0x00007fcda0e677e4:   8a 00 4c 8d 35 0b 3c 58 00 eb 38 90 48 85 d2 7f
0x00007fcda0e677f4:   0d 48 8d 05 b4 c0 85 00 48 83 38 00 7e 0e 41 8b
0x00007fcda0e67804:   77 2c 4c 89 f7 31 c0 e8 a0 b2 f7 ff 49 8b 7f 18 


Stack slot to memory mapping:
stack at sp + 0 slots: 0x00007fcd80818940 is pointing into the stack for thread: 0x00007fcd9c0b2240
stack at sp + 1 slots: 0x00007fcd9c0b2240 is a thread
stack at sp + 2 slots: 0x00007fcd821148c8 points into unknown readable memory: 0x65730018052dffff | ff ff 2d 05 18 00 73 65
stack at sp + 3 slots: 0x0000000800c417a0 is a pointer to class: 
jdk.vm.ci.services.Services {0x0000000800c417a0}
 - instance size:     2
 - klass size:        65
 - access:            public final synchronized 
 - state:             fully_initialized
 - name:              'jdk/vm/ci/services/Services'
 - super:             'java/lang/Object'
 - sub:               
 - arrays:            NULL
 - methods:           Array<T>(0x00007fcd810451c8)
 - method ordering:   Array<T>(0x0000000800928960)
 - default_methods:   Array<T>(0x0000000000000000)
 - local interfaces:  Array<T>(0x00000008005ce810)
 - trans. interfaces: Array<T>(0x00000008005ce810)
 - constants:         constant pool [427] {0x00007fcd81043fd0} for 'jdk/vm/ci/services/Services' cache=0x00007fcd81046700
 - class loader data:  loader data: 0x00007fcd9c028430 of 'bootstrap'
 - source file:       'Services.java'
 - class annotations:       Array<T>(0x0000000000000000)
 - class type annotations:  Array<T>(0x0000000000000000)
 - field annotations:       Array<T>(0x0000000000000000)
 - field type annotations:  Array<T>(0x0000000000000000)
 - inner classes:     Array<T>(0x00007fcd810464d8)
 - nest members:     Array<T>(0x00007fcd810464f8)
 - permitted subclasses:     Array<T>(0x00000008005ce7a0)
 - java mirror:       a 'java/lang/Class'{0x00000000e0148d08} = 'jdk/vm/ci/services/Services'
 - vtable length      5  (start addr: 0x0000000800c41970)
 - itable length      2 (start addr: 0x0000000800c41998)
 - ---- static fields (3 words):
 - public static final 'IS_BUILDING_NATIVE_IMAGE' 'Z' @128 
 - public static final 'IS_IN_NATIVE_IMAGE' 'Z' @129 
 - private static volatile 'savedProperties' 'Ljava/util/Map;' @112 
 - static final 'JVMCI_ENABLED' 'Z' @130 
 - private static final 'servicesCache' 'Ljava/util/Map;' @116 
 - private static final 'MAX_UNICODE_IN_UTF8_LENGTH' 'I' @120 
 - private static final 'MAX_UTF8_PROPERTY_STRING_LENGTH' 'I' @124 
 - ---- non-static fields (0 words):
 - non-static oop maps: 
stack at sp + 4 slots: 0x00007fcd80818500 is pointing into the stack for thread: 0x00007fcd9c0b2240
stack at sp + 5 slots: 0x00007fcda0e332fe: <offset 0x000000000093e2fe> in /nix/store/gpxl5qgg8kicmcvivwmybwjlpf7wh20l-graalvm17-ce-22.3.0/lib/server/libjvm.so at 0x00007fcda04f5000
stack at sp + 6 slots: 0x00007fcd808183e0 is pointing into the stack for thread: 0x00007fcd9c0b2240
stack at sp + 7 slots: 0x00007fcd80818440 is pointing into the stack for thread: 0x00007fcd9c0b2240


---------------  P R O C E S S  ---------------

Threads class SMR info:
_java_thread_list=0x00007fcce8000c40, length=34, elements={
0x00007fcd9c0266d0, 0x00007fcd9c0a6510, 0x00007fcd9c0a7950, 0x00007fcd9c0ae0b0,
0x00007fcd9c0af460, 0x00007fcd9c0b0850, 0x00007fcd9c0b2240, 0x00007fcd9c0b3750,
0x00007fcd9c0b47b0, 0x00007fcd9c0df5e0, 0x00007fcd9c1275b0, 0x00007fcd9c33b240,
0x00007fcd9c36ea40, 0x00007fcd9c3709a0, 0x00007fcd9c635710, 0x00007fcd30036f80,
0x00007fcd302caa00, 0x00007fcd180010d0, 0x00007fcd304a6dc0, 0x00007fcd30617940,
0x00007fcd9c36aeb0, 0x00007fcd9c4caf00, 0x00007fcd14001130, 0x00007fcd04000ff0,
0x00007fccf8454860, 0x00007fcd0019fe20, 0x00007fcd18043040, 0x00007fcd001a0d00,
0x00007fcd00127f30, 0x00007fcd00129d60, 0x00007fcd00128dc0, 0x00007fcd0004d920,
0x00007fcd0018fb10, 0x00007fccc8001070
}

Java Threads: ( => current thread )
  0x00007fcd9c0266d0 JavaThread "main" [_thread_blocked, id=34, stack(0x00007fcda0310000,0x00007fcda0410000)]
  0x00007fcd9c0a6510 JavaThread "Reference Handler" daemon [_thread_blocked, id=37, stack(0x00007fcd80f00000,0x00007fcd81000000)]
  0x00007fcd9c0a7950 JavaThread "Finalizer" daemon [_thread_blocked, id=38, stack(0x00007fcd80e00000,0x00007fcd80f00000)]
  0x00007fcd9c0ae0b0 JavaThread "Signal Dispatcher" daemon [_thread_blocked, id=39, stack(0x00007fcd80a1a000,0x00007fcd80b1a000)]
  0x00007fcd9c0af460 JavaThread "Service Thread" daemon [_thread_blocked, id=40, stack(0x00007fcd8091a000,0x00007fcd80a1a000)]
  0x00007fcd9c0b0850 JavaThread "Monitor Deflation Thread" daemon [_thread_blocked, id=41, stack(0x00007fcd8081a000,0x00007fcd8091a000)]
=>0x00007fcd9c0b2240 JavaThread "JVMCI-native CompilerThread0" daemon [_thread_in_vm, id=42, stack(0x00007fcd8061a000,0x00007fcd8081a000)]
  0x00007fcd9c0b3750 JavaThread "C1 CompilerThread0" daemon [_thread_blocked, id=43, stack(0x00007fcd8041a000,0x00007fcd8061a000)]
  0x00007fcd9c0b47b0 JavaThread "Sweeper thread" daemon [_thread_blocked, id=44, stack(0x00007fcd8031a000,0x00007fcd8041a000)]
  0x00007fcd9c0df5e0 JavaThread "Common-Cleaner" daemon [_thread_blocked, id=47, stack(0x00007fcd8021a000,0x00007fcd8031a000)]
  0x00007fcd9c1275b0 JavaThread "Notification Thread" daemon [_thread_blocked, id=48, stack(0x00007fcd8011a000,0x00007fcd8021a000)]
  0x00007fcd9c33b240 JavaThread "Active Thread: Equinox Container: 72ff3d4d-8b5a-4e06-8926-6ab4faa64d8f" [_thread_blocked, id=62, stack(0x00007fcd48900000,0x00007fcd48a00000)]
  0x00007fcd9c36ea40 JavaThread "Framework Event Dispatcher: Equinox Container: 72ff3d4d-8b5a-4e06-8926-6ab4faa64d8f" daemon [_thread_blocked, id=63, stack(0x00007fcd48700000,0x00007fcd48800000)]
  0x00007fcd9c3709a0 JavaThread "Start Level: Equinox Container: 72ff3d4d-8b5a-4e06-8926-6ab4faa64d8f" daemon [_thread_blocked, id=64, stack(0x00007fcd48500000,0x00007fcd48600000)]
  0x00007fcd9c635710 JavaThread "Refresh Thread: Equinox Container: 72ff3d4d-8b5a-4e06-8926-6ab4faa64d8f" daemon [_thread_blocked, id=65, stack(0x00007fcd48300000,0x00007fcd48400000)]
  0x00007fcd30036f80 JavaThread "SCR Component Actor" daemon [_thread_blocked, id=74, stack(0x00007fcd48100000,0x00007fcd48200000)]
  0x00007fcd302caa00 JavaThread "Worker-JM" [_thread_blocked, id=77, stack(0x00007fcd47d00000,0x00007fcd47e00000)]
  0x00007fcd180010d0 JavaThread "Worker-1" [_thread_blocked, id=87, stack(0x00007fcd47900000,0x00007fcd47a00000)]
  0x00007fcd304a6dc0 JavaThread "Java indexing" daemon [_thread_blocked, id=88, stack(0x00007fcd47700000,0x00007fcd47800000)]
  0x00007fcd30617940 JavaThread "Bundle File Closer" daemon [_thread_blocked, id=90, stack(0x00007fcd47400000,0x00007fcd47500000)]
  0x00007fcd9c36aeb0 JavaThread "pool-3-thread-1" [_thread_blocked, id=98, stack(0x00007fcd47300000,0x00007fcd47400000)]
  0x00007fcd9c4caf00 JavaThread "pool-2-thread-1" [_thread_blocked, id=100, stack(0x00007fcd47100000,0x00007fcd47200000)]
  0x00007fcd14001130 JavaThread "Worker-3: Java indexing... " [_thread_blocked, id=101, stack(0x00007fcd46f00000,0x00007fcd47000000)]
  0x00007fcd04000ff0 JavaThread "Worker-4: Publish Diagnostics" [_thread_blocked, id=102, stack(0x00007fcd46d00000,0x00007fcd46e00000)]
  0x00007fccf8454860 JavaThread "Okio Watchdog" daemon [_thread_blocked, id=176, stack(0x00007fcd46b00000,0x00007fcd46c00000)]
  0x00007fcd0019fe20 JavaThread "Thread-4" [_thread_blocked, id=220, stack(0x00007fcd48000000,0x00007fcd48100000)]
  0x00007fcd18043040 JavaThread "Worker-7: Compacting resource model" [_thread_blocked, id=221, stack(0x00007fcd47c00000,0x00007fcd47d00000)]
  0x00007fcd001a0d00 JavaThread "Thread-5" [_thread_blocked, id=223, stack(0x00007fcd47800000,0x00007fcd47900000)]
  0x00007fcd00127f30 JavaThread "Thread-9" [_thread_blocked, id=242, stack(0x00007fcd46500000,0x00007fcd46600000)]
  0x00007fcd00129d60 JavaThread "Thread-11" [_thread_blocked, id=244, stack(0x00007fcd46200000,0x00007fcd46300000)]
  0x00007fcd00128dc0 JavaThread "Thread-12" [_thread_blocked, id=261, stack(0x00007fcd46600000,0x00007fcd46700000)]
  0x00007fcd0004d920 JavaThread "Thread-13" [_thread_blocked, id=270, stack(0x00007fcd48800000,0x00007fcd48900000)]
  0x00007fcd0018fb10 JavaThread "Thread-15" [_thread_blocked, id=328, stack(0x00007fcd46700000,0x00007fcd46800000)]
  0x00007fccc8001070 JavaThread "Worker-8" [_thread_blocked, id=1186, stack(0x00007fcd47b00000,0x00007fcd47c00000)]

Other Threads:
  0x00007fcd9c0a1c50 VMThread "VM Thread" [stack: 0x00007fcd818bd000,0x00007fcd819bd000] [id=36] _threads_hazard_ptr=0x00007fcce8000c40
  0x00007fcd9c128f50 WatcherThread [stack: 0x00007fcd8001a000,0x00007fcd8011a000] [id=49]
  0x00007fcd9c03df70 GCTaskThread "GC Thread#0" [stack: 0x00007fcd832b2000,0x00007fcd833b2000] [id=35]

Threads with active compile tasks:
JVMCI-native CompilerThread0   583319 11424       4       org.eclipse.jdt.core.dom.ASTNode::hashCode (5 bytes)

VM state: synchronizing (normal execution)

VM Mutex/Monitor currently owned by a thread:  ([mutex/lock_event])
[0x00007fcd9c023880] Threads_lock - owner thread: 0x00007fcd9c0a1c50
[0x00007fcd9c024030] Heap_lock - owner thread: 0x00007fcd04000ff0

OutOfMemory and StackOverflow Exception counts:
OutOfMemoryError java_heap_errors=1
LinkageErrors=66

Heap address: 0x00000000e0000000, size: 512 MB, Compressed Oops mode: 32-bit

CDS archive(s) mapped at: [0x0000000800000000-0x0000000800bc8000-0x0000000800bc8000), size 12353536, SharedBaseAddress: 0x0000000800000000, ArchiveRelocationMode: 0.
Compressed class space mapped at: 0x0000000800c00000-0x0000000840c00000, reserved size: 1073741824
Narrow klass base: 0x0000000800000000, Narrow klass shift: 0, Narrow klass range: 0x100000000

GC Precious Log:
 CPUs: 8 total, 1 available
 Memory: 1024M
 Large Page Support: Disabled
 NUMA Support: Disabled
 Compressed Oops: Enabled (32-bit)
 Alignments: Space 512K, Generation 512K, Heap 2M
 Heap Min Capacity: 100M
 Heap Initial Capacity: 100M
 Heap Max Capacity: 512M
 Pre-touch: Disabled
 Parallel Workers: 1

Heap:
 PSYoungGen      total 41984K, used 30720K [0x00000000f5580000, 0x00000000f8a80000, 0x0000000100000000)
  eden space 30720K, 100% used [0x00000000f5580000,0x00000000f7380000,0x00000000f7380000)
  from space 11264K, 0% used [0x00000000f7380000,0x00000000f7380000,0x00000000f7e80000)
  to   space 8704K, 0% used [0x00000000f8200000,0x00000000f8200000,0x00000000f8a80000)
 ParOldGen       total 349696K, used 349695K [0x00000000e0000000, 0x00000000f5580000, 0x00000000f5580000)
  object space 349696K, 99% used [0x00000000e0000000,0x00000000f557ffd0,0x00000000f5580000)
 Metaspace       used 63938K, committed 65024K, reserved 1114112K
  class space    used 6042K, committed 6528K, reserved 1048576K

Card table byte_map: [0x00007fcd833b2000,0x00007fcd834b3000] _byte_map_base: 0x00007fcd82cb2000

Marking Bits: (ParMarkBitMap*) 0x00007fcda17234c0
 Begin Bits: [0x00007fcd822b0000, 0x00007fcd82ab0000)
 End Bits:   [0x00007fcd82ab0000, 0x00007fcd832b0000)

Polling page: 0x00007fcda02ed000

Metaspace:

Usage:
  Non-class:     56.54 MB used.
      Class:      5.90 MB used.
       Both:     62.44 MB used.

Virtual space:
  Non-class space:       64.00 MB reserved,      57.12 MB ( 89%) committed,  8 nodes.
      Class space:        1.00 GB reserved,       6.38 MB ( <1%) committed,  1 nodes.
             Both:        1.06 GB reserved,      63.50 MB (  6%) committed. 

Chunk freelists:
   Non-Class:  2.47 MB
       Class:  1.75 MB
        Both:  4.21 MB

MaxMetaspaceSize: unlimited
CompressedClassSpaceSize: 1.00 GB
Initial GC threshold: 21.00 MB
Current GC threshold: 105.62 MB
CDS: on
MetaspaceReclaimPolicy: balanced
 - commit_granule_bytes: 65536.
 - commit_granule_words: 8192.
 - virtual_space_node_default_size: 1048576.
 - enlarge_chunks_in_place: 1.
 - new_chunks_are_fully_committed: 0.
 - uncommit_free_chunks: 1.
 - use_allocation_guard: 0.
 - handle_deallocations: 1.


Internal statistics:

num_allocs_failed_limit: 6.
num_arena_births: 514.
num_arena_deaths: 154.
num_vsnodes_births: 9.
num_vsnodes_deaths: 0.
num_space_committed: 1015.
num_space_uncommitted: 0.
num_chunks_returned_to_freelist: 217.
num_chunks_taken_from_freelist: 3019.
num_chunk_merges: 88.
num_chunk_splits: 1987.
num_chunks_enlarged: 1266.
num_purges: 4.
num_inconsistent_stats: 0.

CodeHeap 'non-profiled nmethods': size=120036Kb used=2985Kb max_used=2985Kb free=117050Kb
 bounds [0x00007fcd8af7a000, 0x00007fcd8b26a000, 0x00007fcd924b3000]
CodeHeap 'profiled nmethods': size=120032Kb used=21129Kb max_used=21129Kb free=98903Kb
 bounds [0x00007fcd83a42000, 0x00007fcd84ef2000, 0x00007fcd8af7a000]
CodeHeap 'non-nmethods': size=5692Kb used=1394Kb max_used=1402Kb free=4297Kb
 bounds [0x00007fcd834b3000, 0x00007fcd83723000, 0x00007fcd83a42000]
 total_blobs=9749 nmethods=9016 adapters=630
 compilation: enabled
              stopped_count=0, restarted_count=0
 full_count=0

JVMCI Events (20 events):
Event: 485.321 Thread 0x00007fcd9c0b2240 destroyed JavaVM[4]@0x00007fcd45c9e340 for JVMCI runtime 0
Event: 485.321 Thread 0x00007fcd9c0b2240 compacted oop handles in JVMCI runtime 0 from 51 to 51
Event: 485.321 Thread 0x00007fcd9c0b2240 releasing handles for JVMCI runtime 0: oop handles=51, metadata handles={total=96, live=93, blocks=42}
Event: 485.322 Thread 0x00007fcd9c0b2240 detached from JVMCI runtime 0
Event: 506.750 Thread 0x00007fcd9c0b2240 attached to JVMCI runtime 0
Event: 506.751 Thread 0x00007fcd9c0b2240 created JavaVM[5]@0x00007fcd45c9e340 for JVMCI runtime 0
Event: 506.751 Thread 0x00007fcd9c0b2240 initializing JVMCI runtime 0
Event: 506.751 Thread 0x00007fcd9c0b2240 done waiting for JavaVM references initialization in JVMCI runtime 0
Event: 531.996 Thread 0x00007fcd9c0b2240 initialized JVMCI runtime 0
Event: 542.928 Thread 0x00007fcd9c0b2240 detaching from JVMCI runtime 0: releasing idle compiler thread (0 other threads still attached)
Event: 542.928 Thread 0x00007fcd9c0b2240 shutting down HotSpotJVMCIRuntime for JVMCI runtime 0
Event: 542.929 Thread 0x00007fcd9c0b2240 shut down JVMCI runtime 0
Event: 542.930 Thread 0x00007fcd9c0b2240 destroyed JavaVM[5]@0x00007fcd45c9e340 for JVMCI runtime 0
Event: 542.930 Thread 0x00007fcd9c0b2240 compacted oop handles in JVMCI runtime 0 from 42 to 42
Event: 542.930 Thread 0x00007fcd9c0b2240 releasing handles for JVMCI runtime 0: oop handles=42, metadata handles={total=88, live=77, blocks=42}
Event: 542.930 Thread 0x00007fcd9c0b2240 detached from JVMCI runtime 0
Event: 572.202 Thread 0x00007fcd9c0b2240 attached to JVMCI runtime 0
Event: 572.203 Thread 0x00007fcd9c0b2240 created JavaVM[6]@0x00007fcd45c9e340 for JVMCI runtime 0
Event: 572.203 Thread 0x00007fcd9c0b2240 initializing JVMCI runtime 0
Event: 572.203 Thread 0x00007fcd9c0b2240 done waiting for JavaVM references initialization in JVMCI runtime 0

Compilation events (20 events):
Event: 436.030 Thread 0x00007fcd9c0b3750 nmethod 11413 0x00007fcd84ee2790 code [0x00007fcd84ee2920, 0x00007fcd84ee2a30]
Event: 436.030 Thread 0x00007fcd9c0b3750 11414       3       org.eclipse.jdt.core.dom.VariableDeclarationFragment::internalNameProperty (4 bytes)
Event: 436.030 Thread 0x00007fcd9c0b3750 nmethod 11414 0x00007fcd84ee2b10 code [0x00007fcd84ee2ca0, 0x00007fcd84ee2db0]
Event: 438.701 Thread 0x00007fcd9c0b3750 11415       3       org.eclipse.jdt.core.dom.VariableDeclaration::getExtraDimensions (20 bytes)
Event: 438.701 Thread 0x00007fcd9c0b3750 nmethod 11415 0x00007fcd84ee2e90 code [0x00007fcd84ee3040, 0x00007fcd84ee3430]
Event: 453.829 Thread 0x00007fcd9c0b2240 11416  s    4       org.eclipse.jdt.internal.core.search.processing.JobManager::awaitingJobsCount (21 bytes)
Event: 468.828 Thread 0x00007fcd9c0b2240 nmethod 11416 0x00007fcd8b262590 code [0x00007fcd8b262720, 0x00007fcd8b262958]
Event: 468.829 Thread 0x00007fcd9c0b2240 11417   !   4       org.eclipse.jdt.core.dom.AST::preAddChildEvent (60 bytes)
Event: 471.608 Thread 0x00007fcd9c0b3750 11420       3       org.eclipse.jdt.core.dom.Block::<init> (21 bytes)
Event: 471.608 Thread 0x00007fcd9c0b3750 nmethod 11420 0x00007fcd84ee3590 code [0x00007fcd84ee3780, 0x00007fcd84ee3c50]
Event: 477.005 Thread 0x00007fcd9c0b2240 nmethod 11417 0x00007fcd8b262a90 code [0x00007fcd8b262c20, 0x00007fcd8b2631a8]
Event: 477.005 Thread 0x00007fcd9c0b2240 11418   !   4       org.eclipse.jdt.core.dom.AST::postAddChildEvent (60 bytes)
Event: 482.533 Thread 0x00007fcd9c0b2240 nmethod 11418 0x00007fcd8b263390 code [0x00007fcd8b263520, 0x00007fcd8b263aa8]
Event: 482.533 Thread 0x00007fcd9c0b2240 11419       4       org.eclipse.jdt.core.dom.ASTNode::checkNewChild (127 bytes)
Event: 482.540 Thread 0x00007fcd9c0b2240 nmethod 11419 0x00007fcd8b263c90 code [0x00007fcd8b263e20, 0x00007fcd8b264048]
Event: 506.750 Thread 0x00007fcd9c0b2240 11421       4       java.lang.Thread::interrupted (23 bytes)
Event: 541.726 Thread 0x00007fcd9c0b2240 nmethod 11421 0x00007fcd8b264290 code [0x00007fcd8b264420, 0x00007fcd8b2644b0]
Event: 552.709 Thread 0x00007fcd9c0b3750 11423       3       org.eclipse.jdt.core.dom.ExpressionStatement::setExpression (41 bytes)
Event: 552.709 Thread 0x00007fcd9c0b3750 nmethod 11423 0x00007fcd84ee3e90 code [0x00007fcd84ee4060, 0x00007fcd84ee42e0]
Event: 572.202 Thread 0x00007fcd9c0b2240 11424       4       org.eclipse.jdt.core.dom.ASTNode::hashCode (5 bytes)

GC Heap History (20 events):
Event: 569.336 GC heap before
{Heap before GC invocations=527 (full 361):
 PSYoungGen      total 41984K, used 30720K [0x00000000f5580000, 0x00000000f8a80000, 0x0000000100000000)
  eden space 30720K, 100% used [0x00000000f5580000,0x00000000f7380000,0x00000000f7380000)
  from space 11264K, 0% used [0x00000000f7380000,0x00000000f7380000,0x00000000f7e80000)
  to   space 8704K, 0% used [0x00000000f8200000,0x00000000f8200000,0x00000000f8a80000)
 ParOldGen       total 349696K, used 349694K [0x00000000e0000000, 0x00000000f5580000, 0x00000000f5580000)
  object space 349696K, 99% used [0x00000000e0000000,0x00000000f557fa10,0x00000000f5580000)
 Metaspace       used 63938K, committed 65024K, reserved 1114112K
  class space    used 6042K, committed 6528K, reserved 1048576K
}
Event: 570.797 GC heap after
{Heap after GC invocations=527 (full 361):
 PSYoungGen      total 39424K, used 30720K [0x00000000f5580000, 0x00000000f8a80000, 0x0000000100000000)
  eden space 30720K, 100% used [0x00000000f5580000,0x00000000f7380000,0x00000000f7380000)
  from space 8704K, 0% used [0x00000000f8200000,0x00000000f8200000,0x00000000f8a80000)
  to   space 11264K, 0% used [0x00000000f7380000,0x00000000f7380000,0x00000000f7e80000)
 ParOldGen       total 349696K, used 349692K [0x00000000e0000000, 0x00000000f5580000, 0x00000000f5580000)
  object space 349696K, 99% used [0x00000000e0000000,0x00000000f557f078,0x00000000f5580000)
 Metaspace       used 63938K, committed 65024K, reserved 1114112K
  class space    used 6042K, committed 6528K, reserved 1048576K
}
Event: 570.797 GC heap before
{Heap before GC invocations=528 (full 362):
 PSYoungGen      total 39424K, used 30720K [0x00000000f5580000, 0x00000000f8a80000, 0x0000000100000000)
  eden space 30720K, 100% used [0x00000000f5580000,0x00000000f7380000,0x00000000f7380000)
  from space 8704K, 0% used [0x00000000f8200000,0x00000000f8200000,0x00000000f8a80000)
  to   space 11264K, 0% used [0x00000000f7380000,0x00000000f7380000,0x00000000f7e80000)
 ParOldGen       total 349696K, used 349694K [0x00000000e0000000, 0x00000000f5580000, 0x00000000f5580000)
  object space 349696K, 99% used [0x00000000e0000000,0x00000000f557f858,0x00000000f5580000)
 Metaspace       used 63938K, committed 65024K, reserved 1114112K
  class space    used 6042K, committed 6528K, reserved 1048576K
}
Event: 572.201 GC heap after
{Heap after GC invocations=528 (full 362):
 PSYoungGen      total 41984K, used 30719K [0x00000000f5580000, 0x00000000f8a80000, 0x0000000100000000)
  eden space 30720K, 99% used [0x00000000f5580000,0x00000000f737ffe8,0x00000000f7380000)
  from space 11264K, 0% used [0x00000000f7380000,0x00000000f7380000,0x00000000f7e80000)
  to   space 8704K, 0% used [0x00000000f8200000,0x00000000f8200000,0x00000000f8a80000)
 ParOldGen       total 349696K, used 349693K [0x00000000e0000000, 0x00000000f5580000, 0x00000000f5580000)
  object space 349696K, 99% used [0x00000000e0000000,0x00000000f557f4f0,0x00000000f5580000)
 Metaspace       used 63938K, committed 65024K, reserved 1114112K
  class space    used 6042K, committed 6528K, reserved 1048576K
}
Event: 572.203 GC heap before
{Heap before GC invocations=529 (full 363):
 PSYoungGen      total 41984K, used 30720K [0x00000000f5580000, 0x00000000f8a80000, 0x0000000100000000)
  eden space 30720K, 100% used [0x00000000f5580000,0x00000000f7380000,0x00000000f7380000)
  from space 11264K, 0% used [0x00000000f7380000,0x00000000f7380000,0x00000000f7e80000)
  to   space 8704K, 0% used [0x00000000f8200000,0x00000000f8200000,0x00000000f8a80000)
 ParOldGen       total 349696K, used 349695K [0x00000000e0000000, 0x00000000f5580000, 0x00000000f5580000)
  object space 349696K, 99% used [0x00000000e0000000,0x00000000f557fe80,0x00000000f5580000)
 Metaspace       used 63938K, committed 65024K, reserved 1114112K
  class space    used 6042K, committed 6528K, reserved 1048576K
}
Event: 573.811 GC heap after
{Heap after GC invocations=529 (full 363):
 PSYoungGen      total 39424K, used 30719K [0x00000000f5580000, 0x00000000f8a80000, 0x0000000100000000)
  eden space 30720K, 99% used [0x00000000f5580000,0x00000000f737ffd0,0x00000000f7380000)
  from space 8704K, 0% used [0x00000000f8200000,0x00000000f8200000,0x00000000f8a80000)
  to   space 11264K, 0% used [0x00000000f7380000,0x00000000f7380000,0x00000000f7e80000)
 ParOldGen       total 349696K, used 349691K [0x00000000e0000000, 0x00000000f5580000, 0x00000000f5580000)
  object space 349696K, 99% used [0x00000000e0000000,0x00000000f557ede8,0x00000000f5580000)
 Metaspace       used 63938K, committed 65024K, reserved 1114112K
  class space    used 6042K, committed 6528K, reserved 1048576K
}
Event: 573.811 GC heap before
{Heap before GC invocations=530 (full 364):
 PSYoungGen      total 39424K, used 30719K [0x00000000f5580000, 0x00000000f8a80000, 0x0000000100000000)
  eden space 30720K, 99% used [0x00000000f5580000,0x00000000f737fff0,0x00000000f7380000)
  from space 8704K, 0% used [0x00000000f8200000,0x00000000f8200000,0x00000000f8a80000)
  to   space 11264K, 0% used [0x00000000f7380000,0x00000000f7380000,0x00000000f7e80000)
 ParOldGen       total 349696K, used 349691K [0x00000000e0000000, 0x00000000f5580000, 0x00000000f5580000)
  object space 349696K, 99% used [0x00000000e0000000,0x00000000f557ede8,0x00000000f5580000)
 Metaspace       used 63938K, committed 65024K, reserved 1114112K
  class space    used 6042K, committed 6528K, reserved 1048576K
}
Event: 575.208 GC heap after
{Heap after GC invocations=530 (full 364):
 PSYoungGen      total 41984K, used 30719K [0x00000000f5580000, 0x00000000f8a80000, 0x0000000100000000)
  eden space 30720K, 99% used [0x00000000f5580000,0x00000000f737fff0,0x00000000f7380000)
  from space 11264K, 0% used [0x00000000f7380000,0x00000000f7380000,0x00000000f7e80000)
  to   space 8704K, 0% used [0x00000000f8200000,0x00000000f8200000,0x00000000f8a80000)
 ParOldGen       total 349696K, used 349691K [0x00000000e0000000, 0x00000000f5580000, 0x00000000f5580000)
  object space 349696K, 99% used [0x00000000e0000000,0x00000000f557ede8,0x00000000f5580000)
 Metaspace       used 63938K, committed 65024K, reserved 1114112K
  class space    used 6042K, committed 6528K, reserved 1048576K
}
Event: 575.208 GC heap before
{Heap before GC invocations=531 (full 365):
 PSYoungGen      total 41984K, used 30720K [0x00000000f5580000, 0x00000000f8a80000, 0x0000000100000000)
  eden space 30720K, 100% used [0x00000000f5580000,0x00000000f7380000,0x00000000f7380000)
  from space 11264K, 0% used [0x00000000f7380000,0x00000000f7380000,0x00000000f7e80000)
  to   space 8704K, 0% used [0x00000000f8200000,0x00000000f8200000,0x00000000f8a80000)
 ParOldGen       total 349696K, used 349693K [0x00000000e0000000, 0x00000000f5580000, 0x00000000f5580000)
  object space 349696K, 99% used [0x00000000e0000000,0x00000000f557f498,0x00000000f5580000)
 Metaspace       used 63938K, committed 65024K, reserved 1114112K
  class space    used 6042K, committed 6528K, reserved 1048576K
}
Event: 576.509 GC heap after
{Heap after GC invocations=531 (full 365):
 PSYoungGen      total 39424K, used 30719K [0x00000000f5580000, 0x00000000f8a80000, 0x0000000100000000)
  eden space 30720K, 99% used [0x00000000f5580000,0x00000000f737ffd8,0x00000000f7380000)
  from space 8704K, 0% used [0x00000000f8200000,0x00000000f8200000,0x00000000f8a80000)
  to   space 11264K, 0% used [0x00000000f7380000,0x00000000f7380000,0x00000000f7e80000)
 ParOldGen       total 349696K, used 349692K [0x00000000e0000000, 0x00000000f5580000, 0x00000000f5580000)
  object space 349696K, 99% used [0x00000000e0000000,0x00000000f557f268,0x00000000f5580000)
 Metaspace       used 63938K, committed 65024K, reserved 1114112K
  class space    used 6042K, committed 6528K, reserved 1048576K
}
Event: 576.510 GC heap before
{Heap before GC invocations=532 (full 366):
 PSYoungGen      total 39424K, used 30719K [0x00000000f5580000, 0x00000000f8a80000, 0x0000000100000000)
  eden space 30720K, 99% used [0x00000000f5580000,0x00000000f737fff0,0x00000000f7380000)
  from space 8704K, 0% used [0x00000000f8200000,0x00000000f8200000,0x00000000f8a80000)
  to   space 11264K, 0% used [0x00000000f7380000,0x00000000f7380000,0x00000000f7e80000)
 ParOldGen       total 349696K, used 349692K [0x00000000e0000000, 0x00000000f5580000, 0x00000000f5580000)
  object space 349696K, 99% used [0x00000000e0000000,0x00000000f557f268,0x00000000f5580000)
 Metaspace       used 63938K, committed 65024K, reserved 1114112K
  class space    used 6042K, committed 6528K, reserved 1048576K
}
Event: 577.893 GC heap after
{Heap after GC invocations=532 (full 366):
 PSYoungGen      total 41984K, used 30719K [0x00000000f5580000, 0x00000000f8a80000, 0x0000000100000000)
  eden space 30720K, 99% used [0x00000000f5580000,0x00000000f737fff0,0x00000000f7380000)
  from space 11264K, 0% used [0x00000000f7380000,0x00000000f7380000,0x00000000f7e80000)
  to   space 8704K, 0% used [0x00000000f8200000,0x00000000f8200000,0x00000000f8a80000)
 ParOldGen       total 349696K, used 349692K [0x00000000e0000000, 0x00000000f5580000, 0x00000000f5580000)
  object space 349696K, 99% used [0x00000000e0000000,0x00000000f557f268,0x00000000f5580000)
 Metaspace       used 63938K, committed 65024K, reserved 1114112K
  class space    used 6042K, committed 6528K, reserved 1048576K
}
Event: 577.894 GC heap before
{Heap before GC invocations=533 (full 367):
 PSYoungGen      total 41984K, used 30719K [0x00000000f5580000, 0x00000000f8a80000, 0x0000000100000000)
  eden space 30720K, 99% used [0x00000000f5580000,0x00000000f737fff0,0x00000000f7380000)
  from space 11264K, 0% used [0x00000000f7380000,0x00000000f7380000,0x00000000f7e80000)
  to   space 8704K, 0% used [0x00000000f8200000,0x00000000f8200000,0x00000000f8a80000)
 ParOldGen       total 349696K, used 349695K [0x00000000e0000000, 0x00000000f5580000, 0x00000000f5580000)
  object space 349696K, 99% used [0x00000000e0000000,0x00000000f557fd48,0x00000000f5580000)
 Metaspace       used 63938K, committed 65024K, reserved 1114112K
  class space    used 6042K, committed 6528K, reserved 1048576K
}
Event: 579.230 GC heap after
{Heap after GC invocations=533 (full 367):
 PSYoungGen      total 39424K, used 30719K [0x00000000f5580000, 0x00000000f8a80000, 0x0000000100000000)
  eden space 30720K, 99% used [0x00000000f5580000,0x00000000f737ffd8,0x00000000f7380000)
  from space 8704K, 0% used [0x00000000f8200000,0x00000000f8200000,0x00000000f8a80000)
  to   space 11264K, 0% used [0x00000000f7380000,0x00000000f7380000,0x00000000f7e80000)
 ParOldGen       total 349696K, used 349694K [0x00000000e0000000, 0x00000000f5580000, 0x00000000f5580000)
  object space 349696K, 99% used [0x00000000e0000000,0x00000000f557fb88,0x00000000f5580000)
 Metaspace       used 63938K, committed 65024K, reserved 1114112K
  class space    used 6042K, committed 6528K, reserved 1048576K
}
Event: 579.231 GC heap before
{Heap before GC invocations=534 (full 368):
 PSYoungGen      total 39424K, used 30719K [0x00000000f5580000, 0x00000000f8a80000, 0x0000000100000000)
  eden space 30720K, 99% used [0x00000000f5580000,0x00000000f737fff8,0x00000000f7380000)
  from space 8704K, 0% used [0x00000000f8200000,0x00000000f8200000,0x00000000f8a80000)
  to   space 11264K, 0% used [0x00000000f7380000,0x00000000f7380000,0x00000000f7e80000)
 ParOldGen       total 349696K, used 349694K [0x00000000e0000000, 0x00000000f5580000, 0x00000000f5580000)
  object space 349696K, 99% used [0x00000000e0000000,0x00000000f557fb88,0x00000000f5580000)
 Metaspace       used 63938K, committed 65024K, reserved 1114112K
  class space    used 6042K, committed 6528K, reserved 1048576K
}
Event: 580.539 GC heap after
{Heap after GC invocations=534 (full 368):
 PSYoungGen      total 41984K, used 30719K [0x00000000f5580000, 0x00000000f8a80000, 0x0000000100000000)
  eden space 30720K, 99% used [0x00000000f5580000,0x00000000f737fff8,0x00000000f7380000)
  from space 11264K, 0% used [0x00000000f7380000,0x00000000f7380000,0x00000000f7e80000)
  to   space 8704K, 0% used [0x00000000f8200000,0x00000000f8200000,0x00000000f8a80000)
 ParOldGen       total 349696K, used 349694K [0x00000000e0000000, 0x00000000f5580000, 0x00000000f5580000)
  object space 349696K, 99% used [0x00000000e0000000,0x00000000f557fb88,0x00000000f5580000)
 Metaspace       used 63938K, committed 65024K, reserved 1114112K
  class space    used 6042K, committed 6528K, reserved 1048576K
}
Event: 580.540 GC heap before
{Heap before GC invocations=535 (full 369):
 PSYoungGen      total 41984K, used 30719K [0x00000000f5580000, 0x00000000f8a80000, 0x0000000100000000)
  eden space 30720K, 99% used [0x00000000f5580000,0x00000000f737fff8,0x00000000f7380000)
  from space 11264K, 0% used [0x00000000f7380000,0x00000000f7380000,0x00000000f7e80000)
  to   space 8704K, 0% used [0x00000000f8200000,0x00000000f8200000,0x00000000f8a80000)
 ParOldGen       total 349696K, used 349695K [0x00000000e0000000, 0x00000000f5580000, 0x00000000f5580000)
  object space 349696K, 99% used [0x00000000e0000000,0x00000000f557ffe8,0x00000000f5580000)
 Metaspace       used 63938K, committed 65024K, reserved 1114112K
  class space    used 6042K, committed 6528K, reserved 1048576K
}
Event: 581.891 GC heap after
{Heap after GC invocations=535 (full 369):
 PSYoungGen      total 39424K, used 30719K [0x00000000f5580000, 0x00000000f8a80000, 0x0000000100000000)
  eden space 30720K, 99% used [0x00000000f5580000,0x00000000f737ffe0,0x00000000f7380000)
  from space 8704K, 0% used [0x00000000f8200000,0x00000000f8200000,0x00000000f8a80000)
  to   space 11264K, 0% used [0x00000000f7380000,0x00000000f7380000,0x00000000f7e80000)
 ParOldGen       total 349696K, used 349695K [0x00000000e0000000, 0x00000000f5580000, 0x00000000f5580000)
  object space 349696K, 99% used [0x00000000e0000000,0x00000000f557fe20,0x00000000f5580000)
 Metaspace       used 63938K, committed 65024K, reserved 1114112K
  class space    used 6042K, committed 6528K, reserved 1048576K
}
Event: 581.891 GC heap before
{Heap before GC invocations=536 (full 370):
 PSYoungGen      total 39424K, used 30719K [0x00000000f5580000, 0x00000000f8a80000, 0x0000000100000000)
  eden space 30720K, 99% used [0x00000000f5580000,0x00000000f737ffe0,0x00000000f7380000)
  from space 8704K, 0% used [0x00000000f8200000,0x00000000f8200000,0x00000000f8a80000)
  to   space 11264K, 0% used [0x00000000f7380000,0x00000000f7380000,0x00000000f7e80000)
 ParOldGen       total 349696K, used 349695K [0x00000000e0000000, 0x00000000f5580000, 0x00000000f5580000)
  object space 349696K, 99% used [0x00000000e0000000,0x00000000f557fe20,0x00000000f5580000)
 Metaspace       used 63938K, committed 65024K, reserved 1114112K
  class space    used 6042K, committed 6528K, reserved 1048576K
}
Event: 583.225 GC heap after
{Heap after GC invocations=536 (full 370):
 PSYoungGen      total 41984K, used 30719K [0x00000000f5580000, 0x00000000f8a80000, 0x0000000100000000)
  eden space 30720K, 99% used [0x00000000f5580000,0x00000000f737ffe0,0x00000000f7380000)
  from space 11264K, 0% used [0x00000000f7380000,0x00000000f7380000,0x00000000f7e80000)
  to   space 8704K, 0% used [0x00000000f8200000,0x00000000f8200000,0x00000000f8a80000)
 ParOldGen       total 349696K, used 349695K [0x00000000e0000000, 0x00000000f5580000, 0x00000000f5580000)
  object space 349696K, 99% used [0x00000000e0000000,0x00000000f557fe20,0x00000000f5580000)
 Metaspace       used 63938K, committed 65024K, reserved 1114112K
  class space    used 6042K, committed 6528K, reserved 1048576K
}

Dll operation events (9 events):
Event: 0.003 Loaded shared library /nix/store/gpxl5qgg8kicmcvivwmybwjlpf7wh20l-graalvm17-ce-22.3.0/lib/libjava.so
Event: 0.013 Loaded shared library /nix/store/gpxl5qgg8kicmcvivwmybwjlpf7wh20l-graalvm17-ce-22.3.0/lib/libjsvml.so
Event: 0.220 Loaded shared library /nix/store/gpxl5qgg8kicmcvivwmybwjlpf7wh20l-graalvm17-ce-22.3.0/lib/libnio.so
Event: 0.223 Loaded shared library /nix/store/gpxl5qgg8kicmcvivwmybwjlpf7wh20l-graalvm17-ce-22.3.0/lib/libzip.so
Event: 0.226 Loaded shared library /nix/store/gpxl5qgg8kicmcvivwmybwjlpf7wh20l-graalvm17-ce-22.3.0/lib/libjvmcicompiler.so
Event: 0.524 Loaded shared library /nix/store/gpxl5qgg8kicmcvivwmybwjlpf7wh20l-graalvm17-ce-22.3.0/lib/libjimage.so
Event: 1.101 Loaded shared library /nix/store/gpxl5qgg8kicmcvivwmybwjlpf7wh20l-graalvm17-ce-22.3.0/lib/libnet.so
Event: 4.111 Loaded shared library /home/runner/.cache/jdt-language-server/config/org.eclipse.equinox.launcher/org.eclipse.equinox.launcher.gtk.linux.x86_64_1.2.400.v20211117-0650/eclipse_11600.so
Event: 12.702 Loaded shared library /nix/store/gpxl5qgg8kicmcvivwmybwjlpf7wh20l-graalvm17-ce-22.3.0/lib/libextnet.so

Deoptimization events (20 events):
Event: 77.542 Thread 0x00007fcd304a6dc0 DEOPT PACKING pc=0x00007fcd84c77aec sp=0x00007fcd477fe530
Event: 77.542 Thread 0x00007fcd304a6dc0 DEOPT UNPACKING pc=0x00007fcd83505325 sp=0x00007fcd477fda20 mode 0
Event: 77.544 Thread 0x00007fcd304a6dc0 DEOPT PACKING pc=0x00007fcd84c77b5d sp=0x00007fcd477fe530
Event: 77.544 Thread 0x00007fcd304a6dc0 DEOPT UNPACKING pc=0x00007fcd83505325 sp=0x00007fcd477fda20 mode 0
Event: 79.695 Thread 0x00007fcd18007280 DEOPT PACKING pc=0x00007fcd8454cc13 sp=0x00007fcd475fd500
Event: 79.695 Thread 0x00007fcd18007280 DEOPT UNPACKING pc=0x00007fcd83505325 sp=0x00007fcd475fcbc8 mode 0
Event: 79.708 Thread 0x00007fcd18007280 DEOPT PACKING pc=0x00007fcd8454cc13 sp=0x00007fcd475fd1f0
Event: 79.708 Thread 0x00007fcd18007280 DEOPT UNPACKING pc=0x00007fcd83505325 sp=0x00007fcd475fc8b8 mode 0
Event: 79.901 Thread 0x00007fcd18007280 DEOPT PACKING pc=0x00007fcd8454cc13 sp=0x00007fcd475fccd0
Event: 79.901 Thread 0x00007fcd18007280 DEOPT UNPACKING pc=0x00007fcd83505325 sp=0x00007fcd475fc398 mode 0
Event: 80.003 Thread 0x00007fcd18007280 DEOPT PACKING pc=0x00007fcd8454cc13 sp=0x00007fcd475fcc10
Event: 80.003 Thread 0x00007fcd18007280 DEOPT UNPACKING pc=0x00007fcd83505325 sp=0x00007fcd475fc2d8 mode 0
Event: 80.111 Thread 0x00007fcd18007280 DEOPT PACKING pc=0x00007fcd8454cc13 sp=0x00007fcd475fd3e0
Event: 80.111 Thread 0x00007fcd18007280 DEOPT UNPACKING pc=0x00007fcd83505325 sp=0x00007fcd475fcaa8 mode 0
Event: 83.712 Thread 0x00007fcd9c4caf00 DEOPT PACKING pc=0x00007fcd8431ebf1 sp=0x00007fcd471fd500
Event: 83.712 Thread 0x00007fcd9c4caf00 DEOPT UNPACKING pc=0x00007fcd83505325 sp=0x00007fcd471fca18 mode 0
Event: 108.422 Thread 0x00007fcd140c5f70 DEOPT PACKING pc=0x00007fcd83c83159 sp=0x00007fcd469fddc0
Event: 108.422 Thread 0x00007fcd140c5f70 DEOPT UNPACKING pc=0x00007fcd83505325 sp=0x00007fcd469fd2f0 mode 0
Event: 108.521 Thread 0x00007fcd140c5f70 DEOPT PACKING pc=0x00007fcd84bd2d30 sp=0x00007fcd469fdb90
Event: 108.521 Thread 0x00007fcd140c5f70 DEOPT UNPACKING pc=0x00007fcd83505325 sp=0x00007fcd469fd070 mode 0

Classes unloaded (20 events):
Event: 105.718 Thread 0x00007fcd9c0a1c50 Unloading class 0x0000000800d99000 'java/lang/invoke/LambdaForm$MH+0x0000000800d99000'
Event: 105.718 Thread 0x00007fcd9c0a1c50 Unloading class 0x0000000800d98c00 'java/lang/invoke/LambdaForm$MH+0x0000000800d98c00'
Event: 105.718 Thread 0x00007fcd9c0a1c50 Unloading class 0x0000000800d98800 'java/lang/invoke/LambdaForm$MH+0x0000000800d98800'
Event: 105.718 Thread 0x00007fcd9c0a1c50 Unloading class 0x0000000800d98400 'java/lang/invoke/LambdaForm$MH+0x0000000800d98400'
Event: 105.718 Thread 0x00007fcd9c0a1c50 Unloading class 0x0000000800d98000 'jdk/internal/reflect/GeneratedConstructorAccessor3'
Event: 105.718 Thread 0x00007fcd9c0a1c50 Unloading class 0x0000000800d06800 'java/lang/invoke/LambdaForm$MH+0x0000000800d06800'
Event: 105.718 Thread 0x00007fcd9c0a1c50 Unloading class 0x0000000800d06000 'java/lang/invoke/LambdaForm$MH+0x0000000800d06000'
Event: 105.718 Thread 0x00007fcd9c0a1c50 Unloading class 0x0000000800d05c00 'java/lang/invoke/LambdaForm$MH+0x0000000800d05c00'
Event: 105.718 Thread 0x00007fcd9c0a1c50 Unloading class 0x0000000800d05800 'java/lang/invoke/LambdaForm$MH+0x0000000800d05800'
Event: 105.718 Thread 0x00007fcd9c0a1c50 Unloading class 0x0000000800d05000 'java/lang/invoke/LambdaForm$MH+0x0000000800d05000'
Event: 105.718 Thread 0x00007fcd9c0a1c50 Unloading class 0x0000000800d04c00 'java/lang/invoke/LambdaForm$MH+0x0000000800d04c00'
Event: 105.718 Thread 0x00007fcd9c0a1c50 Unloading class 0x0000000800d04800 'java/lang/invoke/LambdaForm$MH+0x0000000800d04800'
Event: 105.718 Thread 0x00007fcd9c0a1c50 Unloading class 0x0000000800d04000 'java/lang/invoke/LambdaForm$MH+0x0000000800d04000'
Event: 105.718 Thread 0x00007fcd9c0a1c50 Unloading class 0x0000000800c1d000 'jdk/internal/reflect/GeneratedMethodAccessor5'
Event: 105.718 Thread 0x00007fcd9c0a1c50 Unloading class 0x0000000800c1cc00 'jdk/internal/reflect/GeneratedMethodAccessor4'
Event: 105.718 Thread 0x00007fcd9c0a1c50 Unloading class 0x0000000800c1c800 'jdk/internal/reflect/GeneratedMethodAccessor3'
Event: 105.718 Thread 0x00007fcd9c0a1c50 Unloading class 0x0000000800c1c400 'jdk/internal/reflect/GeneratedMethodAccessor2'
Event: 105.718 Thread 0x00007fcd9c0a1c50 Unloading class 0x0000000800c1c000 'jdk/internal/reflect/GeneratedMethodAccessor1'
Event: 105.718 Thread 0x00007fcd9c0a1c50 Unloading class 0x0000000800c01c00 'java/lang/invoke/LambdaForm$DMH+0x0000000800c01c00'
Event: 256.714 Thread 0x00007fcd9c0a1c50 Unloading class 0x0000000801248400 'jdk/internal/reflect/GeneratedConstructorAccessor46'

Classes redefined (0 events):
No events

Internal exceptions (20 events):
Event: 37.997 Thread 0x00007fcd1c32d470 Exception <a 'java/lang/NoSuchMethodError'{0x00000000f59b4d70}: 'java.lang.Object java.lang.invoke.DirectMethodHandle$Holder.invokeSpecial(java.lang.Object, java.lang.Object, java.lang.Object, java.lang.Object, int, java.lang.Object)'> (0x00000000f59b4d70) 
thrown [src/hotspot/share/interpreter/linkResolver.cpp, line 758]
Event: 37.997 Thread 0x00007fcd1c32d470 Exception <a 'java/lang/NoSuchMethodError'{0x00000000f59dfa48}: 'java.lang.Object java.lang.invoke.Invokers$Holder.linkToTargetMethod(java.lang.Object, java.lang.Object, int, java.lang.Object, java.lang.Object)'> (0x00000000f59dfa48) 
thrown [src/hotspot/share/interpreter/linkResolver.cpp, line 758]
Event: 38.119 Thread 0x00007fcd9c4caf00 Implicit null exception at 0x00007fcd8b010f4a to 0x00007fcd8b011dd2
Event: 40.124 Thread 0x00007fcd304a6dc0 Implicit null exception at 0x00007fcd8b15d266 to 0x00007fcd8b163962
Event: 44.193 Thread 0x00007fcd3032cd20 Exception <a 'java/lang/NoSuchMethodError'{0x00000000f568b5f0}: 'java.lang.Object java.lang.invoke.DirectMethodHandle$Holder.invokeStatic(java.lang.Object, java.lang.Object, java.lang.Object, long)'> (0x00000000f568b5f0) 
thrown [src/hotspot/share/interpreter/linkResolver.cpp, line 758]
Event: 44.195 Thread 0x00007fcd3032cd20 Exception <a 'java/lang/NoSuchMethodError'{0x00000000f56936a8}: 'java.lang.Object java.lang.invoke.DirectMethodHandle$Holder.newInvokeSpecial(java.lang.Object, java.lang.Object, java.lang.Object, long)'> (0x00000000f56936a8) 
thrown [src/hotspot/share/interpreter/linkResolver.cpp, line 758]
Event: 44.195 Thread 0x00007fcd3032cd20 Exception <a 'java/lang/NoSuchMethodError'{0x00000000f5697ef8}: 'java.lang.Object java.lang.invoke.DirectMethodHandle$Holder.invokeSpecial(java.lang.Object, java.lang.Object, java.lang.Object, java.lang.Object, long)'> (0x00000000f5697ef8) 
thrown [src/hotspot/share/interpreter/linkResolver.cpp, line 758]
Event: 44.195 Thread 0x00007fcd3032cd20 Exception <a 'java/lang/NoSuchMethodError'{0x00000000f569bcc8}: 'java.lang.Object java.lang.invoke.Invokers$Holder.linkToTargetMethod(java.lang.Object, java.lang.Object, long, java.lang.Object)'> (0x00000000f569bcc8) 
thrown [src/hotspot/share/interpreter/linkResolver.cpp, line 758]
Event: 44.204 Thread 0x00007fcd3032cd20 Exception <a 'java/io/FileNotFoundException'{0x00000000f5708788}> (0x00000000f5708788) 
thrown [src/hotspot/share/prims/jni.cpp, line 516]
Event: 44.555 Thread 0x00007fcd180010d0 Exception <a 'java/lang/NoSuchMethodError'{0x00000000f55d0c28}: 'java.lang.Object java.lang.invoke.DirectMethodHandle$Holder.newInvokeSpecial(java.lang.Object, java.lang.Object, int, java.lang.Object, java.lang.Object)'> (0x00000000f55d0c28) 
thrown [src/hotspot/share/interpreter/linkResolver.cpp, line 758]
Event: 44.555 Thread 0x00007fcd180010d0 Exception <a 'java/lang/NoSuchMethodError'{0x00000000f55d6178}: 'java.lang.Object java.lang.invoke.DirectMethodHandle$Holder.invokeSpecial(java.lang.Object, java.lang.Object, java.lang.Object, int, java.lang.Object, java.lang.Object)'> (0x00000000f55d6178) 
thrown [src/hotspot/share/interpreter/linkResolver.cpp, line 758]
Event: 44.635 Thread 0x00007fcd180010d0 Implicit null exception at 0x00007fcd8b168db0 to 0x00007fcd8b168ffa
Event: 47.092 Thread 0x00007fcd0019e160 Implicit null exception at 0x00007fcd8b19a422 to 0x00007fcd8b19a7b2
Event: 49.694 Thread 0x00007fcd04000ff0 Implicit null exception at 0x00007fcd8b0d51b5 to 0x00007fcd8b0d57fa
Event: 52.711 Thread 0x00007fcd0019fe20 Exception <a 'java/io/FileNotFoundException'{0x00000000f5f01f08}> (0x00000000f5f01f08) 
thrown [src/hotspot/share/prims/jni.cpp, line 516]
Event: 53.192 Thread 0x00007fcd0019e160 Exception <a 'java/lang/NoSuchMethodError'{0x00000000f6372218}: 'java.lang.Object java.lang.invoke.DirectMethodHandle$Holder.invokeStatic(java.lang.Object, int, java.lang.Object, java.lang.Object, java.lang.Object, java.lang.Object)'> (0x00000000f6372218) 
thrown [src/hotspot/share/interpreter/linkResolver.cpp, line 758]
Event: 53.193 Thread 0x00007fcd0019e160 Exception <a 'java/lang/NoSuchMethodError'{0x00000000f63a1608}: 'java.lang.Object java.lang.invoke.DirectMethodHandle$Holder.newInvokeSpecial(java.lang.Object, int, java.lang.Object, java.lang.Object, java.lang.Object)'> (0x00000000f63a1608) 
thrown [src/hotspot/share/interpreter/linkResolver.cpp, line 758]
Event: 54.307 Thread 0x00007fcd0019e160 Exception <a 'java/lang/NoSuchMethodError'{0x00000000f5a8d988}: 'void java.lang.invoke.DirectMethodHandle$Holder.invokeSpecial(java.lang.Object, java.lang.Object, int)'> (0x00000000f5a8d988) 
thrown [src/hotspot/share/interpreter/linkResolver.cpp, line 758]
Event: 56.794 Thread 0x00007fcd0019e160 Exception <a 'java/lang/NoSuchMethodError'{0x00000000f5f201b0}: 'int java.lang.invoke.DirectMethodHandle$Holder.invokeSpecialIFC(java.lang.Object, java.lang.Object, java.lang.Object, java.lang.Object)'> (0x00000000f5f201b0) 
thrown [src/hotspot/share/interpreter/linkResolver.cpp, line 758]
Event: 583.225 Thread 0x00007fcd9c0b2240 Exception <a 'java/lang/OutOfMemoryError'{0x00000000e0004128}> (0x00000000e0004128) 
thrown [src/hotspot/share/gc/shared/memAllocator.cpp, line 136]

VM Operations (20 events):
Event: 568.097 Executing VM operation: ParallelGCFailedAllocation
Event: 569.334 Executing VM operation: ParallelGCFailedAllocation done
Event: 569.336 Executing VM operation: ParallelGCFailedAllocation
Event: 570.797 Executing VM operation: ParallelGCFailedAllocation done
Event: 570.797 Executing VM operation: ParallelGCFailedAllocation
Event: 572.201 Executing VM operation: ParallelGCFailedAllocation done
Event: 572.203 Executing VM operation: ParallelGCFailedAllocation
Event: 573.811 Executing VM operation: ParallelGCFailedAllocation done
Event: 573.811 Executing VM operation: ParallelGCFailedAllocation
Event: 575.208 Executing VM operation: ParallelGCFailedAllocation done
Event: 575.208 Executing VM operation: ParallelGCFailedAllocation
Event: 576.510 Executing VM operation: ParallelGCFailedAllocation done
Event: 576.510 Executing VM operation: ParallelGCFailedAllocation
Event: 577.893 Executing VM operation: ParallelGCFailedAllocation done
Event: 577.894 Executing VM operation: ParallelGCFailedAllocation
Event: 579.230 Executing VM operation: ParallelGCFailedAllocation done
Event: 579.230 Executing VM operation: ParallelGCFailedAllocation
Event: 580.539 Executing VM operation: ParallelGCFailedAllocation done
Event: 580.540 Executing VM operation: ParallelGCFailedAllocation
Event: 583.225 Executing VM operation: ParallelGCFailedAllocation done

Events (20 events):
Event: 68.544 Thread 0x00007fcd9c0b47b0 flushing nmethod 0x00007fcd849ff090
Event: 68.544 Thread 0x00007fcd9c0b47b0 flushing nmethod 0x00007fcd84a16f90
Event: 68.544 Thread 0x00007fcd9c0b47b0 flushing nmethod 0x00007fcd84a1ea90
Event: 68.544 Thread 0x00007fcd9c0b47b0 flushing nmethod 0x00007fcd84a21910
Event: 68.544 Thread 0x00007fcd9c0b47b0 flushing nmethod 0x00007fcd84a44f90
Event: 75.010 Thread 0x00007fcd0018fb10 Thread added: 0x00007fcd0018fb10
Event: 75.010 Protecting memory [0x00007fcd46700000,0x00007fcd46704000] with protection modes 0
Event: 77.202 Thread 0x00007fcd0010f500 Thread added: 0x00007fcd0010f500
Event: 77.202 Protecting memory [0x00007fcd46300000,0x00007fcd46304000] with protection modes 0
Event: 77.204 Thread 0x00007fcd0010f500 Thread exited: 0x00007fcd0010f500
Event: 92.742 Thread 0x00007fccfc0031e0 Thread exited: 0x00007fccfc0031e0
Event: 178.828 Thread 0x00007fcd18007280 Thread exited: 0x00007fcd18007280
Event: 178.828 Thread 0x00007fcd1c32d470 Thread exited: 0x00007fcd1c32d470
Event: 194.299 Thread 0x00007fcd140c5f70 Thread exited: 0x00007fcd140c5f70
Event: 194.300 Thread 0x00007fcd3032cd20 Thread exited: 0x00007fcd3032cd20
Event: 333.814 Thread 0x00007fccc8001070 Thread added: 0x00007fccc8001070
Event: 333.814 Protecting memory [0x00007fcd47b00000,0x00007fcd47b04000] with protection modes 0
Event: 440.039 Thread 0x00007fccf8443c20 Thread exited: 0x00007fccf8443c20
Event: 440.041 Thread 0x00007fccfc001eb0 Thread exited: 0x00007fccfc001eb0
Event: 485.322 Thread 0x00007fccf8444730 Thread exited: 0x00007fccf8444730


Dynamic libraries:
e0000000-f5580000 rw-p 00000000 00:00 0 
f5580000-f8a80000 rw-p 00000000 00:00 0 
f8a80000-100000000 ---p 00000000 00:00 0 
800000000-800449000 rw-p 00001000 00:c6b 4611686019135357769             /nix/store/gpxl5qgg8kicmcvivwmybwjlpf7wh20l-graalvm17-ce-22.3.0/lib/server/classes.jsa
800449000-800bc8000 r--p 0044a000 00:c6b 4611686019135357769             /nix/store/gpxl5qgg8kicmcvivwmybwjlpf7wh20l-graalvm17-ce-22.3.0/lib/server/classes.jsa
800bc8000-800c00000 ---p 00000000 00:00 0 
800c00000-800c20000 rw-p 00000000 00:00 0 
800c20000-800c40000 rw-p 00000000 00:00 0 
800c40000-800cc0000 rw-p 00000000 00:00 0 
800cc0000-800d00000 rw-p 00000000 00:00 0 
800d00000-800dc0000 rw-p 00000000 00:00 0 
800dc0000-800e00000 rw-p 00000000 00:00 0 
800e00000-800f40000 rw-p 00000000 00:00 0 
800f40000-800fc0000 rw-p 00000000 00:00 0 
800fc0000-801000000 rw-p 00000000 00:00 0 
801000000-801260000 rw-p 00000000 00:00 0 
801260000-840c00000 ---p 00000000 00:00 0 
560da33b1000-560da33b2000 r-xp 00000000 00:c6b 4611686019099417844       /nix/store/gpxl5qgg8kicmcvivwmybwjlpf7wh20l-graalvm17-ce-22.3.0/bin/.java-wrapped
560da33b3000-560da33b4000 r--p 00001000 00:c6b 4611686019099417844       /nix/store/gpxl5qgg8kicmcvivwmybwjlpf7wh20l-graalvm17-ce-22.3.0/bin/.java-wrapped
560da33b4000-560da33b5000 rw-p 00002000 00:c6b 4611686019099417844       /nix/store/gpxl5qgg8kicmcvivwmybwjlpf7wh20l-graalvm17-ce-22.3.0/bin/.java-wrapped
560da33b5000-560da33b6000 rw-p 00004000 00:c6b 4611686019099417844       /nix/store/gpxl5qgg8kicmcvivwmybwjlpf7wh20l-graalvm17-ce-22.3.0/bin/.java-wrapped
560da33b6000-560da33b7000 rw-p 00005000 00:c6b 4611686019099417844       /nix/store/gpxl5qgg8kicmcvivwmybwjlpf7wh20l-graalvm17-ce-22.3.0/bin/.java-wrapped
560da4f0e000-560da4f56000 rw-p 00000000 00:00 0                          [heap]
7fccb0000000-7fccb0021000 rw-p 00000000 00:00 0 
7fccb0021000-7fccb4000000 ---p 00000000 00:00 0 
7fccb4000000-7fccb4049000 rw-p 00000000 00:00 0 
7fccb4049000-7fccb8000000 ---p 00000000 00:00 0 
7fccb8000000-7fccb8029000 rw-p 00000000 00:00 0 
7fccb8029000-7fccbc000000 ---p 00000000 00:00 0 
7fccbc000000-7fccbc021000 rw-p 00000000 00:00 0 
7fccbc021000-7fccc0000000 ---p 00000000 00:00 0 
7fccc0000000-7fccc0021000 rw-p 00000000 00:00 0 
7fccc0021000-7fccc4000000 ---p 00000000 00:00 0 
7fccc4000000-7fccc4027000 rw-p 00000000 00:00 0 
7fccc4027000-7fccc8000000 ---p 00000000 00:00 0 
7fccc8000000-7fccc8021000 rw-p 00000000 00:00 0 
7fccc8021000-7fcccc000000 ---p 00000000 00:00 0 
7fcccc000000-7fcccc046000 rw-p 00000000 00:00 0 
7fcccc046000-7fccd0000000 ---p 00000000 00:00 0 
7fccd0000000-7fccd0101000 rw-p 00000000 00:00 0 
7fccd0101000-7fccd4000000 ---p 00000000 00:00 0 
7fccd4000000-7fccd40ad000 rw-p 00000000 00:00 0 
7fccd40ad000-7fccd8000000 ---p 00000000 00:00 0 
7fccd8000000-7fccd8021000 rw-p 00000000 00:00 0 
7fccd8021000-7fccdc000000 ---p 00000000 00:00 0 
7fccdc000000-7fccdc021000 rw-p 00000000 00:00 0 
7fccdc021000-7fcce0000000 ---p 00000000 00:00 0 
7fcce0000000-7fcce0021000 rw-p 00000000 00:00 0 
7fcce0021000-7fcce4000000 ---p 00000000 00:00 0 
7fcce4000000-7fcce4021000 rw-p 00000000 00:00 0 
7fcce4021000-7fcce8000000 ---p 00000000 00:00 0 
7fcce8000000-7fcce8021000 rw-p 00000000 00:00 0 
7fcce8021000-7fccec000000 ---p 00000000 00:00 0 
7fccec800000-7fccec9a0000 rw-p 00000000 00:00 0 
7fccec9a0000-7fcced000000 ---p 00000000 00:00 0 
7fcced400000-7fccedc00000 rw-p 00000000 00:00 0 
7fccee4b3000-7fccf8000000 r--s 00000000 00:c6b 4611686019135192581       /nix/store/gpxl5qgg8kicmcvivwmybwjlpf7wh20l-graalvm17-ce-22.3.0/lib/modules
7fccf8000000-7fccf85a1000 rw-p 00000000 00:00 0 
7fccf85a1000-7fccfc000000 ---p 00000000 00:00 0 
7fccfc000000-7fccfc021000 rw-p 00000000 00:00 0 
7fccfc021000-7fcd00000000 ---p 00000000 00:00 0 
7fcd00000000-7fcd001bc000 rw-p 00000000 00:00 0 
7fcd001bc000-7fcd04000000 ---p 00000000 00:00 0 
7fcd04000000-7fcd04021000 rw-p 00000000 00:00 0 
7fcd04021000-7fcd08000000 ---p 00000000 00:00 0 
7fcd08000000-7fcd08021000 rw-p 00000000 00:00 0 
7fcd08021000-7fcd0c000000 ---p 00000000 00:00 0 
7fcd0c000000-7fcd0c021000 rw-p 00000000 00:00 0 
7fcd0c021000-7fcd10000000 ---p 00000000 00:00 0 
7fcd10000000-7fcd10081000 rw-p 00000000 00:00 0 
7fcd10081000-7fcd14000000 ---p 00000000 00:00 0 
7fcd14000000-7fcd140f0000 rw-p 00000000 00:00 0 
7fcd140f0000-7fcd18000000 ---p 00000000 00:00 0 
7fcd18000000-7fcd18052000 rw-p 00000000 00:00 0 
7fcd18052000-7fcd1c000000 ---p 00000000 00:00 0 
7fcd1c000000-7fcd1c331000 rw-p 00000000 00:00 0 
7fcd1c331000-7fcd20000000 ---p 00000000 00:00 0 
7fcd20000000-7fcd2002c000 rw-p 00000000 00:00 0 
7fcd2002c000-7fcd24000000 ---p 00000000 00:00 0 
7fcd24000000-7fcd24021000 rw-p 00000000 00:00 0 
7fcd24021000-7fcd28000000 ---p 00000000 00:00 0 
7fcd28000000-7fcd28021000 rw-p 00000000 00:00 0 
7fcd28021000-7fcd2c000000 ---p 00000000 00:00 0 
7fcd2c800000-7fcd2c980000 rw-p 00000000 00:00 0 
7fcd2c980000-7fcd2ca00000 rw-p 00000000 00:00 0 
7fcd2ca00000-7fcd2cf00000 rw-p 00000000 00:00 0 
7fcd2cf00000-7fcd2cf80000 rw-p 00000000 00:00 0 
7fcd2cf80000-7fcd2d000000 ---p 00000000 00:00 0 
7fcd2dc00000-7fcd2dd00000 rw-p 00000000 00:00 0 
7fcd2dd00000-7fcd2de00000 rw-p 00000000 00:00 0 
7fcd2de00000-7fcd2e400000 rw-p 00000000 00:00 0 
7fcd2e400000-7fcd2e480000 rw-p 00000000 00:00 0 
7fcd2e480000-7fcd2e500000 rw-p 00000000 00:00 0 
7fcd2e500000-7fcd2e700000 rw-p 00000000 00:00 0 
7fcd2e700000-7fcd2e900000 rw-p 00000000 00:00 0 
7fcd2e900000-7fcd2ea00000 rw-p 00000000 00:00 0 
7fcd2ea00000-7fcd2ec00000 rw-p 00000000 00:00 0 
7fcd2ec00000-7fcd2ed00000 rw-p 00000000 00:00 0 
7fcd2ed00000-7fcd2ee00000 rw-p 00000000 00:00 0 
7fcd2ee00000-7fcd2f400000 rw-p 00000000 00:00 0 
7fcd2f400000-7fcd2f500000 rw-p 00000000 00:00 0 
7fcd2f500000-7fcd2f600000 rw-p 00000000 00:00 0 
7fcd2f600000-7fcd2f900000 rw-p 00000000 00:00 0 
7fcd2f900000-7fcd2fa00000 rw-p 00000000 00:00 0 
7fcd2fa00000-7fcd2fc00000 rw-p 00000000 00:00 0 
7fcd2fc00000-7fcd2fc10000 r-xp 00000000 00:c5c 358                       /home/runner/.cache/jdt-language-server/config/org.eclipse.equinox.launcher/org.eclipse.equinox.launcher.gtk.linux.x86_64_1.2.400.v20211117-0650/eclipse_11600.so
7fcd2fc10000-7fcd2fe0f000 ---p 00010000 00:c5c 358                       /home/runner/.cache/jdt-language-server/config/org.eclipse.equinox.launcher/org.eclipse.equinox.launcher.gtk.linux.x86_64_1.2.400.v20211117-0650/eclipse_11600.so
7fcd2fe0f000-7fcd2fe10000 r--p 0000f000 00:c5c 358                       /home/runner/.cache/jdt-language-server/config/org.eclipse.equinox.launcher/org.eclipse.equinox.launcher.gtk.linux.x86_64_1.2.400.v20211117-0650/eclipse_11600.so
7fcd2fe10000-7fcd2fe11000 rw-p 00010000 00:c5c 358                       /home/runner/.cache/jdt-language-server/config/org.eclipse.equinox.launcher/org.eclipse.equinox.launcher.gtk.linux.x86_64_1.2.400.v20211117-0650/eclipse_11600.so
7fcd30000000-7fcd308e3000 rw-p 00000000 00:00 0 
7fcd308e3000-7fcd34000000 ---p 00000000 00:00 0 
7fcd34000000-7fcd34035000 rw-p 00000000 00:00 0 
7fcd34035000-7fcd38000000 ---p 00000000 00:00 0 
7fcd38000000-7fcd38021000 rw-p 00000000 00:00 0 
7fcd38021000-7fcd3c000000 ---p 00000000 00:00 0 
7fcd3c000000-7fcd3c021000 rw-p 00000000 00:00 0 
7fcd3c021000-7fcd40000000 ---p 00000000 00:00 0 
7fcd40000000-7fcd40021000 rw-p 00000000 00:00 0 
7fcd40021000-7fcd44000000 ---p 00000000 00:00 0 
7fcd45000000-7fcd45100000 ---p 00000000 00:00 0 
7fcd45100000-7fcd456af000 r--p 01122000 00:c6b 4611686019135190040       /nix/store/gpxl5qgg8kicmcvivwmybwjlpf7wh20l-graalvm17-ce-22.3.0/lib/libjvmcicompiler.so
7fcd456af000-7fcd45800000 r--p 00000000 00:00 0 
7fcd45800000-7fcd4583d000 rw-p 00000000 00:00 0 
7fcd4583d000-7fcd45d5d000 rw-p 0185f000 00:c6b 4611686019135190040       /nix/store/gpxl5qgg8kicmcvivwmybwjlpf7wh20l-graalvm17-ce-22.3.0/lib/libjvmcicompiler.so
7fcd45d5d000-7fcd46144000 r--p 01d7f000 00:c6b 4611686019135190040       /nix/store/gpxl5qgg8kicmcvivwmybwjlpf7wh20l-graalvm17-ce-22.3.0/lib/libjvmcicompiler.so
7fcd46200000-7fcd46204000 ---p 00000000 00:00 0 
7fcd46204000-7fcd46300000 rw-p 00000000 00:00 0 
7fcd46300000-7fcd46304000 ---p 00000000 00:00 0 
7fcd46304000-7fcd46400000 rw-p 00000000 00:00 0 
7fcd46500000-7fcd46504000 ---p 00000000 00:00 0 
7fcd46504000-7fcd46600000 rw-p 00000000 00:00 0 
7fcd46600000-7fcd46604000 ---p 00000000 00:00 0 
7fcd46604000-7fcd46700000 rw-p 00000000 00:00 0 
7fcd46700000-7fcd46704000 ---p 00000000 00:00 0 
7fcd46704000-7fcd46800000 rw-p 00000000 00:00 0 
7fcd46900000-7fcd46904000 ---p 00000000 00:00 0 
7fcd46904000-7fcd46a00000 rw-p 00000000 00:00 0 
7fcd46b00000-7fcd46b04000 ---p 00000000 00:00 0 
7fcd46b04000-7fcd46c00000 rw-p 00000000 00:00 0 
7fcd46c00000-7fcd46c04000 ---p 00000000 00:00 0 
7fcd46c04000-7fcd46d00000 rw-p 00000000 00:00 0 
7fcd46d00000-7fcd46d04000 ---p 00000000 00:00 0 
7fcd46d04000-7fcd46e00000 rw-p 00000000 00:00 0 
7fcd46e00000-7fcd46e04000 ---p 00000000 00:00 0 
7fcd46e04000-7fcd46f00000 rw-p 00000000 00:00 0 
7fcd46f00000-7fcd46f04000 ---p 00000000 00:00 0 
7fcd46f04000-7fcd47000000 rw-p 00000000 00:00 0 
7fcd47000000-7fcd47004000 ---p 00000000 00:00 0 
7fcd47004000-7fcd47100000 rw-p 00000000 00:00 0 
7fcd47100000-7fcd47104000 ---p 00000000 00:00 0 
7fcd47104000-7fcd47200000 rw-p 00000000 00:00 0 
7fcd47300000-7fcd47304000 ---p 00000000 00:00 0 
7fcd47304000-7fcd47400000 rw-p 00000000 00:00 0 
7fcd47400000-7fcd47404000 ---p 00000000 00:00 0 
7fcd47404000-7fcd47500000 rw-p 00000000 00:00 0 
7fcd47500000-7fcd47504000 ---p 00000000 00:00 0 
7fcd47504000-7fcd47600000 rw-p 00000000 00:00 0 
7fcd47700000-7fcd47704000 ---p 00000000 00:00 0 
7fcd47704000-7fcd47800000 rw-p 00000000 00:00 0 
7fcd47800000-7fcd47804000 ---p 00000000 00:00 0 
7fcd47804000-7fcd47900000 rw-p 00000000 00:00 0 
7fcd47900000-7fcd47904000 ---p 00000000 00:00 0 
7fcd47904000-7fcd47a00000 rw-p 00000000 00:00 0 
7fcd47b00000-7fcd47b04000 ---p 00000000 00:00 0 
7fcd47b04000-7fcd47c00000 rw-p 00000000 00:00 0 
7fcd47c00000-7fcd47c04000 ---p 00000000 00:00 0 
7fcd47c04000-7fcd47d00000 rw-p 00000000 00:00 0 
7fcd47d00000-7fcd47d04000 ---p 00000000 00:00 0 
7fcd47d04000-7fcd47e00000 rw-p 00000000 00:00 0 
7fcd47f00000-7fcd47f04000 ---p 00000000 00:00 0 
7fcd47f04000-7fcd48000000 rw-p 00000000 00:00 0 
7fcd48000000-7fcd48004000 ---p 00000000 00:00 0 
7fcd48004000-7fcd48100000 rw-p 00000000 00:00 0 
7fcd48100000-7fcd48104000 ---p 00000000 00:00 0 
7fcd48104000-7fcd48200000 rw-p 00000000 00:00 0 
7fcd48200000-7fcd48204000 ---p 00000000 00:00 0 
7fcd48204000-7fcd48300000 rw-p 00000000 00:00 0 
7fcd48300000-7fcd48304000 ---p 00000000 00:00 0 
7fcd48304000-7fcd48400000 rw-p 00000000 00:00 0 
7fcd48400000-7fcd48404000 ---p 00000000 00:00 0 
7fcd48404000-7fcd48500000 rw-p 00000000 00:00 0 
7fcd48500000-7fcd48504000 ---p 00000000 00:00 0 
7fcd48504000-7fcd48600000 rw-p 00000000 00:00 0 
7fcd48700000-7fcd48704000 ---p 00000000 00:00 0 
7fcd48704000-7fcd48800000 rw-p 00000000 00:00 0 
7fcd48800000-7fcd48804000 ---p 00000000 00:00 0 
7fcd48804000-7fcd48900000 rw-p 00000000 00:00 0 
7fcd48900000-7fcd48904000 ---p 00000000 00:00 0 
7fcd48904000-7fcd48a00000 rw-p 00000000 00:00 0 
7fcd49668000-7fcd49b00000 rw-p 00000000 00:00 0 
7fcd49c00000-7fcd4bd6a000 r-xp 00000000 00:c6b 4611686019135190040       /nix/store/gpxl5qgg8kicmcvivwmybwjlpf7wh20l-graalvm17-ce-22.3.0/lib/libjvmcicompiler.so
7fcd4bd6a000-7fcd4bf69000 ---p 0216a000 00:c6b 4611686019135190040       /nix/store/gpxl5qgg8kicmcvivwmybwjlpf7wh20l-graalvm17-ce-22.3.0/lib/libjvmcicompiler.so
7fcd4bf69000-7fcd4bf6a000 r--p 02169000 00:c6b 4611686019135190040       /nix/store/gpxl5qgg8kicmcvivwmybwjlpf7wh20l-graalvm17-ce-22.3.0/lib/libjvmcicompiler.so
7fcd4bf6a000-7fcd4bf6c000 rw-p 0216a000 00:c6b 4611686019135190040       /nix/store/gpxl5qgg8kicmcvivwmybwjlpf7wh20l-graalvm17-ce-22.3.0/lib/libjvmcicompiler.so
7fcd4bf6c000-7fcd4bf6d000 rw-p 00000000 00:00 0 
7fcd4bf6d000-7fcd4bf72000 rw-p 023c3000 00:c6b 4611686019135190040       /nix/store/gpxl5qgg8kicmcvivwmybwjlpf7wh20l-graalvm17-ce-22.3.0/lib/libjvmcicompiler.so
7fcd4c000000-7fcd4c021000 rw-p 00000000 00:00 0 
7fcd4c021000-7fcd50000000 ---p 00000000 00:00 0 
7fcd50000000-7fcd50021000 rw-p 00000000 00:00 0 
7fcd50021000-7fcd54000000 ---p 00000000 00:00 0 
7fcd54000000-7fcd54021000 rw-p 00000000 00:00 0 
7fcd54021000-7fcd58000000 ---p 00000000 00:00 0 
7fcd58000000-7fcd58021000 rw-p 00000000 00:00 0 
7fcd58021000-7fcd5c000000 ---p 00000000 00:00 0 
7fcd5c000000-7fcd5c0db000 rw-p 00000000 00:00 0 
7fcd5c0db000-7fcd60000000 ---p 00000000 00:00 0 
7fcd60000000-7fcd60b80000 rw-p 00000000 00:00 0 
7fcd60b80000-7fcd64000000 ---p 00000000 00:00 0 
7fcd64000000-7fcd64021000 rw-p 00000000 00:00 0 
7fcd64021000-7fcd68000000 ---p 00000000 00:00 0 
7fcd68000000-7fcd68021000 rw-p 00000000 00:00 0 
7fcd68021000-7fcd6c000000 ---p 00000000 00:00 0 
7fcd6c000000-7fcd6c021000 rw-p 00000000 00:00 0 
7fcd6c021000-7fcd70000000 ---p 00000000 00:00 0 
7fcd70000000-7fcd70021000 rw-p 00000000 00:00 0 
7fcd70021000-7fcd74000000 ---p 00000000 00:00 0 
7fcd74000000-7fcd74021000 rw-p 00000000 00:00 0 
7fcd74021000-7fcd78000000 ---p 00000000 00:00 0 
7fcd78000000-7fcd78021000 rw-p 00000000 00:00 0 
7fcd78021000-7fcd7c000000 ---p 00000000 00:00 0 
7fcd7c000000-7fcd7c075000 rw-p 00000000 00:00 0 
7fcd7c075000-7fcd80000000 ---p 00000000 00:00 0 
7fcd80018000-7fcd80019000 ---p 00000000 00:00 0 
7fcd80019000-7fcd8011a000 rw-p 00000000 00:00 0 
7fcd8011a000-7fcd8011e000 ---p 00000000 00:00 0 
7fcd8011e000-7fcd8021a000 rw-p 00000000 00:00 0 
7fcd8021a000-7fcd8021e000 ---p 00000000 00:00 0 
7fcd8021e000-7fcd8031a000 rw-p 00000000 00:00 0 
7fcd8031a000-7fcd8031e000 ---p 00000000 00:00 0 
7fcd8031e000-7fcd8041a000 rw-p 00000000 00:00 0 
7fcd8041a000-7fcd8041e000 ---p 00000000 00:00 0 
7fcd8041e000-7fcd8061a000 rw-p 00000000 00:00 0 
7fcd8061a000-7fcd8061e000 ---p 00000000 00:00 0 
7fcd8061e000-7fcd8081a000 rw-p 00000000 00:00 0 
7fcd8081a000-7fcd8081e000 ---p 00000000 00:00 0 
7fcd8081e000-7fcd8091a000 rw-p 00000000 00:00 0 
7fcd8091a000-7fcd8091e000 ---p 00000000 00:00 0 
7fcd8091e000-7fcd80a1a000 rw-p 00000000 00:00 0 
7fcd80a1a000-7fcd80a1e000 ---p 00000000 00:00 0 
7fcd80a1e000-7fcd80b1a000 rw-p 00000000 00:00 0 
7fcd80b1a000-7fcd80e00000 r--p 00000000 00:b09 28444448                  /usr/lib/locale/locale-archive
7fcd80e00000-7fcd80e04000 ---p 00000000 00:00 0 
7fcd80e04000-7fcd80f00000 rw-p 00000000 00:00 0 
7fcd80f00000-7fcd80f04000 ---p 00000000 00:00 0 
7fcd80f04000-7fcd81400000 rw-p 00000000 00:00 0 
7fcd81400000-7fcd81700000 rw-p 00000000 00:00 0 
7fcd81700000-7fcd81800000 rw-p 00000000 00:00 0 
7fcd81872000-7fcd81876000 ---p 00000000 00:00 0 
7fcd81876000-7fcd81894000 rw-p 00000000 00:00 0 
7fcd81894000-7fcd8189b000 r-xp 00000000 00:c6b 4611686019135192580       /nix/store/gpxl5qgg8kicmcvivwmybwjlpf7wh20l-graalvm17-ce-22.3.0/lib/libzip.so
7fcd8189b000-7fcd8189c000 ---p 00007000 00:c6b 4611686019135192580       /nix/store/gpxl5qgg8kicmcvivwmybwjlpf7wh20l-graalvm17-ce-22.3.0/lib/libzip.so
7fcd8189c000-7fcd8189d000 r--p 00007000 00:c6b 4611686019135192580       /nix/store/gpxl5qgg8kicmcvivwmybwjlpf7wh20l-graalvm17-ce-22.3.0/lib/libzip.so
7fcd8189d000-7fcd8189e000 rw-p 00008000 00:c6b 4611686019135192580       /nix/store/gpxl5qgg8kicmcvivwmybwjlpf7wh20l-graalvm17-ce-22.3.0/lib/libzip.so
7fcd8189e000-7fcd818a0000 rw-p 0000b000 00:c6b 4611686019135192580       /nix/store/gpxl5qgg8kicmcvivwmybwjlpf7wh20l-graalvm17-ce-22.3.0/lib/libzip.so
7fcd818a0000-7fcd818b5000 r-xp 00000000 00:c6b 4611686019135192570       /nix/store/gpxl5qgg8kicmcvivwmybwjlpf7wh20l-graalvm17-ce-22.3.0/lib/libnet.so
7fcd818b5000-7fcd818b6000 ---p 00015000 00:c6b 4611686019135192570       /nix/store/gpxl5qgg8kicmcvivwmybwjlpf7wh20l-graalvm17-ce-22.3.0/lib/libnet.so
7fcd818b6000-7fcd818b7000 r--p 00015000 00:c6b 4611686019135192570       /nix/store/gpxl5qgg8kicmcvivwmybwjlpf7wh20l-graalvm17-ce-22.3.0/lib/libnet.so
7fcd818b7000-7fcd818b8000 rw-p 00016000 00:c6b 4611686019135192570       /nix/store/gpxl5qgg8kicmcvivwmybwjlpf7wh20l-graalvm17-ce-22.3.0/lib/libnet.so
7fcd818b8000-7fcd818bb000 rw-p 0001b000 00:c6b 4611686019135192570       /nix/store/gpxl5qgg8kicmcvivwmybwjlpf7wh20l-graalvm17-ce-22.3.0/lib/libnet.so
7fcd818bb000-7fcd818bc000 ---p 00000000 00:00 0 
7fcd818bc000-7fcd819bd000 rw-p 00000000 00:00 0 
7fcd819bd000-7fcd81a8b000 r-xp 00000000 00:c6b 4611686019135190036       /nix/store/gpxl5qgg8kicmcvivwmybwjlpf7wh20l-graalvm17-ce-22.3.0/lib/libjsvml.so
7fcd81a8b000-7fcd81a8c000 r--p 000cd000 00:c6b 4611686019135190036       /nix/store/gpxl5qgg8kicmcvivwmybwjlpf7wh20l-graalvm17-ce-22.3.0/lib/libjsvml.so
7fcd81a8c000-7fcd81a8d000 rw-p 000ce000 00:c6b 4611686019135190036       /nix/store/gpxl5qgg8kicmcvivwmybwjlpf7wh20l-graalvm17-ce-22.3.0/lib/libjsvml.so
7fcd81a8d000-7fcd832b0000 rw-p 00000000 00:00 0 
7fcd832b0000-7fcd832b1000 ---p 00000000 00:00 0 
7fcd832b1000-7fcd8345c000 rw-p 00000000 00:00 0 
7fcd8345c000-7fcd83478000 rw-p 00000000 00:00 0 
7fcd83478000-7fcd834b2000 ---p 00000000 00:00 0 
7fcd834b2000-7fcd834b3000 rw-p 00000000 00:00 0 
7fcd834b3000-7fcd83723000 rwxp 00000000 00:00 0 
7fcd83723000-7fcd83a42000 ---p 00000000 00:00 0 
7fcd83a42000-7fcd84ef2000 rwxp 00000000 00:00 0 
7fcd84ef2000-7fcd8af7a000 ---p 00000000 00:00 0 
7fcd8af7a000-7fcd8b26a000 rwxp 00000000 00:00 0 
7fcd8b26a000-7fcd924b3000 ---p 00000000 00:00 0 
7fcd924b3000-7fcd9c000000 r--s 00000000 00:c6b 4611686019135192581       /nix/store/gpxl5qgg8kicmcvivwmybwjlpf7wh20l-graalvm17-ce-22.3.0/lib/modules
7fcd9c000000-7fcd9c639000 rw-p 00000000 00:00 0 
7fcd9c639000-7fcda0000000 ---p 00000000 00:00 0 
7fcda0000000-7fcda0002000 r-xp 00000000 00:c6b 4611686019135190017       /nix/store/gpxl5qgg8kicmcvivwmybwjlpf7wh20l-graalvm17-ce-22.3.0/lib/libextnet.so
7fcda0002000-7fcda0003000 r--p 00001000 00:c6b 4611686019135190017       /nix/store/gpxl5qgg8kicmcvivwmybwjlpf7wh20l-graalvm17-ce-22.3.0/lib/libextnet.so
7fcda0003000-7fcda0004000 rw-p 00002000 00:c6b 4611686019135190017       /nix/store/gpxl5qgg8kicmcvivwmybwjlpf7wh20l-graalvm17-ce-22.3.0/lib/libextnet.so
7fcda0004000-7fcda0005000 rw-p 00004000 00:c6b 4611686019135190017       /nix/store/gpxl5qgg8kicmcvivwmybwjlpf7wh20l-graalvm17-ce-22.3.0/lib/libextnet.so
7fcda0005000-7fcda0018000 r-xp 00000000 00:c6b 4611686019135192571       /nix/store/gpxl5qgg8kicmcvivwmybwjlpf7wh20l-graalvm17-ce-22.3.0/lib/libnio.so
7fcda0018000-7fcda0019000 r--p 00012000 00:c6b 4611686019135192571       /nix/store/gpxl5qgg8kicmcvivwmybwjlpf7wh20l-graalvm17-ce-22.3.0/lib/libnio.so
7fcda0019000-7fcda001a000 rw-p 00013000 00:c6b 4611686019135192571       /nix/store/gpxl5qgg8kicmcvivwmybwjlpf7wh20l-graalvm17-ce-22.3.0/lib/libnio.so
7fcda001a000-7fcda001f000 rw-p 00019000 00:c6b 4611686019135192571       /nix/store/gpxl5qgg8kicmcvivwmybwjlpf7wh20l-graalvm17-ce-22.3.0/lib/libnio.so
7fcda001f000-7fcda00d4000 rw-p 00000000 00:00 0 
7fcda00d4000-7fcda00da000 rw-p 00000000 00:00 0 
7fcda00da000-7fcda01bf000 ---p 00000000 00:00 0 
7fcda01bf000-7fcda01e9000 rw-p 00000000 00:00 0 
7fcda01e9000-7fcda02aa000 ---p 00000000 00:00 0 
7fcda02aa000-7fcda02af000 rw-p 00000000 00:00 0 
7fcda02af000-7fcda02b6000 ---p 00000000 00:00 0 
7fcda02b6000-7fcda02da000 r-xp 00000000 00:c6b 4611686019135190028       /nix/store/gpxl5qgg8kicmcvivwmybwjlpf7wh20l-graalvm17-ce-22.3.0/lib/libjava.so
7fcda02da000-7fcda02db000 ---p 00024000 00:c6b 4611686019135190028       /nix/store/gpxl5qgg8kicmcvivwmybwjlpf7wh20l-graalvm17-ce-22.3.0/lib/libjava.so
7fcda02db000-7fcda02dc000 r--p 00024000 00:c6b 4611686019135190028       /nix/store/gpxl5qgg8kicmcvivwmybwjlpf7wh20l-graalvm17-ce-22.3.0/lib/libjava.so
7fcda02dc000-7fcda02dd000 rw-p 00025000 00:c6b 4611686019135190028       /nix/store/gpxl5qgg8kicmcvivwmybwjlpf7wh20l-graalvm17-ce-22.3.0/lib/libjava.so
7fcda02dd000-7fcda02de000 rw-p 00000000 00:00 0 
7fcda02de000-7fcda02e5000 rw-p 0002f000 00:c6b 4611686019135190028       /nix/store/gpxl5qgg8kicmcvivwmybwjlpf7wh20l-graalvm17-ce-22.3.0/lib/libjava.so
7fcda02e5000-7fcda02ed000 rw-s 00000000 00:50c 353                       /tmp/hsperfdata_runner/28
7fcda02ed000-7fcda02ee000 ---p 00000000 00:00 0 
7fcda02ee000-7fcda02ef000 r--p 00000000 00:00 0 
7fcda02ef000-7fcda02f0000 rwxp 00000000 00:00 0 
7fcda02f0000-7fcda030b000 r-xp 00000000 00:c6b 4611686019135190032       /nix/store/gpxl5qgg8kicmcvivwmybwjlpf7wh20l-graalvm17-ce-22.3.0/lib/libjimage.so
7fcda030b000-7fcda030c000 ---p 0001b000 00:c6b 4611686019135190032       /nix/store/gpxl5qgg8kicmcvivwmybwjlpf7wh20l-graalvm17-ce-22.3.0/lib/libjimage.so
7fcda030c000-7fcda030e000 r--p 0001b000 00:c6b 4611686019135190032       /nix/store/gpxl5qgg8kicmcvivwmybwjlpf7wh20l-graalvm17-ce-22.3.0/lib/libjimage.so
7fcda030e000-7fcda030f000 rw-p 0001d000 00:c6b 4611686019135190032       /nix/store/gpxl5qgg8kicmcvivwmybwjlpf7wh20l-graalvm17-ce-22.3.0/lib/libjimage.so
7fcda030f000-7fcda0310000 rw-p 00024000 00:c6b 4611686019135190032       /nix/store/gpxl5qgg8kicmcvivwmybwjlpf7wh20l-graalvm17-ce-22.3.0/lib/libjimage.so
7fcda0310000-7fcda0314000 ---p 00000000 00:00 0 
7fcda0314000-7fcda0410000 rw-p 00000000 00:00 0 
7fcda0410000-7fcda041e000 r--p 00000000 00:c6b 4611686019027979927       /nix/store/4nlgxhb09sdr51nc9hdm8az5b08vzkgx-glibc-2.35-163/lib/libm.so.6
7fcda041e000-7fcda0491000 r-xp 0000e000 00:c6b 4611686019027979927       /nix/store/4nlgxhb09sdr51nc9hdm8az5b08vzkgx-glibc-2.35-163/lib/libm.so.6
7fcda0491000-7fcda04ee000 r--p 00081000 00:c6b 4611686019027979927       /nix/store/4nlgxhb09sdr51nc9hdm8az5b08vzkgx-glibc-2.35-163/lib/libm.so.6
7fcda04ee000-7fcda04ef000 r--p 000dd000 00:c6b 4611686019027979927       /nix/store/4nlgxhb09sdr51nc9hdm8az5b08vzkgx-glibc-2.35-163/lib/libm.so.6
7fcda04ef000-7fcda04f0000 rw-p 000de000 00:c6b 4611686019027979927       /nix/store/4nlgxhb09sdr51nc9hdm8az5b08vzkgx-glibc-2.35-163/lib/libm.so.6
7fcda04f0000-7fcda04f1000 r--p 00000000 00:c6b 4611686019027979946       /nix/store/4nlgxhb09sdr51nc9hdm8az5b08vzkgx-glibc-2.35-163/lib/librt.so.1
7fcda04f1000-7fcda04f2000 r-xp 00001000 00:c6b 4611686019027979946       /nix/store/4nlgxhb09sdr51nc9hdm8az5b08vzkgx-glibc-2.35-163/lib/librt.so.1
7fcda04f2000-7fcda04f3000 r--p 00002000 00:c6b 4611686019027979946       /nix/store/4nlgxhb09sdr51nc9hdm8az5b08vzkgx-glibc-2.35-163/lib/librt.so.1
7fcda04f3000-7fcda04f4000 r--p 00002000 00:c6b 4611686019027979946       /nix/store/4nlgxhb09sdr51nc9hdm8az5b08vzkgx-glibc-2.35-163/lib/librt.so.1
7fcda04f4000-7fcda04f5000 rw-p 00003000 00:c6b 4611686019027979946       /nix/store/4nlgxhb09sdr51nc9hdm8az5b08vzkgx-glibc-2.35-163/lib/librt.so.1
7fcda04f5000-7fcda1608000 r-xp 00000000 00:c6b 4611686019135360866       /nix/store/gpxl5qgg8kicmcvivwmybwjlpf7wh20l-graalvm17-ce-22.3.0/lib/server/libjvm.so
7fcda1608000-7fcda1609000 ---p 01113000 00:c6b 4611686019135360866       /nix/store/gpxl5qgg8kicmcvivwmybwjlpf7wh20l-graalvm17-ce-22.3.0/lib/server/libjvm.so
7fcda1609000-7fcda16be000 r--p 01113000 00:c6b 4611686019135360866       /nix/store/gpxl5qgg8kicmcvivwmybwjlpf7wh20l-graalvm17-ce-22.3.0/lib/server/libjvm.so
7fcda16be000-7fcda16f2000 rw-p 011c8000 00:c6b 4611686019135360866       /nix/store/gpxl5qgg8kicmcvivwmybwjlpf7wh20l-graalvm17-ce-22.3.0/lib/server/libjvm.so
7fcda16f2000-7fcda174e000 rw-p 00000000 00:00 0 
7fcda174e000-7fcda1776000 r--p 00000000 00:c6b 4611686019027979918       /nix/store/4nlgxhb09sdr51nc9hdm8az5b08vzkgx-glibc-2.35-163/lib/libc.so.6
7fcda1776000-7fcda18ec000 r-xp 00028000 00:c6b 4611686019027979918       /nix/store/4nlgxhb09sdr51nc9hdm8az5b08vzkgx-glibc-2.35-163/lib/libc.so.6
7fcda18ec000-7fcda1944000 r--p 0019e000 00:c6b 4611686019027979918       /nix/store/4nlgxhb09sdr51nc9hdm8az5b08vzkgx-glibc-2.35-163/lib/libc.so.6
7fcda1944000-7fcda1948000 r--p 001f6000 00:c6b 4611686019027979918       /nix/store/4nlgxhb09sdr51nc9hdm8az5b08vzkgx-glibc-2.35-163/lib/libc.so.6
7fcda1948000-7fcda194a000 rw-p 001fa000 00:c6b 4611686019027979918       /nix/store/4nlgxhb09sdr51nc9hdm8az5b08vzkgx-glibc-2.35-163/lib/libc.so.6
7fcda194a000-7fcda1959000 rw-p 00000000 00:00 0 
7fcda1959000-7fcda195a000 r--p 00000000 00:c6b 4611686019027979923       /nix/store/4nlgxhb09sdr51nc9hdm8az5b08vzkgx-glibc-2.35-163/lib/libdl.so.2
7fcda195a000-7fcda195b000 r-xp 00001000 00:c6b 4611686019027979923       /nix/store/4nlgxhb09sdr51nc9hdm8az5b08vzkgx-glibc-2.35-163/lib/libdl.so.2
7fcda195b000-7fcda195c000 r--p 00002000 00:c6b 4611686019027979923       /nix/store/4nlgxhb09sdr51nc9hdm8az5b08vzkgx-glibc-2.35-163/lib/libdl.so.2
7fcda195c000-7fcda195d000 r--p 00002000 00:c6b 4611686019027979923       /nix/store/4nlgxhb09sdr51nc9hdm8az5b08vzkgx-glibc-2.35-163/lib/libdl.so.2
7fcda195d000-7fcda195e000 rw-p 00003000 00:c6b 4611686019027979923       /nix/store/4nlgxhb09sdr51nc9hdm8az5b08vzkgx-glibc-2.35-163/lib/libdl.so.2
7fcda195e000-7fcda195f000 r--p 00000000 00:c6b 4611686019027979942       /nix/store/4nlgxhb09sdr51nc9hdm8az5b08vzkgx-glibc-2.35-163/lib/libpthread.so.0
7fcda195f000-7fcda1960000 r-xp 00001000 00:c6b 4611686019027979942       /nix/store/4nlgxhb09sdr51nc9hdm8az5b08vzkgx-glibc-2.35-163/lib/libpthread.so.0
7fcda1960000-7fcda1961000 r--p 00002000 00:c6b 4611686019027979942       /nix/store/4nlgxhb09sdr51nc9hdm8az5b08vzkgx-glibc-2.35-163/lib/libpthread.so.0
7fcda1961000-7fcda1962000 r--p 00002000 00:c6b 4611686019027979942       /nix/store/4nlgxhb09sdr51nc9hdm8az5b08vzkgx-glibc-2.35-163/lib/libpthread.so.0
7fcda1962000-7fcda1963000 rw-p 00003000 00:c6b 4611686019027979942       /nix/store/4nlgxhb09sdr51nc9hdm8az5b08vzkgx-glibc-2.35-163/lib/libpthread.so.0
7fcda1963000-7fcda1971000 r-xp 00000000 00:c6b 4611686019135190033       /nix/store/gpxl5qgg8kicmcvivwmybwjlpf7wh20l-graalvm17-ce-22.3.0/lib/libjli.so
7fcda1971000-7fcda1972000 ---p 0000e000 00:c6b 4611686019135190033       /nix/store/gpxl5qgg8kicmcvivwmybwjlpf7wh20l-graalvm17-ce-22.3.0/lib/libjli.so
7fcda1972000-7fcda1973000 r--p 0000e000 00:c6b 4611686019135190033       /nix/store/gpxl5qgg8kicmcvivwmybwjlpf7wh20l-graalvm17-ce-22.3.0/lib/libjli.so
7fcda1973000-7fcda1974000 rw-p 0000f000 00:c6b 4611686019135190033       /nix/store/gpxl5qgg8kicmcvivwmybwjlpf7wh20l-graalvm17-ce-22.3.0/lib/libjli.so
7fcda1974000-7fcda1975000 rw-p 00012000 00:c6b 4611686019135190033       /nix/store/gpxl5qgg8kicmcvivwmybwjlpf7wh20l-graalvm17-ce-22.3.0/lib/libjli.so
7fcda1975000-7fcda1978000 r--p 00000000 00:c6b 4611686019106210071       /nix/store/026hln0aq1hyshaxsdvhg0kmcm6yf45r-zlib-1.2.13/lib/libz.so.1.2.13
7fcda1978000-7fcda198a000 r-xp 00003000 00:c6b 4611686019106210071       /nix/store/026hln0aq1hyshaxsdvhg0kmcm6yf45r-zlib-1.2.13/lib/libz.so.1.2.13
7fcda198a000-7fcda1991000 r--p 00015000 00:c6b 4611686019106210071       /nix/store/026hln0aq1hyshaxsdvhg0kmcm6yf45r-zlib-1.2.13/lib/libz.so.1.2.13
7fcda1991000-7fcda1992000 r--p 0001b000 00:c6b 4611686019106210071       /nix/store/026hln0aq1hyshaxsdvhg0kmcm6yf45r-zlib-1.2.13/lib/libz.so.1.2.13
7fcda1992000-7fcda1993000 rw-p 0001c000 00:c6b 4611686019106210071       /nix/store/026hln0aq1hyshaxsdvhg0kmcm6yf45r-zlib-1.2.13/lib/libz.so.1.2.13
7fcda1993000-7fcda1995000 rw-p 00000000 00:00 0 
7fcda1995000-7fcda1997000 r--p 00000000 00:c6b 4611686019027979912       /nix/store/4nlgxhb09sdr51nc9hdm8az5b08vzkgx-glibc-2.35-163/lib/ld-linux-x86-64.so.2
7fcda1997000-7fcda19be000 r-xp 00002000 00:c6b 4611686019027979912       /nix/store/4nlgxhb09sdr51nc9hdm8az5b08vzkgx-glibc-2.35-163/lib/ld-linux-x86-64.so.2
7fcda19be000-7fcda19ca000 r--p 00029000 00:c6b 4611686019027979912       /nix/store/4nlgxhb09sdr51nc9hdm8az5b08vzkgx-glibc-2.35-163/lib/ld-linux-x86-64.so.2
7fcda19ca000-7fcda19cc000 r--p 00034000 00:c6b 4611686019027979912       /nix/store/4nlgxhb09sdr51nc9hdm8az5b08vzkgx-glibc-2.35-163/lib/ld-linux-x86-64.so.2
7fcda19cc000-7fcda19ce000 rw-p 00036000 00:c6b 4611686019027979912       /nix/store/4nlgxhb09sdr51nc9hdm8az5b08vzkgx-glibc-2.35-163/lib/ld-linux-x86-64.so.2
7fff43e33000-7fff43e57000 rw-p 00000000 00:00 0                          [stack]
7fff43f2f000-7fff43f33000 r--p 00000000 00:00 0                          [vvar]
7fff43f33000-7fff43f35000 r-xp 00000000 00:00 0                          [vdso]
ffffffffff600000-ffffffffff601000 --xp 00000000 00:00 0                  [vsyscall]


VM Arguments:
jvm_args: -XX:ThreadPriorityPolicy=1 -XX:+UnlockExperimentalVMOptions -XX:+EnableJVMCIProduct -XX:JVMCIThreadsPerNativeLibraryRuntime=1 -XX:-UnlockExperimentalVMOptions -Declipse.application=org.eclipse.jdt.ls.core.id1 -Dosgi.bundles.defaultStartLevel=4 -Declipse.product=org.eclipse.jdt.ls.core.product -Dlog.level=ALL -Xverify:none -XX:+UseParallelGC -XX:GCTimeRatio=4 -XX:AdaptiveSizePolicyWeight=90 -Dsun.zip.disableMemoryMapping=true -Xmx512m -Xms100m 
java_command: /nix/store/m6gcpi1ii6rghy04cjwjddcavv7i90df-jdt-language-server-1.9.0/share/java/plugins/org.eclipse.equinox.launcher_1.6.400.v20210924-0641.jar --add-modules=ALL-SYSTEM --add-opens java.base/java.util=ALL-UNNAMED --add-opens java.base/java.lang=ALL-UNNAMED -configuration /home/runner/.cache/jdt-language-server/config -data /home/runner/.cache/jdt-language-server/data/home/runner/PLEASE-WORK-ON-THIS-ONE-ZARA-THE-REST-ARE-FOR-HANDING-IN
java_class_path (initial): /nix/store/m6gcpi1ii6rghy04cjwjddcavv7i90df-jdt-language-server-1.9.0/share/java/plugins/org.eclipse.equinox.launcher_1.6.400.v20210924-0641.jar
Launcher Type: SUN_STANDARD

[Global flags]
    uintx AdaptiveSizePolicyWeight                 = 90                                        {product} {command line}
     intx CICompilerCount                          = 2                                         {product} {ergonomic}
     bool EnableJVMCIProduct                       = true                                {JVMCI product} {jimage}
    uintx GCTimeRatio                              = 4                                         {product} {command line}
   size_t InitialHeapSize                          = 104857600                                 {product} {command line}
     uint JVMCIThreadsPerNativeLibraryRuntime      = 1                                   {JVMCI product} {jimage}
   size_t MaxHeapSize                              = 536870912                                 {product} {command line}
   size_t MaxNewSize                               = 178782208                                 {product} {ergonomic}
   size_t MinHeapDeltaBytes                        = 524288                                    {product} {ergonomic}
   size_t MinHeapSize                              = 104857600                                 {product} {command line}
   size_t NewSize                                  = 34603008                                  {product} {ergonomic}
    uintx NonNMethodCodeHeapSize                   = 5826188                                {pd product} {ergonomic}
    uintx NonProfiledCodeHeapSize                  = 122916026                              {pd product} {ergonomic}
   size_t OldSize                                  = 70254592                                  {product} {ergonomic}
    uintx ProfiledCodeHeapSize                     = 122916026                              {pd product} {ergonomic}
    uintx ReservedCodeCacheSize                    = 251658240                              {pd product} {ergonomic}
     bool SegmentedCodeCache                       = true                                      {product} {ergonomic}
   size_t SoftMaxHeapSize                          = 536870912                              {manageable} {ergonomic}
     intx ThreadPriorityPolicy                     = 1                                         {product} {jimage}
     bool UseCompressedClassPointers               = true                           {product lp64_product} {ergonomic}
     bool UseCompressedOops                        = true                           {product lp64_product} {ergonomic}
     bool UseParallelGC                            = true                                      {product} {command line}

Logging:
Log output configuration:
 #0: stdout all=warning uptime,level,tags
 #1: stderr all=off uptime,level,tags

Environment Variables:
JAVA_HOME=/nix/store/gpxl5qgg8kicmcvivwmybwjlpf7wh20l-graalvm17-ce-22.3.0
PATH=/nix/store/1d6ian3r8kdzspw8hacjhl3xkp40g1lj-binutils-wrapper-2.39/bin:/nix/store/dq0xwmsk1g0i2ayg6pb7y87na2knzylh-gcc-wrapper-11.3.0/bin:/nix/store/bap4d0lpcrhpwmpb8ayjcgkmvfj62lnq-bash-interactive-5.1-p16/bin:/nix/store/pr5n59mb4jzmfx6kanwxly0l07p861fg-patchelf-0.15.0/bin:/nix/store/1gf2flfqnpqbr1b4p4qz2f72y42bs56r-gcc-11.3.0/bin:/nix/store/57xv61c5zi8pphjbcwxxjlgc34p61ic9-glibc-2.35-163-bin/bin:/nix/store/a7gvj343m05j2s32xcnwr35v31ynlypr-coreutils-9.1/bin:/nix/store/039g378vc3pc3dvi9dzdlrd0i4q93qwf-binutils-2.39/bin:/nix/store/gpxl5qgg8kicmcvivwmybwjlpf7wh20l-graalvm17-ce-22.3.0/bin:/nix/store/6z9ag3ihc8mq2hzsw48lhbznvzny65nz-apache-maven-3.8.6/bin:/nix/store/m6gcpi1ii6rghy04cjwjddcavv7i90df-jdt-language-server-1.9.0/bin:/nix/store/84xs5alhs01zrbr4ywm05kxbjbp5590l-java-debug/bin:/nix/store/mydc6f4k2z73xlcz7ilif3v2lcaiqvza-findutils-4.9.0/bin:/nix/store/j9p3g8472iijd50vhdprx0nmk2fqn5gv-diffutils-3.8/bin:/nix/store/89zs7rms6x00xfq4dq6m7mjnhkr8a6r4-gnused-4.8/bin:/nix/store/86bp03jkmsl6f92w0yzg4s59g5mhxwmy-gnugrep-3.7/bin:/nix/store/hwcdqw4jrjnd37wxqgsd47hd0j8bnj09-gawk-5.1.1/bin:/nix/store/cfbhw8r8ags41vwqaz47r583d0p4h4a1-gnutar-1.34/bin:/nix/store/p3m1ndl1lapwrlh698bnb5lvvxh67378-gzip-1.12/bin:/nix/store/a8mhcagrsly7c7mpjrpsnaahk4aax056-bzip2-1.0.8-bin/bin:/nix/store/mblgz65m3zv9x548a3d5m96fj2pbwr09-gnumake-4.3/bin:/nix/store/dsd5gz46hdbdk2rfdimqddhq6m8m8fqs-bash-5.1-p16/bin:/nix/store/v7ljksji50mg3w61dykaa3n3y79n6nil-patch-2.7.6/bin:/nix/store/zlcnmqq14jz5x9439jf937mvayyl63da-xz-5.2.7-bin/bin:/nix/store/y6aj732zm9m87c82fpvf103a1xb22blp-file-5.43/bin:/nix/store/i4kzir3m7mrisxmf5xvlnkw01x4qaqr4-prybar-elisp-0.0.0-e0d9a52/bin:/nix/store/lwwivxf6h7x3cvxp9zv8sj0mv7dak99r-prybar-lua-0.0.0-e0d9a52/bin:/nix/store/gxj28g1cg4hq3qanmjv07156h800qr58-prybar-python3-0.0.0-e0d9a52/bin:/nix/store/hshkjnxrgidigf8x75vg6lqng2xlx9i3-prybar-sqlite-0.0.0-e0d9a52/bin:/nix/store/c4w01bpjgyy5ixmwdk8m1pw87zq4sl26-prybar-tcl-0.0.0-e0d9a52/bin:/nix/store/hpbvrlwd5viqmvcaisb3x0118i913a9n-st
LD_LIBRARY_PATH=/nix/store/a4pff549sk2idnkpzk5nsfps3mdkdnvm-cups-2.4.2-lib/lib:/nix/store/72mqxxhh3cy5yifh92wh2yb8cl2hikyy-cairo-1.16.0/lib:/nix/store/2k366jrbsra97gjfxwvrhvixjfxdach5-glib-2.74.1/lib:/nix/store/2j2znigd8ak37rlwh9khz0ry3clqlw1l-gtk+3-3.24.34/lib:/nix/store/hisqvx32cd57apbpcsnkpx6k3549wql1-libglvnd-1.4.0/lib:/nix/store/p36pgcv991mq5srvg765b78yqpxvk3qs-mesa-21.3.3-drivers/lib:/nix/store/mav4251if1ahjq5vkpwycyyvnmy459c4-pulseaudio-14.2/lib
DISPLAY=:0
LANG=en_US.UTF-8

Signal Handlers:
   SIGSEGV: crash_handler in libjvm.so, mask=11100100010111111101111111111110, flags=SA_RESTART|SA_SIGINFO
    SIGBUS: crash_handler in libjvm.so, mask=11100100010111111101111111111110, flags=SA_RESTART|SA_SIGINFO
    SIGFPE: crash_handler in libjvm.so, mask=11100100010111111101111111111110, flags=SA_RESTART|SA_SIGINFO
   SIGPIPE: IsolateEnterStub_IgnoreSIGPIPEStartupHook_noopSignalHandler_8f19bff2f35b5f630d83b364d6b2339320d4ec70_216e8361c6bc87a8f89f58cc10d3b2fd4415bf87 in libjvmcicompiler.so, mask=00000000000000000000000000000000, flags=SA_RESTART
  *** Handler was modified!
  *** Expected: javaSignalHandler in libjvm.so, mask=11100100110111111111111111111110, flags=SA_RESTART|SA_SIGINFO
   SIGXFSZ: javaSignalHandler in libjvm.so, mask=11100100010111111101111111111110, flags=SA_RESTART|SA_SIGINFO
    SIGILL: crash_handler in libjvm.so, mask=11100100010111111101111111111110, flags=SA_RESTART|SA_SIGINFO
   SIGUSR2: SR_handler in libjvm.so, mask=00000000000000000000000000000000, flags=SA_RESTART|SA_SIGINFO
    SIGHUP: UserHandler in libjvm.so, mask=11100100010111111101111111111110, flags=SA_RESTART|SA_SIGINFO
    SIGINT: UserHandler in libjvm.so, mask=11100100010111111101111111111110, flags=SA_RESTART|SA_SIGINFO
   SIGTERM: UserHandler in libjvm.so, mask=11100100010111111101111111111110, flags=SA_RESTART|SA_SIGINFO
   SIGQUIT: UserHandler in libjvm.so, mask=11100100010111111101111111111110, flags=SA_RESTART|SA_SIGINFO
  *** Handler was modified!
  *** Expected: javaSignalHandler in libjvm.so, mask=11100100110111111111111111111110, flags=SA_RESTART|SA_SIGINFO
   SIGTRAP: crash_handler in libjvm.so, mask=11100100010111111101111111111110, flags=SA_RESTART|SA_SIGINFO


---------------  S Y S T E M  ---------------

OS:
DISTRIB_ID=Ubuntu
DISTRIB_RELEASE=20.04
DISTRIB_CODENAME=focal
DISTRIB_DESCRIPTION="Ubuntu 20.04.2 LTS"
uname: Linux 5.19.0-1025-gcp #27~22.04.1-Ubuntu SMP Wed May 24 03:53:01 UTC 2023 x86_64
OS uptime: 0 days 3:02 hours
libc: glibc 2.35 NPTL 2.35 
rlimit (soft/hard): STACK 8192k/infinity , CORE infinity/infinity , NPROC infinity/infinity , NOFILE 5242/5242 , AS infinity/infinity , CPU infinity/infinity , DATA infinity/infinity , FSIZE infinity/infinity , MEMLOCK 8192k/8192k
load average: 9.87 12.00 11.78

/proc/meminfo:
MemTotal:       65852244 kB
MemFree:        28293800 kB
MemAvailable:   48212836 kB
Buffers:         2728328 kB
Cached:         16393664 kB
SwapCached:            0 kB
Active:          7974924 kB
Inactive:       26198224 kB
Active(anon):      13980 kB
Inactive(anon): 14836332 kB
Active(file):    7960944 kB
Inactive(file): 11361892 kB
Unevictable:       56916 kB
Mlocked:           56916 kB
SwapTotal:             0 kB
SwapFree:              0 kB
Zswap:                 0 kB
Zswapped:              0 kB
Dirty:              2180 kB
Writeback:             0 kB
AnonPages:      14550540 kB
Mapped:          1701556 kB
Shmem:             21368 kB
KReclaimable:    1322800 kB
Slab:            2344904 kB
SReclaimable:    1322800 kB
SUnreclaim:      1022104 kB
KernelStack:      424528 kB
PageTables:       161092 kB
NFS_Unstable:          0 kB
Bounce:                0 kB
WritebackTmp:          0 kB
CommitLimit:    32926120 kB
Committed_AS:   56969184 kB
VmallocTotal:   34359738367 kB
VmallocUsed:      462088 kB
VmallocChunk:          0 kB
Percpu:            49056 kB
HardwareCorrupted:     0 kB
AnonHugePages:   1712128 kB
ShmemHugePages:        0 kB
ShmemPmdMapped:        0 kB
FileHugePages:         0 kB
FilePmdMapped:         0 kB
HugePages_Total:       0
HugePages_Free:        0
HugePages_Rsvd:        0
HugePages_Surp:        0
Hugepagesize:       2048 kB
Hugetlb:               0 kB
DirectMap4k:     3617592 kB
DirectMap2M:    42516480 kB
DirectMap1G:    23068672 kB

/sys/kernel/mm/transparent_hugepage/enabled: always [madvise] never
/sys/kernel/mm/transparent_hugepage/defrag (defrag/compaction efforts parameter): always defer defer+madvise [madvise] never

Process Memory:
Virtual Size: 5462652K (peak: 5494588K)
Resident Set Size: 760084K (peak: 793048K) (anon: 564760K, file: 195324K, shmem: 0K)
Swapped out: 0K
C-Heap outstanding allocations: 45218K, retained: 15141K
glibc malloc tunables: (default)

/proc/sys/kernel/threads-max (system-wide limit on the number of threads): 514406
/proc/sys/vm/max_map_count (maximum number of memory map areas a process may have): 65530
/proc/sys/kernel/pid_max (system-wide limit on number of process identifiers): 4194304

container (cgroup) information:
container_type: cgroupv1
cpu_cpuset_cpus: 2-7
cpu_memory_nodes: 0
active_processor_count: 1
cpu_quota: 50000
cpu_period: 100000
cpu_shares: 512
memory_limit_in_bytes: 1048576 k
memory_and_swap_limit_in_bytes: 1048576 k
memory_soft_limit_in_bytes: 524288 k
memory_usage_in_bytes: 620468 k
memory_max_usage_in_bytes: 639468 k
maximum number of tasks: 1000
current number of tasks: 55

KVM virtualization detected
Steal ticks since vm start: 0
Steal ticks percentage since vm start:  0.000

CPU: total 8 (initial active 1) (8 cores per cpu, 2 threads per core) family 23 model 49 stepping 0 microcode 0xffffffff, cx8, cmov, fxsr, ht, mmx, 3dnowpref, sse, sse2, sse3, ssse3, sse4a, sse4.1, sse4.2, popcnt, lzcnt, tsc, tscinvbit, avx, avx2, aes, clmul, bmi1, bmi2, adx, sha, fma, vzeroupper, clflush, clflushopt, hv
CPU Model and flags from /proc/cpuinfo:
model name	: AMD EPYC 7B12
flags		: fpu vme de pse tsc msr pae mce cx8 apic sep mtrr pge mca cmov pat pse36 clflush mmx fxsr sse sse2 ht syscall nx mmxext fxsr_opt pdpe1gb rdtscp lm constant_tsc rep_good nopl nonstop_tsc cpuid extd_apicid tsc_known_freq pni pclmulqdq ssse3 fma cx16 sse4_1 sse4_2 movbe popcnt aes xsave avx f16c rdrand hypervisor lahf_lm cmp_legacy cr8_legacy abm sse4a misalignsse 3dnowprefetch osvw topoext ssbd ibrs ibpb stibp vmmcall fsgsbase tsc_adjust bmi1 avx2 smep bmi2 rdseed adx smap clflushopt clwb sha_ni xsaveopt xsavec xgetbv1 clzero xsaveerptr arat npt nrip_save umip rdpid

Online cpus: 0-7
Offline cpus: 
BIOS frequency limitation: <Not Available>
Frequency switch latency (ns): <Not Available>
Available cpu frequencies: <Not Available>
Current governor: <Not Available>
Core performance/turbo boost: <Not Available>

Memory: 4k page, physical 1048576k(428096k free), swap 0k(0k free)
Page Sizes: 4k

vm_info: OpenJDK 64-Bit Server VM (17.0.5+8-jvmci-22.3-b08) for linux-amd64 JRE (17.0.5+8-jvmci-22.3-b08), built on Oct 19 2022 09:01:27 by "buildslave" with gcc 10.3.0

END.
