#
# A fatal error has been detected by the Java Runtime Environment:
#
#  Internal Error (jvmciRuntime.cpp:1609), pid=340, tid=355
#  fatal error: Fatal exception in JVMCI: Error calling jdk.vm.ci.services.Services.serializeSavedProperties
#
# JRE version: OpenJDK Runtime Environment GraalVM CE 22.3.0 (17.0.5+8) (build 17.0.5+8-jvmci-22.3-b08)
# Java VM: OpenJDK 64-Bit Server VM GraalVM CE 22.3.0 (17.0.5+8-jvmci-22.3-b08, mixed mode, sharing, tiered, jvmci, jvmci compiler, compressed oops, compressed class ptrs, parallel gc, linux-amd64)
# Problematic frame:
# V  [libjvm.so+0x972714]  JVMCIRuntime::fatal_exception(JVMCIEnv*, char const*)+0x74
#
# Core dump will be written. Default location: Core dumps may be processed with "/usr/share/apport/apport -p%p -s%s -c%c -d%d -P%P -u%u -g%g -- %E" (or dumping to /home/runner/lyric-guesser-draft/core.340)
#
# If you would like to submit a bug report, please visit:
#   https://github.com/oracle/graal/issues
#

---------------  S U M M A R Y ------------

Command Line: -XX:ThreadPriorityPolicy=1 -XX:+UnlockExperimentalVMOptions -XX:+EnableJVMCIProduct -XX:JVMCIThreadsPerNativeLibraryRuntime=1 -XX:-UnlockExperimentalVMOptions -Declipse.application=org.eclipse.jdt.ls.core.id1 -Dosgi.bundles.defaultStartLevel=4 -Declipse.product=org.eclipse.jdt.ls.core.product -Dlog.level=ALL -Xverify:none -XX:+UseParallelGC -XX:GCTimeRatio=4 -XX:AdaptiveSizePolicyWeight=90 -Dsun.zip.disableMemoryMapping=true -Xmx512m -Xms100m /nix/store/m6gcpi1ii6rghy04cjwjddcavv7i90df-jdt-language-server-1.9.0/share/java/plugins/org.eclipse.equinox.launcher_1.6.400.v20210924-0641.jar --add-modules=ALL-SYSTEM --add-opens java.base/java.util=ALL-UNNAMED --add-opens java.base/java.lang=ALL-UNNAMED -configuration /home/runner/.cache/jdt-language-server/config -data /home/runner/.cache/jdt-language-server/data/home/runner/lyric-guesser-draft

Host: AMD EPYC 7B12, 4 cores, 1G, Ubuntu 20.04.2 LTS
Time: Tue Jun 20 02:08:36 2023 UTC elapsed time: 799.247694 seconds (0d 0h 13m 19s)

---------------  T H R E A D  ---------------

Current thread (0x00007f91680b21e0):  JavaThread "JVMCI-native CompilerThread0" daemon [_thread_in_vm, id=355, stack(0x00007f914f2b3000,0x00007f914f4b3000)]


Current CompileTask:
JVMCI-native: 799248 9451       4       org.eclipse.core.runtime.SubMonitor::isCanceled (20 bytes)

Stack: [0x00007f914f2b3000,0x00007f914f4b3000],  sp=0x00007f914f4b1380,  free space=2040k
Native frames: (J=compiled Java code, j=interpreted, Vv=VM code, C=native code)
V  [libjvm.so+0x972714]  JVMCIRuntime::fatal_exception(JVMCIEnv*, char const*)+0x74
V  [libjvm.so+0x93e2fe]  JVMCIEnv::copy_saved_properties()+0x14e
V  [libjvm.so+0x9732a9]  JVMCIRuntime::initialize(JVMCIEnv*)+0xb19
V  [libjvm.so+0x9738a2]  JVMCIRuntime::get_HotSpotJVMCIRuntime(JVMCIEnv*)+0x12
V  [libjvm.so+0x9749f2]  JVMCIRuntime::compile_method(JVMCIEnv*, JVMCICompiler*, methodHandle const&, int)+0xd2
V  [libjvm.so+0x5b0d20]  CompileBroker::invoke_compiler_on_method(CompileTask*)+0x1470
V  [libjvm.so+0x5b12e8]  CompileBroker::compiler_thread_loop()+0x528
V  [libjvm.so+0xd82460]  JavaThread::thread_main_inner()+0xd0
V  [libjvm.so+0xd85a40]  Thread::call_run()+0xc0
V  [libjvm.so+0xbdb1e1]  thread_native_entry(Thread*)+0xe1

Register to memory mapping:

RAX=0x00007f916eed3000 points into unknown readable memory: 0x0000000000000058 | 58 00 00 00 00 00 00 00
RBX=0x00007f916ffce398: <offset 0x0000000000ef5398> in /nix/store/gpxl5qgg8kicmcvivwmybwjlpf7wh20l-graalvm17-ce-22.3.0/lib/server/libjvm.so at 0x00007f916f0d9000
RCX=0x00007f916ff861e8: <offset 0x0000000000ead1e8> in /nix/store/gpxl5qgg8kicmcvivwmybwjlpf7wh20l-graalvm17-ce-22.3.0/lib/server/libjvm.so at 0x00007f916f0d9000
RDX=0x0000000000000649 is an unknown value
RSP=0x00007f914f4b1380 is pointing into the stack for thread: 0x00007f91680b21e0
RBP=0x00007f914f4b13a0 is pointing into the stack for thread: 0x00007f91680b21e0
RSI=0x00007f916ffcec48: <offset 0x0000000000ef5c48> in /nix/store/gpxl5qgg8kicmcvivwmybwjlpf7wh20l-graalvm17-ce-22.3.0/lib/server/libjvm.so at 0x00007f916f0d9000
RDI=0x00000000e0000000 is an oop: java.util.LinkedHashMap 
{0x00000000e0000000} - klass: 'java/util/LinkedHashMap'
 - ---- fields (total size 7 words):
 - transient 'keySet' 'Ljava/util/Set;' @12  NULL (0)
 - transient 'values' 'Ljava/util/Collection;' @16  NULL (0)
 - transient 'size' 'I' @20  1
 - transient 'modCount' 'I' @24  1
 - 'threshold' 'I' @28  1
 - final 'loadFactor' 'F' @32  0.750000 (3f400000)
 - transient 'table' '[Ljava/util/HashMap$Node;' @36  a 'java/util/HashMap$Node'[2] {0x00000000e0000038} (e0000038)
 - transient 'entrySet' 'Ljava/util/Set;' @40  a 'java/util/LinkedHashMap$LinkedEntrySet'{0x00000000e00000d0} (e00000d0)
 - final 'accessOrder' 'Z' @44  false
 - transient 'head' 'Ljava/util/LinkedHashMap$Entry;' @48  a 'java/util/LinkedHashMap$Entry'{0x00000000e0000050} (e0000050)
 - transient 'tail' 'Ljava/util/LinkedHashMap$Entry;' @52  a 'java/util/LinkedHashMap$Entry'{0x00000000e0000050} (e0000050)
R8 =0x00007f916ffce398: <offset 0x0000000000ef5398> in /nix/store/gpxl5qgg8kicmcvivwmybwjlpf7wh20l-graalvm17-ce-22.3.0/lib/server/libjvm.so at 0x00007f916f0d9000
R9 =0x0000000000000003 is an unknown value
R10=0x00007f917031fda0: <offset 0x0000000001246da0> in /nix/store/gpxl5qgg8kicmcvivwmybwjlpf7wh20l-graalvm17-ce-22.3.0/lib/server/libjvm.so at 0x00007f916f0d9000
R11=0x0000000000000246 is an unknown value
R12=0x0 is NULL
R13=0x00007f91680b21e0 is a thread
R14=0x00007f9168000b80 points into unknown readable memory: 0x00007f91701ffa38 | 38 fa 1f 70 91 7f 00 00
R15=0x00007f917030de40: <offset 0x0000000001234e40> in /nix/store/gpxl5qgg8kicmcvivwmybwjlpf7wh20l-graalvm17-ce-22.3.0/lib/server/libjvm.so at 0x00007f916f0d9000


Registers:
RAX=0x00007f916eed3000, RBX=0x00007f916ffce398, RCX=0x00007f916ff861e8, RDX=0x0000000000000649
RSP=0x00007f914f4b1380, RBP=0x00007f914f4b13a0, RSI=0x00007f916ffcec48, RDI=0x00000000e0000000
R8 =0x00007f916ffce398, R9 =0x0000000000000003, R10=0x00007f917031fda0, R11=0x0000000000000246
R12=0x0000000000000000, R13=0x00007f91680b21e0, R14=0x00007f9168000b80, R15=0x00007f917030de40
RIP=0x00007f916fa4b714, EFLAGS=0x0000000000010206, CSGSFS=0x002b000000000033, ERR=0x0000000000000006
  TRAPNO=0x000000000000000e

Top of Stack: (sp=0x00007f914f4b1380)
0x00007f914f4b1380:   00007f914f4b1940 00007f91680b21e0
0x00007f914f4b1390:   00007f916d87c648 0000000800c4ee48
0x00007f914f4b13a0:   00007f914f4b1500 00007f916fa172fe
0x00007f914f4b13b0:   00007f914f4b13e0 00007f914f4b1440 

Instructions: (pc=0x00007f916fa4b714)
0x00007f916fa4b614:   30 e8 f6 cf e8 ff 4c 89 e7 e8 2e 48 d1 ff 84 db
0x00007f916fa4b624:   75 2a 4d 85 ed 74 04 4d 8b 6d 00 48 83 c4 08 44
0x00007f916fa4b634:   89 f9 4c 89 f2 4c 89 ee 5b 4c 89 e7 41 5c 41 5d
0x00007f916fa4b644:   41 5e 41 5f 5d e9 e2 47 d1 ff 66 90 48 83 c4 08
0x00007f916fa4b654:   5b 41 5c 41 5d 41 5e 41 5f 5d c3 90 31 d2 be 08
0x00007f916fa4b664:   00 00 00 4c 89 ff e8 b1 78 a3 ff 49 89 c5 e9 37
0x00007f916fa4b674:   ff ff ff 66 0f 1f 84 00 00 00 00 00 48 8b 7a 08
0x00007f916fa4b684:   e9 6d ff ff ff 0f 1f 80 00 00 00 00 e8 5b 48 0a
0x00007f916fa4b694:   00 84 c0 75 89 e9 6a ff ff ff 66 90 55 48 89 e5
0x00007f916fa4b6a4:   41 56 41 55 41 54 49 89 fc 53 48 89 f3 66 48 8d
0x00007f916fa4b6b4:   3d 27 5e 85 00 66 66 48 e8 df 43 8d ff 4c 8b 28
0x00007f916fa4b6c4:   8b 05 be 72 8a 00 85 c0 75 14 ba 01 00 00 00 48
0x00007f916fa4b6d4:   8d 0d ae 72 8a 00 f0 0f b1 11 85 c0 74 4e be c8
0x00007f916fa4b6e4:   00 00 00 4c 89 ef e8 01 0b 41 00 48 8d 05 12 ac
0x00007f916fa4b6f4:   85 00 49 89 d8 48 8d 0d e8 aa 53 00 ba 49 06 00
0x00007f916fa4b704:   00 48 8d 35 3c 35 58 00 bf 00 00 00 e0 48 8b 00
0x00007f916fa4b714:   c6 00 58 31 c0 e8 e2 91 c6 ff 5b 41 5c 41 5d 41
0x00007f916fa4b724:   5e 5d e9 55 34 26 00 0f 1f 44 00 00 48 8d 05 81
0x00007f916fa4b734:   a3 8b 00 48 89 df 4c 8b 30 e8 9e 43 8d ff 48 89
0x00007f916fa4b744:   de 48 89 c2 49 8b 06 4c 89 f7 ff 50 08 4c 89 f7
0x00007f916fa4b754:   e8 a7 5c 27 00 4d 85 e4 74 12 be 01 00 00 00 4c
0x00007f916fa4b764:   89 e7 e8 35 43 fc ff eb 82 0f 1f 00 be 01 00 00
0x00007f916fa4b774:   00 4c 89 ef e8 d3 fd ff ff e9 6d ff ff ff 66 66
0x00007f916fa4b784:   2e 0f 1f 84 00 00 00 00 00 0f 1f 00 55 48 89 e5
0x00007f916fa4b794:   41 57 41 56 41 55 41 54 53 48 81 ec 08 02 00 00
0x00007f916fa4b7a4:   64 48 8b 04 25 28 00 00 00 48 89 45 c8 8b 07 83
0x00007f916fa4b7b4:   f8 02 0f 84 11 04 00 00 4c 8b 6f 18 49 89 ff 49
0x00007f916fa4b7c4:   89 f4 4d 85 ed 74 14 4c 89 ef e8 5d 57 22 00 41
0x00007f916fa4b7d4:   8b 07 83 f8 02 0f 84 19 04 00 00 48 8d 1d 9a 06
0x00007f916fa4b7e4:   8a 00 4c 8d 35 0b 3c 58 00 eb 38 90 48 85 d2 7f
0x00007f916fa4b7f4:   0d 48 8d 05 b4 c0 85 00 48 83 38 00 7e 0e 41 8b
0x00007f916fa4b804:   77 2c 4c 89 f7 31 c0 e8 a0 b2 f7 ff 49 8b 7f 18 


Stack slot to memory mapping:
stack at sp + 0 slots: 0x00007f914f4b1940 is pointing into the stack for thread: 0x00007f91680b21e0
stack at sp + 1 slots: 0x00007f91680b21e0 is a thread
stack at sp + 2 slots: 0x00007f916d87c648 points into unknown readable memory: 0x657300185ab9ffff | ff ff b9 5a 18 00 73 65
stack at sp + 3 slots: 0x0000000800c4ee48 is a pointer to class: 
jdk.vm.ci.services.Services {0x0000000800c4ee48}
 - instance size:     2
 - klass size:        65
 - access:            public final synchronized 
 - state:             fully_initialized
 - name:              'jdk/vm/ci/services/Services'
 - super:             'java/lang/Object'
 - sub:               
 - arrays:            NULL
 - methods:           Array<T>(0x00007f916c8c9890)
 - method ordering:   Array<T>(0x0000000800928960)
 - default_methods:   Array<T>(0x0000000000000000)
 - local interfaces:  Array<T>(0x00000008005ce810)
 - trans. interfaces: Array<T>(0x00000008005ce810)
 - constants:         constant pool [427] {0x00007f916c8c8970} for 'jdk/vm/ci/services/Services' cache=0x00007f916c8cab60
 - class loader data:  loader data: 0x00007f91680283f0 of 'bootstrap'
 - source file:       'Services.java'
 - class annotations:       Array<T>(0x0000000000000000)
 - class type annotations:  Array<T>(0x0000000000000000)
 - field annotations:       Array<T>(0x0000000000000000)
 - field type annotations:  Array<T>(0x0000000000000000)
 - inner classes:     Array<T>(0x00007f916c8cab30)
 - nest members:     Array<T>(0x00007f916c8cab50)
 - permitted subclasses:     Array<T>(0x00000008005ce7a0)
 - java mirror:       a 'java/lang/Class'{0x00000000e029a8e0} = 'jdk/vm/ci/services/Services'
 - vtable length      5  (start addr: 0x0000000800c4f018)
 - itable length      2 (start addr: 0x0000000800c4f040)
 - ---- static fields (3 words):
 - public static final 'IS_BUILDING_NATIVE_IMAGE' 'Z' @128 
 - public static final 'IS_IN_NATIVE_IMAGE' 'Z' @129 
 - private static volatile 'savedProperties' 'Ljava/util/Map;' @112 
 - static final 'JVMCI_ENABLED' 'Z' @130 
 - private static final 'servicesCache' 'Ljava/util/Map;' @116 
 - private static final 'MAX_UNICODE_IN_UTF8_LENGTH' 'I' @120 
 - private static final 'MAX_UTF8_PROPERTY_STRING_LENGTH' 'I' @124 
 - ---- non-static fields (0 words):
 - non-static oop maps: 
stack at sp + 4 slots: 0x00007f914f4b1500 is pointing into the stack for thread: 0x00007f91680b21e0
stack at sp + 5 slots: 0x00007f916fa172fe: <offset 0x000000000093e2fe> in /nix/store/gpxl5qgg8kicmcvivwmybwjlpf7wh20l-graalvm17-ce-22.3.0/lib/server/libjvm.so at 0x00007f916f0d9000
stack at sp + 6 slots: 0x00007f914f4b13e0 is pointing into the stack for thread: 0x00007f91680b21e0
stack at sp + 7 slots: 0x00007f914f4b1440 is pointing into the stack for thread: 0x00007f91680b21e0


---------------  P R O C E S S  ---------------

Threads class SMR info:
_java_thread_list=0x00007f911c001210, length=30, elements={
0x00007f9168026690, 0x00007f91680a64d0, 0x00007f91680a7910, 0x00007f91680ae050,
0x00007f91680af400, 0x00007f91680b07f0, 0x00007f91680b21e0, 0x00007f91680b36f0,
0x00007f91680b4b40, 0x00007f91680d7d70, 0x00007f916811fc90, 0x00007f91682d54b0,
0x00007f9168310050, 0x00007f9168320300, 0x00007f910002f890, 0x00007f9100405b30,
0x00007f9100484f90, 0x00007f90ec0010d0, 0x00007f90f0000ff0, 0x00007f910062cfe0,
0x00007f91007cec40, 0x00007f916836d340, 0x00007f9168402a40, 0x00007f90ec015a40,
0x00007f90f41d7c60, 0x00007f90f41d6700, 0x00007f90f41dc3b0, 0x00007f90f414e230,
0x00007f90f41d5600, 0x00007f90f414f150
}

Java Threads: ( => current thread )
  0x00007f9168026690 JavaThread "main" [_thread_blocked, id=347, stack(0x00007f916eef4000,0x00007f916eff4000)]
  0x00007f91680a64d0 JavaThread "Reference Handler" daemon [_thread_blocked, id=350, stack(0x00007f916c700000,0x00007f916c800000)]
  0x00007f91680a7910 JavaThread "Finalizer" daemon [_thread_blocked, id=351, stack(0x00007f916c600000,0x00007f916c700000)]
  0x00007f91680ae050 JavaThread "Signal Dispatcher" daemon [_thread_blocked, id=352, stack(0x00007f916c21a000,0x00007f916c31a000)]
  0x00007f91680af400 JavaThread "Service Thread" daemon [_thread_blocked, id=353, stack(0x00007f916c11a000,0x00007f916c21a000)]
  0x00007f91680b07f0 JavaThread "Monitor Deflation Thread" daemon [_thread_blocked, id=354, stack(0x00007f916c01a000,0x00007f916c11a000)]
=>0x00007f91680b21e0 JavaThread "JVMCI-native CompilerThread0" daemon [_thread_in_vm, id=355, stack(0x00007f914f2b3000,0x00007f914f4b3000)]
  0x00007f91680b36f0 JavaThread "C1 CompilerThread0" daemon [_thread_blocked, id=356, stack(0x00007f914f0b3000,0x00007f914f2b3000)]
  0x00007f91680b4b40 JavaThread "Sweeper thread" daemon [_thread_blocked, id=357, stack(0x00007f914efb3000,0x00007f914f0b3000)]
  0x00007f91680d7d70 JavaThread "Common-Cleaner" daemon [_thread_blocked, id=358, stack(0x00007f914eeb3000,0x00007f914efb3000)]
  0x00007f916811fc90 JavaThread "Notification Thread" daemon [_thread_blocked, id=359, stack(0x00007f914edb3000,0x00007f914eeb3000)]
  0x00007f91682d54b0 JavaThread "Active Thread: Equinox Container: c50b84f6-81da-4975-b72c-c45ef465ed8e" [_thread_blocked, id=363, stack(0x00007f914c700000,0x00007f914c800000)]
  0x00007f9168310050 JavaThread "Framework Event Dispatcher: Equinox Container: c50b84f6-81da-4975-b72c-c45ef465ed8e" daemon [_thread_blocked, id=364, stack(0x00007f914c500000,0x00007f914c600000)]
  0x00007f9168320300 JavaThread "Start Level: Equinox Container: c50b84f6-81da-4975-b72c-c45ef465ed8e" daemon [_thread_blocked, id=365, stack(0x00007f914c300000,0x00007f914c400000)]
  0x00007f910002f890 JavaThread "SCR Component Actor" daemon [_thread_blocked, id=366, stack(0x00007f914c100000,0x00007f914c200000)]
  0x00007f9100405b30 JavaThread "Worker-JM" [_thread_blocked, id=368, stack(0x00007f9116b00000,0x00007f9116c00000)]
  0x00007f9100484f90 JavaThread "Worker-0: Publish Diagnostics" [_thread_blocked, id=369, stack(0x00007f9116900000,0x00007f9116a00000)]
  0x00007f90ec0010d0 JavaThread "Worker-1: Java indexing... " [_thread_blocked, id=370, stack(0x00007f9116700000,0x00007f9116800000)]
  0x00007f90f0000ff0 JavaThread "Worker-2: Compacting resource model" [_thread_blocked, id=371, stack(0x00007f9116500000,0x00007f9116600000)]
  0x00007f910062cfe0 JavaThread "Java indexing" daemon [_thread_blocked, id=372, stack(0x00007f9116300000,0x00007f9116400000)]
  0x00007f91007cec40 JavaThread "Bundle File Closer" daemon [_thread_blocked, id=373, stack(0x00007f9116a00000,0x00007f9116b00000)]
  0x00007f916836d340 JavaThread "pool-3-thread-1" [_thread_blocked, id=376, stack(0x00007f9116100000,0x00007f9116200000)]
  0x00007f9168402a40 JavaThread "pool-2-thread-1" [_thread_blocked, id=378, stack(0x00007f9116d00000,0x00007f9116e00000)]
  0x00007f90ec015a40 JavaThread "Worker-3" [_thread_blocked, id=379, stack(0x00007f9115f00000,0x00007f9116000000)]
  0x00007f90f41d7c60 JavaThread "Thread-5" [_thread_blocked, id=399, stack(0x00007f9115900000,0x00007f9115a00000)]
  0x00007f90f41d6700 JavaThread "Thread-6" [_thread_blocked, id=400, stack(0x00007f9115b00000,0x00007f9115c00000)]
  0x00007f90f41dc3b0 JavaThread "Thread-7" [_thread_blocked, id=402, stack(0x00007f9116200000,0x00007f9116300000)]
  0x00007f90f414e230 JavaThread "Thread-8" [_thread_blocked, id=403, stack(0x00007f9115700000,0x00007f9115800000)]
  0x00007f90f41d5600 JavaThread "Thread-9" [_thread_blocked, id=404, stack(0x00007f9115d00000,0x00007f9115e00000)]
  0x00007f90f414f150 JavaThread "Thread-13" [_thread_blocked, id=408, stack(0x00007f9115500000,0x00007f9115600000)]

Other Threads:
  0x00007f91680a1c10 VMThread "VM Thread" [stack: 0x00007f916d00d000,0x00007f916d10d000] [id=349] _threads_hazard_ptr=0x00007f911c001210
  0x00007f9168121630 WatcherThread [stack: 0x00007f914ecb3000,0x00007f914edb3000] [id=360]
  0x00007f916803df30 GCTaskThread "GC Thread#0" [stack: 0x00007f916eab7000,0x00007f916ebb7000] [id=348]

Threads with active compile tasks:
JVMCI-native CompilerThread0   799386 9451       4       org.eclipse.core.runtime.SubMonitor::isCanceled (20 bytes)

VM state: synchronizing (normal execution)

VM Mutex/Monitor currently owned by a thread:  ([mutex/lock_event])
[0x00007f9168023840] Threads_lock - owner thread: 0x00007f91680a1c10
[0x00007f9168023ff0] Heap_lock - owner thread: 0x00007f910062cfe0

OutOfMemory and StackOverflow Exception counts:
OutOfMemoryError java_heap_errors=1
LinkageErrors=55

Heap address: 0x00000000e0000000, size: 512 MB, Compressed Oops mode: 32-bit

CDS archive(s) mapped at: [0x0000000800000000-0x0000000800bc8000-0x0000000800bc8000), size 12353536, SharedBaseAddress: 0x0000000800000000, ArchiveRelocationMode: 0.
Compressed class space mapped at: 0x0000000800c00000-0x0000000840c00000, reserved size: 1073741824
Narrow klass base: 0x0000000800000000, Narrow klass shift: 0, Narrow klass range: 0x100000000

GC Precious Log:
 CPUs: 4 total, 1 available
 Memory: 1024M
 Large Page Support: Disabled
 NUMA Support: Disabled
 Compressed Oops: Enabled (32-bit)
 Alignments: Space 512K, Generation 512K, Heap 2M
 Heap Min Capacity: 100M
 Heap Initial Capacity: 100M
 Heap Max Capacity: 512M
 Pre-touch: Disabled
 Parallel Workers: 1

Heap:
 PSYoungGen      total 17920K, used 13311K [0x00000000f5580000, 0x00000000f6d80000, 0x0000000100000000)
  eden space 13312K, 99% used [0x00000000f5580000,0x00000000f627ff98,0x00000000f6280000)
  from space 4608K, 0% used [0x00000000f6900000,0x00000000f6900000,0x00000000f6d80000)
  to   space 4608K, 0% used [0x00000000f6280000,0x00000000f6280000,0x00000000f6700000)
 ParOldGen       total 349696K, used 349695K [0x00000000e0000000, 0x00000000f5580000, 0x00000000f5580000)
  object space 349696K, 99% used [0x00000000e0000000,0x00000000f557ff60,0x00000000f5580000)
 Metaspace       used 55292K, committed 56320K, reserved 1105920K
  class space    used 5341K, committed 5760K, reserved 1048576K

Card table byte_map: [0x00007f916ebb7000,0x00007f916ecb8000] _byte_map_base: 0x00007f916e4b7000

Marking Bits: (ParMarkBitMap*) 0x00007f91703074c0
 Begin Bits: [0x00007f916da0a000, 0x00007f916e20a000)
 End Bits:   [0x00007f916e20a000, 0x00007f916ea0a000)

Polling page: 0x00007f916eed1000

Metaspace:

Usage:
  Non-class:     48.78 MB used.
      Class:      5.22 MB used.
       Both:     54.00 MB used.

Virtual space:
  Non-class space:       56.00 MB reserved,      49.38 MB ( 88%) committed,  7 nodes.
      Class space:        1.00 GB reserved,       5.62 MB ( <1%) committed,  1 nodes.
             Both:        1.05 GB reserved,      55.00 MB (  5%) committed. 

Chunk freelists:
   Non-Class:  2.53 MB
       Class:  2.39 MB
        Both:  4.92 MB

MaxMetaspaceSize: unlimited
CompressedClassSpaceSize: 1.00 GB
Initial GC threshold: 21.00 MB
Current GC threshold: 91.56 MB
CDS: on
MetaspaceReclaimPolicy: balanced
 - commit_granule_bytes: 65536.
 - commit_granule_words: 8192.
 - virtual_space_node_default_size: 1048576.
 - enlarge_chunks_in_place: 1.
 - new_chunks_are_fully_committed: 0.
 - uncommit_free_chunks: 1.
 - use_allocation_guard: 0.
 - handle_deallocations: 1.


Internal statistics:

num_allocs_failed_limit: 6.
num_arena_births: 462.
num_arena_deaths: 134.
num_vsnodes_births: 8.
num_vsnodes_deaths: 0.
num_space_committed: 878.
num_space_uncommitted: 0.
num_chunks_returned_to_freelist: 193.
num_chunks_taken_from_freelist: 2834.
num_chunk_merges: 79.
num_chunk_splits: 1826.
num_chunks_enlarged: 1093.
num_purges: 6.
num_inconsistent_stats: 0.

CodeHeap 'non-profiled nmethods': size=120036Kb used=2541Kb max_used=2541Kb free=117494Kb
 bounds [0x00007f9156f7a000, 0x00007f91571fa000, 0x00007f915e4b3000]
CodeHeap 'profiled nmethods': size=120032Kb used=14488Kb max_used=15065Kb free=105543Kb
 bounds [0x00007f914fa42000, 0x00007f9150902000, 0x00007f9156f7a000]
CodeHeap 'non-nmethods': size=5692Kb used=1352Kb max_used=1366Kb free=4339Kb
 bounds [0x00007f914f4b3000, 0x00007f914f723000, 0x00007f914fa42000]
 total_blobs=6962 nmethods=6277 adapters=589
 compilation: enabled
              stopped_count=0, restarted_count=0
 full_count=0

JVMCI Events (20 events):
Event: 633.973 Thread 0x00007f91680b21e0 releasing handles for JVMCI runtime 0: oop handles=115, metadata handles={total=168, live=163, blocks=63}
Event: 633.973 Thread 0x00007f91680b21e0 detached from JVMCI runtime 0
Event: 645.272 Thread 0x00007f91680b21e0 attached to JVMCI runtime 0
Event: 645.273 Thread 0x00007f91680b21e0 created JavaVM[4]@0x00007f9114f9e340 for JVMCI runtime 0
Event: 646.215 Thread 0x00007f91680b21e0 initializing JVMCI runtime 0
Event: 646.215 Thread 0x00007f91680b21e0 done waiting for JavaVM references initialization in JVMCI runtime 0
Event: 671.269 Thread 0x00007f91680b21e0 initialized JVMCI runtime 0
Event: 688.002 Thread 0x00007f91680b21e0 compacted oop handles in JVMCI runtime 0 from 83 to 80
Event: 688.003 Thread 0x00007f91680b21e0 compacted oop handles in JVMCI runtime 0 from 81 to 70
Event: 690.410 Thread 0x00007f91680b21e0 detaching from JVMCI runtime 0: releasing idle compiler thread (0 other threads still attached)
Event: 690.410 Thread 0x00007f91680b21e0 shutting down HotSpotJVMCIRuntime for JVMCI runtime 0
Event: 690.411 Thread 0x00007f91680b21e0 shut down JVMCI runtime 0
Event: 691.583 Thread 0x00007f91680b21e0 destroyed JavaVM[4]@0x00007f9114f9e340 for JVMCI runtime 0
Event: 691.583 Thread 0x00007f91680b21e0 compacted oop handles in JVMCI runtime 0 from 73 to 73
Event: 691.583 Thread 0x00007f91680b21e0 releasing handles for JVMCI runtime 0: oop handles=73, metadata handles={total=128, live=110, blocks=63}
Event: 691.583 Thread 0x00007f91680b21e0 detached from JVMCI runtime 0
Event: 782.208 Thread 0x00007f91680b21e0 attached to JVMCI runtime 0
Event: 782.216 Thread 0x00007f91680b21e0 created JavaVM[5]@0x00007f9114f9e340 for JVMCI runtime 0
Event: 783.295 Thread 0x00007f91680b21e0 initializing JVMCI runtime 0
Event: 783.295 Thread 0x00007f91680b21e0 done waiting for JavaVM references initialization in JVMCI runtime 0

Compilation events (20 events):
Event: 573.298 Thread 0x00007f91680b21e0 nmethod 9439 0x00007f91571f0210 code [0x00007f91571f03a0, 0x00007f91571f05d8]
Event: 580.192 Thread 0x00007f91680b21e0 9442       4       org.eclipse.jdt.internal.compiler.lookup.LookupEnvironment::getTypeFromCompoundName (152 bytes)
Event: 582.091 Thread 0x00007f91680b36f0 9443       3       java.util.Collections$UnmodifiableMap::entrySet (32 bytes)
Event: 582.091 Thread 0x00007f91680b36f0 nmethod 9443 0x00007f9150221890 code [0x00007f9150221a80, 0x00007f9150222110]
Event: 582.091 Thread 0x00007f91680b36f0 9444       3       java.util.Collections$UnmodifiableMap$UnmodifiableEntrySet::iterator (9 bytes)
Event: 582.092 Thread 0x00007f91680b36f0 nmethod 9444 0x00007f91502d1910 code [0x00007f91502d1ac0, 0x00007f91502d1f40]
Event: 606.908 Thread 0x00007f91680b36f0 9446       3       org.eclipse.jdt.internal.compiler.ast.NameReference::setActualReceiverType (11 bytes)
Event: 606.908 Thread 0x00007f91680b36f0 nmethod 9446 0x00007f91504bb010 code [0x00007f91504bb1c0, 0x00007f91504bb350]
Event: 627.959 Thread 0x00007f91680b21e0 nmethod 9442 0x00007f91571f0710 code [0x00007f91571f0940, 0x00007f91571f0f20]
Event: 627.959 Thread 0x00007f91680b21e0 9445       4       org.eclipse.jdt.internal.core.JrtPackageFragmentRoot::equals (69 bytes)
Event: 628.806 Thread 0x00007f91680b21e0 nmethod 9445 0x00007f91571f1b10 code [0x00007f91571f1ca0, 0x00007f91571f1e60]
Event: 628.806 Thread 0x00007f91680b21e0 9447       4       org.eclipse.jdt.internal.core.util.LRUCache::privateAddEntry (87 bytes)
Event: 629.927 Thread 0x00007f91680b21e0 nmethod 9447 0x00007f91571f2010 code [0x00007f91571f2180, 0x00007f91571f22c0]
Event: 629.927 Thread 0x00007f91680b21e0 9448       4       org.eclipse.jdt.internal.core.JavaModelManager::getPerProjectInfoCheckExistence (38 bytes)
Event: 631.821 Thread 0x00007f91680b21e0 nmethod 9448 0x00007f91571f2410 code [0x00007f91571f25a0, 0x00007f91571f2930]
Event: 645.272 Thread 0x00007f91680b21e0 9449       4       org.eclipse.jdt.internal.compiler.lookup.LookupEnvironment::getCachedType0 (112 bytes)
Event: 688.002 Thread 0x00007f91680b21e0 nmethod 9449 0x00007f91571f2c10 code [0x00007f91571f2e40, 0x00007f91571f45f0]
Event: 688.003 Thread 0x00007f91680b21e0 9450       4       java.util.HashMap$EntryIterator::next (5 bytes)
Event: 689.071 Thread 0x00007f91680b21e0 nmethod 9450 0x00007f91571f5190 code [0x00007f91571f5320, 0x00007f91571f5500]
Event: 782.208 Thread 0x00007f91680b21e0 9451       4       org.eclipse.core.runtime.SubMonitor::isCanceled (20 bytes)

GC Heap History (20 events):
Event: 783.299 GC heap before
{Heap before GC invocations=727 (full 601):
 PSYoungGen      total 17920K, used 13311K [0x00000000f5580000, 0x00000000f6d80000, 0x0000000100000000)
  eden space 13312K, 99% used [0x00000000f5580000,0x00000000f627fff8,0x00000000f6280000)
  from space 4608K, 0% used [0x00000000f6900000,0x00000000f6900000,0x00000000f6d80000)
  to   space 4608K, 0% used [0x00000000f6280000,0x00000000f6280000,0x00000000f6700000)
 ParOldGen       total 349696K, used 349695K [0x00000000e0000000, 0x00000000f5580000, 0x00000000f5580000)
  object space 349696K, 99% used [0x00000000e0000000,0x00000000f557fd80,0x00000000f5580000)
 Metaspace       used 55292K, committed 56320K, reserved 1105920K
  class space    used 5341K, committed 5760K, reserved 1048576K
}
Event: 784.649 GC heap after
{Heap after GC invocations=727 (full 601):
 PSYoungGen      total 17920K, used 13311K [0x00000000f5580000, 0x00000000f6d80000, 0x0000000100000000)
  eden space 13312K, 99% used [0x00000000f5580000,0x00000000f627ff70,0x00000000f6280000)
  from space 4608K, 0% used [0x00000000f6280000,0x00000000f6280000,0x00000000f6700000)
  to   space 4608K, 0% used [0x00000000f6900000,0x00000000f6900000,0x00000000f6d80000)
 ParOldGen       total 349696K, used 349695K [0x00000000e0000000, 0x00000000f5580000, 0x00000000f5580000)
  object space 349696K, 99% used [0x00000000e0000000,0x00000000f557fd80,0x00000000f5580000)
 Metaspace       used 55292K, committed 56320K, reserved 1105920K
  class space    used 5341K, committed 5760K, reserved 1048576K
}
Event: 784.649 GC heap before
{Heap before GC invocations=728 (full 602):
 PSYoungGen      total 17920K, used 13311K [0x00000000f5580000, 0x00000000f6d80000, 0x0000000100000000)
  eden space 13312K, 99% used [0x00000000f5580000,0x00000000f627fff8,0x00000000f6280000)
  from space 4608K, 0% used [0x00000000f6280000,0x00000000f6280000,0x00000000f6700000)
  to   space 4608K, 0% used [0x00000000f6900000,0x00000000f6900000,0x00000000f6d80000)
 ParOldGen       total 349696K, used 349695K [0x00000000e0000000, 0x00000000f5580000, 0x00000000f5580000)
  object space 349696K, 99% used [0x00000000e0000000,0x00000000f557fd80,0x00000000f5580000)
 Metaspace       used 55292K, committed 56320K, reserved 1105920K
  class space    used 5341K, committed 5760K, reserved 1048576K
}
Event: 786.185 GC heap after
{Heap after GC invocations=728 (full 602):
 PSYoungGen      total 17920K, used 13311K [0x00000000f5580000, 0x00000000f6d80000, 0x0000000100000000)
  eden space 13312K, 99% used [0x00000000f5580000,0x00000000f627ff78,0x00000000f6280000)
  from space 4608K, 0% used [0x00000000f6900000,0x00000000f6900000,0x00000000f6d80000)
  to   space 4608K, 0% used [0x00000000f6280000,0x00000000f6280000,0x00000000f6700000)
 ParOldGen       total 349696K, used 349695K [0x00000000e0000000, 0x00000000f5580000, 0x00000000f5580000)
  object space 349696K, 99% used [0x00000000e0000000,0x00000000f557fd80,0x00000000f5580000)
 Metaspace       used 55292K, committed 56320K, reserved 1105920K
  class space    used 5341K, committed 5760K, reserved 1048576K
}
Event: 786.187 GC heap before
{Heap before GC invocations=729 (full 603):
 PSYoungGen      total 17920K, used 13311K [0x00000000f5580000, 0x00000000f6d80000, 0x0000000100000000)
  eden space 13312K, 99% used [0x00000000f5580000,0x00000000f627fff8,0x00000000f6280000)
  from space 4608K, 0% used [0x00000000f6900000,0x00000000f6900000,0x00000000f6d80000)
  to   space 4608K, 0% used [0x00000000f6280000,0x00000000f6280000,0x00000000f6700000)
 ParOldGen       total 349696K, used 349695K [0x00000000e0000000, 0x00000000f5580000, 0x00000000f5580000)
  object space 349696K, 99% used [0x00000000e0000000,0x00000000f557fd80,0x00000000f5580000)
 Metaspace       used 55292K, committed 56320K, reserved 1105920K
  class space    used 5341K, committed 5760K, reserved 1048576K
}
Event: 789.641 GC heap after
{Heap after GC invocations=729 (full 603):
 PSYoungGen      total 17920K, used 13311K [0x00000000f5580000, 0x00000000f6d80000, 0x0000000100000000)
  eden space 13312K, 99% used [0x00000000f5580000,0x00000000f627fff8,0x00000000f6280000)
  from space 4608K, 0% used [0x00000000f6280000,0x00000000f6280000,0x00000000f6700000)
  to   space 4608K, 0% used [0x00000000f6900000,0x00000000f6900000,0x00000000f6d80000)
 ParOldGen       total 349696K, used 349695K [0x00000000e0000000, 0x00000000f5580000, 0x00000000f5580000)
  object space 349696K, 99% used [0x00000000e0000000,0x00000000f557fd80,0x00000000f5580000)
 Metaspace       used 55292K, committed 56320K, reserved 1105920K
  class space    used 5341K, committed 5760K, reserved 1048576K
}
Event: 789.684 GC heap before
{Heap before GC invocations=730 (full 604):
 PSYoungGen      total 17920K, used 13311K [0x00000000f5580000, 0x00000000f6d80000, 0x0000000100000000)
  eden space 13312K, 99% used [0x00000000f5580000,0x00000000f627fff8,0x00000000f6280000)
  from space 4608K, 0% used [0x00000000f6280000,0x00000000f6280000,0x00000000f6700000)
  to   space 4608K, 0% used [0x00000000f6900000,0x00000000f6900000,0x00000000f6d80000)
 ParOldGen       total 349696K, used 349695K [0x00000000e0000000, 0x00000000f5580000, 0x00000000f5580000)
  object space 349696K, 99% used [0x00000000e0000000,0x00000000f557ffe8,0x00000000f5580000)
 Metaspace       used 55292K, committed 56320K, reserved 1105920K
  class space    used 5341K, committed 5760K, reserved 1048576K
}
Event: 791.708 GC heap after
{Heap after GC invocations=730 (full 604):
 PSYoungGen      total 17920K, used 13311K [0x00000000f5580000, 0x00000000f6d80000, 0x0000000100000000)
  eden space 13312K, 99% used [0x00000000f5580000,0x00000000f627ff28,0x00000000f6280000)
  from space 4608K, 0% used [0x00000000f6900000,0x00000000f6900000,0x00000000f6d80000)
  to   space 4608K, 0% used [0x00000000f6280000,0x00000000f6280000,0x00000000f6700000)
 ParOldGen       total 349696K, used 349695K [0x00000000e0000000, 0x00000000f5580000, 0x00000000f5580000)
  object space 349696K, 99% used [0x00000000e0000000,0x00000000f557fd70,0x00000000f5580000)
 Metaspace       used 55292K, committed 56320K, reserved 1105920K
  class space    used 5341K, committed 5760K, reserved 1048576K
}
Event: 791.708 GC heap before
{Heap before GC invocations=731 (full 605):
 PSYoungGen      total 17920K, used 13311K [0x00000000f5580000, 0x00000000f6d80000, 0x0000000100000000)
  eden space 13312K, 99% used [0x00000000f5580000,0x00000000f627ffb8,0x00000000f6280000)
  from space 4608K, 0% used [0x00000000f6900000,0x00000000f6900000,0x00000000f6d80000)
  to   space 4608K, 0% used [0x00000000f6280000,0x00000000f6280000,0x00000000f6700000)
 ParOldGen       total 349696K, used 349695K [0x00000000e0000000, 0x00000000f5580000, 0x00000000f5580000)
  object space 349696K, 99% used [0x00000000e0000000,0x00000000f557fd70,0x00000000f5580000)
 Metaspace       used 55292K, committed 56320K, reserved 1105920K
  class space    used 5341K, committed 5760K, reserved 1048576K
}
Event: 793.539 GC heap after
{Heap after GC invocations=731 (full 605):
 PSYoungGen      total 17920K, used 13311K [0x00000000f5580000, 0x00000000f6d80000, 0x0000000100000000)
  eden space 13312K, 99% used [0x00000000f5580000,0x00000000f627ffb8,0x00000000f6280000)
  from space 4608K, 0% used [0x00000000f6280000,0x00000000f6280000,0x00000000f6700000)
  to   space 4608K, 0% used [0x00000000f6900000,0x00000000f6900000,0x00000000f6d80000)
 ParOldGen       total 349696K, used 349694K [0x00000000e0000000, 0x00000000f5580000, 0x00000000f5580000)
  object space 349696K, 99% used [0x00000000e0000000,0x00000000f557fbd0,0x00000000f5580000)
 Metaspace       used 55292K, committed 56320K, reserved 1105920K
  class space    used 5341K, committed 5760K, reserved 1048576K
}
Event: 793.543 GC heap before
{Heap before GC invocations=732 (full 606):
 PSYoungGen      total 17920K, used 13312K [0x00000000f5580000, 0x00000000f6d80000, 0x0000000100000000)
  eden space 13312K, 100% used [0x00000000f5580000,0x00000000f6280000,0x00000000f6280000)
  from space 4608K, 0% used [0x00000000f6280000,0x00000000f6280000,0x00000000f6700000)
  to   space 4608K, 0% used [0x00000000f6900000,0x00000000f6900000,0x00000000f6d80000)
 ParOldGen       total 349696K, used 349695K [0x00000000e0000000, 0x00000000f5580000, 0x00000000f5580000)
  object space 349696K, 99% used [0x00000000e0000000,0x00000000f557ffc8,0x00000000f5580000)
 Metaspace       used 55292K, committed 56320K, reserved 1105920K
  class space    used 5341K, committed 5760K, reserved 1048576K
}
Event: 794.761 GC heap after
{Heap after GC invocations=732 (full 606):
 PSYoungGen      total 17920K, used 13311K [0x00000000f5580000, 0x00000000f6d80000, 0x0000000100000000)
  eden space 13312K, 99% used [0x00000000f5580000,0x00000000f627fee8,0x00000000f6280000)
  from space 4608K, 0% used [0x00000000f6900000,0x00000000f6900000,0x00000000f6d80000)
  to   space 4608K, 0% used [0x00000000f6280000,0x00000000f6280000,0x00000000f6700000)
 ParOldGen       total 349696K, used 349694K [0x00000000e0000000, 0x00000000f5580000, 0x00000000f5580000)
  object space 349696K, 99% used [0x00000000e0000000,0x00000000f557fbd0,0x00000000f5580000)
 Metaspace       used 55292K, committed 56320K, reserved 1105920K
  class space    used 5341K, committed 5760K, reserved 1048576K
}
Event: 794.761 GC heap before
{Heap before GC invocations=733 (full 607):
 PSYoungGen      total 17920K, used 13311K [0x00000000f5580000, 0x00000000f6d80000, 0x0000000100000000)
  eden space 13312K, 99% used [0x00000000f5580000,0x00000000f627fee8,0x00000000f6280000)
  from space 4608K, 0% used [0x00000000f6900000,0x00000000f6900000,0x00000000f6d80000)
  to   space 4608K, 0% used [0x00000000f6280000,0x00000000f6280000,0x00000000f6700000)
 ParOldGen       total 349696K, used 349694K [0x00000000e0000000, 0x00000000f5580000, 0x00000000f5580000)
  object space 349696K, 99% used [0x00000000e0000000,0x00000000f557fbd0,0x00000000f5580000)
 Metaspace       used 55292K, committed 56320K, reserved 1105920K
  class space    used 5341K, committed 5760K, reserved 1048576K
}
Event: 795.830 GC heap after
{Heap after GC invocations=733 (full 607):
 PSYoungGen      total 17920K, used 13311K [0x00000000f5580000, 0x00000000f6d80000, 0x0000000100000000)
  eden space 13312K, 99% used [0x00000000f5580000,0x00000000f627fee8,0x00000000f6280000)
  from space 4608K, 0% used [0x00000000f6280000,0x00000000f6280000,0x00000000f6700000)
  to   space 4608K, 0% used [0x00000000f6900000,0x00000000f6900000,0x00000000f6d80000)
 ParOldGen       total 349696K, used 349694K [0x00000000e0000000, 0x00000000f5580000, 0x00000000f5580000)
  object space 349696K, 99% used [0x00000000e0000000,0x00000000f557fbd0,0x00000000f5580000)
 Metaspace       used 55292K, committed 56320K, reserved 1105920K
  class space    used 5341K, committed 5760K, reserved 1048576K
}
Event: 795.832 GC heap before
{Heap before GC invocations=734 (full 608):
 PSYoungGen      total 17920K, used 13311K [0x00000000f5580000, 0x00000000f6d80000, 0x0000000100000000)
  eden space 13312K, 99% used [0x00000000f5580000,0x00000000f627fff0,0x00000000f6280000)
  from space 4608K, 0% used [0x00000000f6280000,0x00000000f6280000,0x00000000f6700000)
  to   space 4608K, 0% used [0x00000000f6900000,0x00000000f6900000,0x00000000f6d80000)
 ParOldGen       total 349696K, used 349695K [0x00000000e0000000, 0x00000000f5580000, 0x00000000f5580000)
  object space 349696K, 99% used [0x00000000e0000000,0x00000000f557fd88,0x00000000f5580000)
 Metaspace       used 55292K, committed 56320K, reserved 1105920K
  class space    used 5341K, committed 5760K, reserved 1048576K
}
Event: 796.916 GC heap after
{Heap after GC invocations=734 (full 608):
 PSYoungGen      total 17920K, used 13311K [0x00000000f5580000, 0x00000000f6d80000, 0x0000000100000000)
  eden space 13312K, 99% used [0x00000000f5580000,0x00000000f627ffc0,0x00000000f6280000)
  from space 4608K, 0% used [0x00000000f6900000,0x00000000f6900000,0x00000000f6d80000)
  to   space 4608K, 0% used [0x00000000f6280000,0x00000000f6280000,0x00000000f6700000)
 ParOldGen       total 349696K, used 349693K [0x00000000e0000000, 0x00000000f5580000, 0x00000000f5580000)
  object space 349696K, 99% used [0x00000000e0000000,0x00000000f557f7e8,0x00000000f5580000)
 Metaspace       used 55292K, committed 56320K, reserved 1105920K
  class space    used 5341K, committed 5760K, reserved 1048576K
}
Event: 796.964 GC heap before
{Heap before GC invocations=735 (full 609):
 PSYoungGen      total 17920K, used 13311K [0x00000000f5580000, 0x00000000f6d80000, 0x0000000100000000)
  eden space 13312K, 99% used [0x00000000f5580000,0x00000000f627fff0,0x00000000f6280000)
  from space 4608K, 0% used [0x00000000f6900000,0x00000000f6900000,0x00000000f6d80000)
  to   space 4608K, 0% used [0x00000000f6280000,0x00000000f6280000,0x00000000f6700000)
 ParOldGen       total 349696K, used 349693K [0x00000000e0000000, 0x00000000f5580000, 0x00000000f5580000)
  object space 349696K, 99% used [0x00000000e0000000,0x00000000f557f7e8,0x00000000f5580000)
 Metaspace       used 55292K, committed 56320K, reserved 1105920K
  class space    used 5341K, committed 5760K, reserved 1048576K
}
Event: 798.084 GC heap after
{Heap after GC invocations=735 (full 609):
 PSYoungGen      total 17920K, used 13311K [0x00000000f5580000, 0x00000000f6d80000, 0x0000000100000000)
  eden space 13312K, 99% used [0x00000000f5580000,0x00000000f627fff0,0x00000000f6280000)
  from space 4608K, 0% used [0x00000000f6280000,0x00000000f6280000,0x00000000f6700000)
  to   space 4608K, 0% used [0x00000000f6900000,0x00000000f6900000,0x00000000f6d80000)
 ParOldGen       total 349696K, used 349693K [0x00000000e0000000, 0x00000000f5580000, 0x00000000f5580000)
  object space 349696K, 99% used [0x00000000e0000000,0x00000000f557f7e8,0x00000000f5580000)
 Metaspace       used 55292K, committed 56320K, reserved 1105920K
  class space    used 5341K, committed 5760K, reserved 1048576K
}
Event: 798.086 GC heap before
{Heap before GC invocations=736 (full 610):
 PSYoungGen      total 17920K, used 13311K [0x00000000f5580000, 0x00000000f6d80000, 0x0000000100000000)
  eden space 13312K, 99% used [0x00000000f5580000,0x00000000f627fff0,0x00000000f6280000)
  from space 4608K, 0% used [0x00000000f6280000,0x00000000f6280000,0x00000000f6700000)
  to   space 4608K, 0% used [0x00000000f6900000,0x00000000f6900000,0x00000000f6d80000)
 ParOldGen       total 349696K, used 349695K [0x00000000e0000000, 0x00000000f5580000, 0x00000000f5580000)
  object space 349696K, 99% used [0x00000000e0000000,0x00000000f557ff90,0x00000000f5580000)
 Metaspace       used 55292K, committed 56320K, reserved 1105920K
  class space    used 5341K, committed 5760K, reserved 1048576K
}
Event: 799.164 GC heap after
{Heap after GC invocations=736 (full 610):
 PSYoungGen      total 17920K, used 13311K [0x00000000f5580000, 0x00000000f6d80000, 0x0000000100000000)
  eden space 13312K, 99% used [0x00000000f5580000,0x00000000f627fe60,0x00000000f6280000)
  from space 4608K, 0% used [0x00000000f6900000,0x00000000f6900000,0x00000000f6d80000)
  to   space 4608K, 0% used [0x00000000f6280000,0x00000000f6280000,0x00000000f6700000)
 ParOldGen       total 349696K, used 349695K [0x00000000e0000000, 0x00000000f5580000, 0x00000000f5580000)
  object space 349696K, 99% used [0x00000000e0000000,0x00000000f557ff60,0x00000000f5580000)
 Metaspace       used 55292K, committed 56320K, reserved 1105920K
  class space    used 5341K, committed 5760K, reserved 1048576K
}

Dll operation events (8 events):
Event: 0.027 Loaded shared library /nix/store/gpxl5qgg8kicmcvivwmybwjlpf7wh20l-graalvm17-ce-22.3.0/lib/libjava.so
Event: 0.148 Loaded shared library /nix/store/gpxl5qgg8kicmcvivwmybwjlpf7wh20l-graalvm17-ce-22.3.0/lib/libjsvml.so
Event: 0.372 Loaded shared library /nix/store/gpxl5qgg8kicmcvivwmybwjlpf7wh20l-graalvm17-ce-22.3.0/lib/libnio.so
Event: 0.378 Loaded shared library /nix/store/gpxl5qgg8kicmcvivwmybwjlpf7wh20l-graalvm17-ce-22.3.0/lib/libzip.so
Event: 0.394 Loaded shared library /nix/store/gpxl5qgg8kicmcvivwmybwjlpf7wh20l-graalvm17-ce-22.3.0/lib/libjvmcicompiler.so
Event: 0.895 Loaded shared library /nix/store/gpxl5qgg8kicmcvivwmybwjlpf7wh20l-graalvm17-ce-22.3.0/lib/libjimage.so
Event: 2.441 Loaded shared library /nix/store/gpxl5qgg8kicmcvivwmybwjlpf7wh20l-graalvm17-ce-22.3.0/lib/libnet.so
Event: 4.121 Loaded shared library /home/runner/.cache/jdt-language-server/config/org.eclipse.equinox.launcher/org.eclipse.equinox.launcher.gtk.linux.x86_64_1.2.400.v20211117-0650/eclipse_11600.so

Deoptimization events (20 events):
Event: 78.703 Thread 0x00007f910062cfe0 DEOPT PACKING pc=0x00007f915719e803 sp=0x00007f91163fe500
Event: 78.703 Thread 0x00007f910062cfe0 DEOPT UNPACKING pc=0x00007f914f505325 sp=0x00007f91163fd9a0 mode 3
Event: 78.703 Thread 0x00007f910062cfe0 Uncommon trap: trap_request=0xffffffed fr.pc=0x00007f9157146529 relative=0x0000000000000389
Event: 78.703 Thread 0x00007f910062cfe0 Uncommon trap: reason=null_assert_or_unreached0 action=reinterpret pc=0x00007f9157146529 method=org.eclipse.jdt.internal.compiler.util.HashtableOfObject.putUnsafely([CLjava/lang/Object;)V @ 39 jvmci
Event: 78.703 Thread 0x00007f910062cfe0 DEOPT PACKING pc=0x00007f9157146529 sp=0x00007f91163fe4f0
Event: 78.703 Thread 0x00007f910062cfe0 DEOPT UNPACKING pc=0x00007f914f505325 sp=0x00007f91163fd9a8 mode 3
Event: 78.957 Thread 0x00007f910062cfe0 DEOPT PACKING pc=0x00007f914fba662d sp=0x00007f91163fe530
Event: 78.957 Thread 0x00007f910062cfe0 DEOPT UNPACKING pc=0x00007f914f505325 sp=0x00007f91163fda20 mode 0
Event: 78.965 Thread 0x00007f910062cfe0 DEOPT PACKING pc=0x00007f914fba662d sp=0x00007f91163fe530
Event: 78.965 Thread 0x00007f910062cfe0 DEOPT UNPACKING pc=0x00007f914f505325 sp=0x00007f91163fda20 mode 0
Event: 80.407 Thread 0x00007f90ec015a40 DEOPT PACKING pc=0x00007f9150181df5 sp=0x00007f9115ffd3d0
Event: 80.407 Thread 0x00007f90ec015a40 DEOPT UNPACKING pc=0x00007f914f505325 sp=0x00007f9115ffc930 mode 0
Event: 86.600 Thread 0x00007f9168402a40 DEOPT PACKING pc=0x00007f91502e1e17 sp=0x00007f9116dfd040
Event: 86.600 Thread 0x00007f9168402a40 DEOPT UNPACKING pc=0x00007f914f505325 sp=0x00007f9116dfc528 mode 0
Event: 88.688 Thread 0x00007f90f0000ff0 DEOPT PACKING pc=0x00007f91505cdc74 sp=0x00007f91165fdf70
Event: 88.696 Thread 0x00007f90f0000ff0 DEOPT UNPACKING pc=0x00007f914f505325 sp=0x00007f91165fd498 mode 0
Event: 177.408 Thread 0x00007f9100484f90 DEOPT PACKING pc=0x00007f91507a529f sp=0x00007f91169fd670
Event: 177.408 Thread 0x00007f9100484f90 DEOPT UNPACKING pc=0x00007f914f505325 sp=0x00007f91169fcb78 mode 0
Event: 328.902 Thread 0x00007f910062cfe0 DEOPT PACKING pc=0x00007f91504675dd sp=0x00007f91163fe530
Event: 328.902 Thread 0x00007f910062cfe0 DEOPT UNPACKING pc=0x00007f914f505325 sp=0x00007f91163fda20 mode 0

Classes unloaded (20 events):
Event: 170.709 Thread 0x00007f91680a1c10 Unloading class 0x0000000801148800 'jdk/internal/reflect/GeneratedConstructorAccessor25'
Event: 170.709 Thread 0x00007f91680a1c10 Unloading class 0x0000000801148400 'jdk/internal/reflect/GeneratedConstructorAccessor24'
Event: 170.709 Thread 0x00007f91680a1c10 Unloading class 0x00000008010f6400 'jdk/internal/reflect/GeneratedMethodAccessor12'
Event: 170.709 Thread 0x00007f91680a1c10 Unloading class 0x00000008010f6000 'jdk/internal/reflect/GeneratedMethodAccessor11'
Event: 170.709 Thread 0x00007f91680a1c10 Unloading class 0x00000008010b8400 'jdk/internal/reflect/GeneratedMethodAccessor10'
Event: 170.709 Thread 0x00007f91680a1c10 Unloading class 0x00000008010b8000 'jdk/internal/reflect/GeneratedMethodAccessor9'
Event: 170.709 Thread 0x00007f91680a1c10 Unloading class 0x0000000800ff4800 'jdk/internal/reflect/GeneratedConstructorAccessor14'
Event: 170.709 Thread 0x00007f91680a1c10 Unloading class 0x0000000800ff4400 'jdk/internal/reflect/GeneratedSerializationConstructorAccessor33'
Event: 170.709 Thread 0x00007f91680a1c10 Unloading class 0x0000000800ff4000 'jdk/internal/reflect/GeneratedSerializationConstructorAccessor32'
Event: 170.709 Thread 0x00007f91680a1c10 Unloading class 0x0000000800fef400 'jdk/internal/reflect/GeneratedSerializationConstructorAccessor31'
Event: 170.709 Thread 0x00007f91680a1c10 Unloading class 0x0000000800fef000 'jdk/internal/reflect/GeneratedSerializationConstructorAccessor30'
Event: 170.709 Thread 0x00007f91680a1c10 Unloading class 0x0000000800e08c00 'jdk/internal/reflect/GeneratedMethodAccessor8'
Event: 170.709 Thread 0x00007f91680a1c10 Unloading class 0x0000000800e05c00 'jdk/internal/reflect/GeneratedMethodAccessor7'
Event: 170.709 Thread 0x00007f91680a1c10 Unloading class 0x0000000800da0400 'java/lang/invoke/LambdaForm$MH+0x0000000800da0400'
Event: 170.709 Thread 0x00007f91680a1c10 Unloading class 0x0000000800d95400 'java/lang/invoke/LambdaForm$MH+0x0000000800d95400'
Event: 170.709 Thread 0x00007f91680a1c10 Unloading class 0x0000000800d95000 'java/lang/invoke/LambdaForm$MH+0x0000000800d95000'
Event: 170.709 Thread 0x00007f91680a1c10 Unloading class 0x0000000800d94c00 'java/lang/invoke/LambdaForm$MH+0x0000000800d94c00'
Event: 170.709 Thread 0x00007f91680a1c10 Unloading class 0x0000000800d94800 'java/lang/invoke/LambdaForm$MH+0x0000000800d94800'
Event: 170.709 Thread 0x00007f91680a1c10 Unloading class 0x0000000800d94400 'java/lang/invoke/LambdaForm$MH+0x0000000800d94400'
Event: 170.709 Thread 0x00007f91680a1c10 Unloading class 0x0000000800d94000 'java/lang/invoke/LambdaForm$MH+0x0000000800d94000'

Classes redefined (0 events):
No events

Internal exceptions (20 events):
Event: 28.369 Thread 0x00007f90f41d7c60 Implicit null exception at 0x00007f9157078869 to 0x00007f9157078a1b
Event: 30.104 Thread 0x00007f90f41d7c60 Exception <a 'java/io/FileNotFoundException'{0x00000000f5afbc48}> (0x00000000f5afbc48) 
thrown [src/hotspot/share/prims/jni.cpp, line 516]
Event: 30.261 Thread 0x00007f90f0000ff0 Exception <a 'java/lang/NoSuchMethodError'{0x00000000f5e418a0}: 'java.lang.Object java.lang.invoke.DirectMethodHandle$Holder.newInvokeSpecial(java.lang.Object, java.lang.Object, java.lang.Object, java.lang.Object, int)'> (0x00000000f5e418a0) 
thrown [src/hotspot/share/interpreter/linkResolver.cpp, line 758]
Event: 30.264 Thread 0x00007f90f0000ff0 Exception <a 'java/lang/NoSuchMethodError'{0x00000000f5e5c088}: 'java.lang.Object java.lang.invoke.DirectMethodHandle$Holder.invokeSpecial(java.lang.Object, java.lang.Object, java.lang.Object, java.lang.Object, java.lang.Object, int)'> (0x00000000f5e5c088) 
thrown [src/hotspot/share/interpreter/linkResolver.cpp, line 758]
Event: 30.266 Thread 0x00007f90f0000ff0 Exception <a 'java/lang/NoSuchMethodError'{0x00000000f5e5fd70}: 'java.lang.Object java.lang.invoke.Invokers$Holder.linkToTargetMethod(java.lang.Object, java.lang.Object, java.lang.Object, int, java.lang.Object)'> (0x00000000f5e5fd70) 
thrown [src/hotspot/share/interpreter/linkResolver.cpp, line 758]
Event: 30.879 Thread 0x00007f90f41d6770 Exception <a 'java/lang/NoSuchMethodError'{0x00000000f5f6bd28}: 'java.lang.Object java.lang.invoke.DirectMethodHandle$Holder.invokeStatic(java.lang.Object, int, java.lang.Object, java.lang.Object, java.lang.Object, java.lang.Object)'> (0x00000000f5f6bd28) 
thrown [src/hotspot/share/interpreter/linkResolver.cpp, line 758]
Event: 30.886 Thread 0x00007f90f41d6770 Exception <a 'java/lang/NoSuchMethodError'{0x00000000f5f74248}: 'java.lang.Object java.lang.invoke.DirectMethodHandle$Holder.newInvokeSpecial(java.lang.Object, int, java.lang.Object, java.lang.Object, java.lang.Object)'> (0x00000000f5f74248) 
thrown [src/hotspot/share/interpreter/linkResolver.cpp, line 758]
Event: 30.898 Thread 0x00007f90f0000ff0 Exception <a 'java/io/FileNotFoundException'{0x00000000f60e9f58}> (0x00000000f60e9f58) 
thrown [src/hotspot/share/prims/jni.cpp, line 516]
Event: 30.898 Thread 0x00007f90f0000ff0 Exception <a 'java/io/FileNotFoundException'{0x00000000f60eb1d0}> (0x00000000f60eb1d0) 
thrown [src/hotspot/share/prims/jni.cpp, line 516]
Event: 31.494 Thread 0x00007f90f41d6770 Exception <a 'java/lang/NoSuchMethodError'{0x00000000f579e598}: 'void java.lang.invoke.DirectMethodHandle$Holder.invokeSpecial(java.lang.Object, java.lang.Object, int)'> (0x00000000f579e598) 
thrown [src/hotspot/share/interpreter/linkResolver.cpp, line 758]
Event: 32.330 Thread 0x00007f90f41d6770 Exception <a 'java/lang/NoSuchMethodError'{0x00000000f63e9360}: 'int java.lang.invoke.DirectMethodHandle$Holder.invokeSpecial(java.lang.Object, java.lang.Object, java.lang.Object)'> (0x00000000f63e9360) 
thrown [src/hotspot/share/interpreter/linkResolver.cpp, line 758]
Event: 32.473 Thread 0x00007f90f41d5600 Exception <a 'java/lang/NoSuchMethodError'{0x00000000f56d5a28}: 'java.lang.Object java.lang.invoke.DirectMethodHandle$Holder.newInvokeSpecial(java.lang.Object, java.lang.Object, int, java.lang.Object, java.lang.Object, java.lang.Object, java.lang.Object)'> (0x00000000f56d5a28) 
thrown [src/hotspot/share/interpreter/linkResolver.cpp, line 758]
Event: 33.073 Thread 0x00007f90f41d6770 Exception <a 'java/lang/NoSuchMethodError'{0x00000000f66015d0}: 'int java.lang.invoke.DirectMethodHandle$Holder.invokeSpecialIFC(java.lang.Object, java.lang.Object, java.lang.Object, java.lang.Object)'> (0x00000000f66015d0) 
thrown [src/hotspot/share/interpreter/linkResolver.cpp, line 758]
Event: 38.368 Thread 0x00007f90f41d5600 Exception <a 'java/lang/ClassNotFoundException'{0x00000000f5f01560}: sun/util/logging/resources/spi/loggingProvider> (0x00000000f5f01560) 
thrown [src/hotspot/share/classfile/systemDictionary.cpp, line 256]
Event: 39.669 Thread 0x00007f90f414e230 Exception <a 'java/io/FileNotFoundException'{0x00000000f5a533a0}> (0x00000000f5a533a0) 
thrown [src/hotspot/share/prims/jni.cpp, line 516]
Event: 50.060 Thread 0x00007f910062cfe0 Implicit null exception at 0x00007f9157164eb9 to 0x00007f9157167236
Event: 53.955 Thread 0x00007f910062cfe0 Implicit null exception at 0x00007f915716d891 to 0x00007f915716ddde
Event: 59.064 Thread 0x00007f910062cfe0 Implicit null exception at 0x00007f91571aa296 to 0x00007f91571acb63
Event: 75.844 Thread 0x00007f90f4152820 Exception <a 'java/lang/ArrayIndexOutOfBoundsException'{0x00000000f5d7ee00}: Index 7850 out of bounds for length 7850> (0x00000000f5d7ee00) 
thrown [src/hotspot/share/interpreter/interpreterRuntime.cpp, line 428]
Event: 795.832 Thread 0x00007f91680b21e0 Exception <a 'java/lang/OutOfMemoryError'{0x00000000e00bc6d0}> (0x00000000e00bc6d0) 
thrown [src/hotspot/share/gc/shared/memAllocator.cpp, line 136]

VM Operations (20 events):
Event: 783.290 Executing VM operation: ParallelGCFailedAllocation done
Event: 783.296 Executing VM operation: ParallelGCFailedAllocation
Event: 784.649 Executing VM operation: ParallelGCFailedAllocation done
Event: 784.649 Executing VM operation: ParallelGCFailedAllocation
Event: 786.185 Executing VM operation: ParallelGCFailedAllocation done
Event: 786.186 Executing VM operation: ParallelGCFailedAllocation
Event: 789.644 Executing VM operation: ParallelGCFailedAllocation done
Event: 789.653 Executing VM operation: ParallelGCFailedAllocation
Event: 791.708 Executing VM operation: ParallelGCFailedAllocation done
Event: 791.708 Executing VM operation: ParallelGCFailedAllocation
Event: 793.539 Executing VM operation: ParallelGCFailedAllocation done
Event: 793.543 Executing VM operation: ParallelGCFailedAllocation
Event: 795.830 Executing VM operation: ParallelGCFailedAllocation done
Event: 795.830 Executing VM operation: ParallelGCFailedAllocation
Event: 796.916 Executing VM operation: ParallelGCFailedAllocation done
Event: 796.916 Executing VM operation: ParallelGCFailedAllocation
Event: 798.084 Executing VM operation: ParallelGCFailedAllocation done
Event: 798.085 Executing VM operation: ParallelGCFailedAllocation
Event: 799.164 Executing VM operation: ParallelGCFailedAllocation done
Event: 799.165 Executing VM operation: ParallelGCFailedAllocation

Events (20 events):
Event: 60.581 Thread 0x00007f91680b4b40 flushing nmethod 0x00007f9150883490
Event: 60.581 Thread 0x00007f91680b4b40 flushing nmethod 0x00007f9150883e10
Event: 60.581 Thread 0x00007f91680b4b40 flushing nmethod 0x00007f9150896310
Event: 60.581 Thread 0x00007f91680b4b40 flushing nmethod 0x00007f9150898210
Event: 60.583 Thread 0x00007f91680b4b40 flushing nmethod 0x00007f9150898a10
Event: 60.583 Thread 0x00007f91680b4b40 flushing nmethod 0x00007f91508bfe90
Event: 60.583 Thread 0x00007f91680b4b40 flushing nmethod 0x00007f91508e5490
Event: 61.576 Thread 0x00007f91681fffb0 Thread exited: 0x00007f91681fffb0
Event: 73.826 Thread 0x00007f90f414ffc0 Thread added: 0x00007f90f414ffc0
Event: 73.831 Protecting memory [0x00007f9115800000,0x00007f9115804000] with protection modes 0
Event: 73.843 Thread 0x00007f90f4151190 Thread added: 0x00007f90f4151190
Event: 73.843 Protecting memory [0x00007f914c400000,0x00007f914c404000] with protection modes 0
Event: 75.602 loading class jdk/internal/reflect/UnsafeQualifiedObjectFieldAccessorImpl
Event: 75.619 loading class jdk/internal/reflect/UnsafeQualifiedObjectFieldAccessorImpl done
Event: 75.619 Thread 0x00007f90f414ffc0 Thread exited: 0x00007f90f414ffc0
Event: 75.737 Thread 0x00007f90f4152820 Thread added: 0x00007f90f4152820
Event: 75.738 Protecting memory [0x00007f9115800000,0x00007f9115804000] with protection modes 0
Event: 75.799 Thread 0x00007f90f4151190 Thread exited: 0x00007f90f4151190
Event: 77.413 Thread 0x00007f90f4152820 Thread exited: 0x00007f90f4152820
Event: 154.363 Thread 0x00007f90ec0a4320 Thread exited: 0x00007f90ec0a4320


Dynamic libraries:
e0000000-f5580000 rw-p 00000000 00:00 0 
f5580000-f6d80000 rw-p 00000000 00:00 0 
f6d80000-100000000 ---p 00000000 00:00 0 
800000000-800449000 rw-p 00001000 00:2a4e 4611686019135357769            /nix/store/gpxl5qgg8kicmcvivwmybwjlpf7wh20l-graalvm17-ce-22.3.0/lib/server/classes.jsa
800449000-800bc8000 r--p 0044a000 00:2a4e 4611686019135357769            /nix/store/gpxl5qgg8kicmcvivwmybwjlpf7wh20l-graalvm17-ce-22.3.0/lib/server/classes.jsa
800bc8000-800c00000 ---p 00000000 00:00 0 
800c00000-800c20000 rw-p 00000000 00:00 0 
800c20000-800c40000 rw-p 00000000 00:00 0 
800c40000-800cc0000 rw-p 00000000 00:00 0 
800cc0000-800d00000 rw-p 00000000 00:00 0 
800d00000-800dc0000 rw-p 00000000 00:00 0 
800dc0000-800e00000 rw-p 00000000 00:00 0 
800e00000-801170000 rw-p 00000000 00:00 0 
801170000-801180000 ---p 00000000 00:00 0 
801180000-8011b0000 rw-p 00000000 00:00 0 
8011b0000-840c00000 ---p 00000000 00:00 0 
5567f54a9000-5567f54aa000 r-xp 00000000 00:2a4e 4611686019099417844      /nix/store/gpxl5qgg8kicmcvivwmybwjlpf7wh20l-graalvm17-ce-22.3.0/bin/.java-wrapped
5567f54ab000-5567f54ac000 r--p 00001000 00:2a4e 4611686019099417844      /nix/store/gpxl5qgg8kicmcvivwmybwjlpf7wh20l-graalvm17-ce-22.3.0/bin/.java-wrapped
5567f54ac000-5567f54ad000 rw-p 00002000 00:2a4e 4611686019099417844      /nix/store/gpxl5qgg8kicmcvivwmybwjlpf7wh20l-graalvm17-ce-22.3.0/bin/.java-wrapped
5567f54ad000-5567f54ae000 rw-p 00004000 00:2a4e 4611686019099417844      /nix/store/gpxl5qgg8kicmcvivwmybwjlpf7wh20l-graalvm17-ce-22.3.0/bin/.java-wrapped
5567f54ae000-5567f54af000 rw-p 00005000 00:2a4e 4611686019099417844      /nix/store/gpxl5qgg8kicmcvivwmybwjlpf7wh20l-graalvm17-ce-22.3.0/bin/.java-wrapped
5567f6507000-5567f6643000 rw-p 00000000 00:00 0                          [heap]
7f90e1400000-7f90e1590000 rw-p 00000000 00:00 0 
7f90e1590000-7f90e1c00000 ---p 00000000 00:00 0 
7f90e24b3000-7f90ec000000 r--s 00000000 00:2a4e 4611686019135192581      /nix/store/gpxl5qgg8kicmcvivwmybwjlpf7wh20l-graalvm17-ce-22.3.0/lib/modules
7f90ec000000-7f90ec29d000 rw-p 00000000 00:00 0 
7f90ec29d000-7f90f0000000 ---p 00000000 00:00 0 
7f90f0000000-7f90f033f000 rw-p 00000000 00:00 0 
7f90f033f000-7f90f4000000 ---p 00000000 00:00 0 
7f90f4000000-7f90f41e4000 rw-p 00000000 00:00 0 
7f90f41e4000-7f90f8000000 ---p 00000000 00:00 0 
7f90f8000000-7f90f8021000 rw-p 00000000 00:00 0 
7f90f8021000-7f90fc000000 ---p 00000000 00:00 0 
7f90fc000000-7f90fc083000 rw-p 00000000 00:00 0 
7f90fc083000-7f9100000000 ---p 00000000 00:00 0 
7f9100000000-7f9100918000 rw-p 00000000 00:00 0 
7f9100918000-7f9104000000 ---p 00000000 00:00 0 
7f9104400000-7f9104c00000 rw-p 00000000 00:00 0 
7f9104c00000-7f9104f00000 rw-p 00000000 00:00 0 
7f9104f00000-7f9105400000 rw-p 00000000 00:00 0 
7f9105400000-7f9105b00000 rw-p 00000000 00:00 0 
7f9105b00000-7f9105bd0000 rw-p 00000000 00:00 0 
7f9105bd0000-7f9105c00000 ---p 00000000 00:00 0 
7f9106000000-7f9106100000 rw-p 00000000 00:00 0 
7f9106100000-7f9106200000 rw-p 00000000 00:00 0 
7f9106200000-7f9106500000 rw-p 00000000 00:00 0 
7f9106500000-7f9106600000 rw-p 00000000 00:00 0 
7f9106600000-7f9106800000 rw-p 00000000 00:00 0 
7f9107400000-7f9107500000 rw-p 00000000 00:00 0 
7f9107500000-7f9107600000 rw-p 00000000 00:00 0 
7f9107600000-7f9107b80000 rw-p 00000000 00:00 0 
7f9107b80000-7f9107c00000 rw-p 00000000 00:00 0 
7f9107c00000-7f9107c10000 r-xp 00000000 00:2a4b 412                      /home/runner/.cache/jdt-language-server/config/org.eclipse.equinox.launcher/org.eclipse.equinox.launcher.gtk.linux.x86_64_1.2.400.v20211117-0650/eclipse_11600.so
7f9107c10000-7f9107e0f000 ---p 00010000 00:2a4b 412                      /home/runner/.cache/jdt-language-server/config/org.eclipse.equinox.launcher/org.eclipse.equinox.launcher.gtk.linux.x86_64_1.2.400.v20211117-0650/eclipse_11600.so
7f9107e0f000-7f9107e10000 r--p 0000f000 00:2a4b 412                      /home/runner/.cache/jdt-language-server/config/org.eclipse.equinox.launcher/org.eclipse.equinox.launcher.gtk.linux.x86_64_1.2.400.v20211117-0650/eclipse_11600.so
7f9107e10000-7f9107e11000 rw-p 00010000 00:2a4b 412                      /home/runner/.cache/jdt-language-server/config/org.eclipse.equinox.launcher/org.eclipse.equinox.launcher.gtk.linux.x86_64_1.2.400.v20211117-0650/eclipse_11600.so
7f9108000000-7f910803a000 rw-p 00000000 00:00 0 
7f910803a000-7f910c000000 ---p 00000000 00:00 0 
7f910c000000-7f910c054000 rw-p 00000000 00:00 0 
7f910c054000-7f9110000000 ---p 00000000 00:00 0 
7f9110000000-7f9110021000 rw-p 00000000 00:00 0 
7f9110021000-7f9114000000 ---p 00000000 00:00 0 
7f9114300000-7f9114400000 ---p 00000000 00:00 0 
7f9114400000-7f91149af000 r--p 01122000 00:2a4e 4611686019135190040      /nix/store/gpxl5qgg8kicmcvivwmybwjlpf7wh20l-graalvm17-ce-22.3.0/lib/libjvmcicompiler.so
7f91149af000-7f9114b00000 r--p 00000000 00:00 0 
7f9114b00000-7f9114b3d000 rw-p 00000000 00:00 0 
7f9114b3d000-7f911505d000 rw-p 0185f000 00:2a4e 4611686019135190040      /nix/store/gpxl5qgg8kicmcvivwmybwjlpf7wh20l-graalvm17-ce-22.3.0/lib/libjvmcicompiler.so
7f911505d000-7f9115444000 r--p 01d7f000 00:2a4e 4611686019135190040      /nix/store/gpxl5qgg8kicmcvivwmybwjlpf7wh20l-graalvm17-ce-22.3.0/lib/libjvmcicompiler.so
7f9115500000-7f9115504000 ---p 00000000 00:00 0 
7f9115504000-7f9115600000 rw-p 00000000 00:00 0 
7f9115700000-7f9115704000 ---p 00000000 00:00 0 
7f9115704000-7f9115800000 rw-p 00000000 00:00 0 
7f9115800000-7f9115804000 ---p 00000000 00:00 0 
7f9115804000-7f9115900000 rw-p 00000000 00:00 0 
7f9115900000-7f9115904000 ---p 00000000 00:00 0 
7f9115904000-7f9115a00000 rw-p 00000000 00:00 0 
7f9115b00000-7f9115b04000 ---p 00000000 00:00 0 
7f9115b04000-7f9115c00000 rw-p 00000000 00:00 0 
7f9115d00000-7f9115d04000 ---p 00000000 00:00 0 
7f9115d04000-7f9115e00000 rw-p 00000000 00:00 0 
7f9115f00000-7f9115f04000 ---p 00000000 00:00 0 
7f9115f04000-7f9116000000 rw-p 00000000 00:00 0 
7f9116100000-7f9116104000 ---p 00000000 00:00 0 
7f9116104000-7f9116200000 rw-p 00000000 00:00 0 
7f9116200000-7f9116204000 ---p 00000000 00:00 0 
7f9116204000-7f9116300000 rw-p 00000000 00:00 0 
7f9116300000-7f9116304000 ---p 00000000 00:00 0 
7f9116304000-7f9116400000 rw-p 00000000 00:00 0 
7f9116500000-7f9116504000 ---p 00000000 00:00 0 
7f9116504000-7f9116600000 rw-p 00000000 00:00 0 
7f9116700000-7f9116704000 ---p 00000000 00:00 0 
7f9116704000-7f9116800000 rw-p 00000000 00:00 0 
7f9116900000-7f9116904000 ---p 00000000 00:00 0 
7f9116904000-7f9116a00000 rw-p 00000000 00:00 0 
7f9116a00000-7f9116a04000 ---p 00000000 00:00 0 
7f9116a04000-7f9116b00000 rw-p 00000000 00:00 0 
7f9116b00000-7f9116b04000 ---p 00000000 00:00 0 
7f9116b04000-7f9116c00000 rw-p 00000000 00:00 0 
7f9116c00000-7f9116c04000 ---p 00000000 00:00 0 
7f9116c04000-7f9116d00000 rw-p 00000000 00:00 0 
7f9116d00000-7f9116d04000 ---p 00000000 00:00 0 
7f9116d04000-7f9116e00000 rw-p 00000000 00:00 0 
7f9117a68000-7f9117f00000 rw-p 00000000 00:00 0 
7f9118000000-7f9118021000 rw-p 00000000 00:00 0 
7f9118021000-7f911c000000 ---p 00000000 00:00 0 
7f911c000000-7f911c021000 rw-p 00000000 00:00 0 
7f911c021000-7f9120000000 ---p 00000000 00:00 0 
7f9120000000-7f9120021000 rw-p 00000000 00:00 0 
7f9120021000-7f9124000000 ---p 00000000 00:00 0 
7f9124000000-7f9124021000 rw-p 00000000 00:00 0 
7f9124021000-7f9128000000 ---p 00000000 00:00 0 
7f9128000000-7f91280da000 rw-p 00000000 00:00 0 
7f91280da000-7f912c000000 ---p 00000000 00:00 0 
7f912c000000-7f912ca8c000 rw-p 00000000 00:00 0 
7f912ca8c000-7f9130000000 ---p 00000000 00:00 0 
7f9130000000-7f9130035000 rw-p 00000000 00:00 0 
7f9130035000-7f9134000000 ---p 00000000 00:00 0 
7f9134000000-7f9134021000 rw-p 00000000 00:00 0 
7f9134021000-7f9138000000 ---p 00000000 00:00 0 
7f9138000000-7f9138021000 rw-p 00000000 00:00 0 
7f9138021000-7f913c000000 ---p 00000000 00:00 0 
7f913c000000-7f913c021000 rw-p 00000000 00:00 0 
7f913c021000-7f9140000000 ---p 00000000 00:00 0 
7f9140000000-7f9140031000 rw-p 00000000 00:00 0 
7f9140031000-7f9144000000 ---p 00000000 00:00 0 
7f9144000000-7f9144021000 rw-p 00000000 00:00 0 
7f9144021000-7f9148000000 ---p 00000000 00:00 0 
7f9148000000-7f91481c8000 rw-p 00000000 00:00 0 
7f91481c8000-7f914c000000 ---p 00000000 00:00 0 
7f914c100000-7f914c104000 ---p 00000000 00:00 0 
7f914c104000-7f914c200000 rw-p 00000000 00:00 0 
7f914c300000-7f914c304000 ---p 00000000 00:00 0 
7f914c304000-7f914c400000 rw-p 00000000 00:00 0 
7f914c400000-7f914c404000 ---p 00000000 00:00 0 
7f914c404000-7f914c500000 rw-p 00000000 00:00 0 
7f914c500000-7f914c504000 ---p 00000000 00:00 0 
7f914c504000-7f914c600000 rw-p 00000000 00:00 0 
7f914c700000-7f914c704000 ---p 00000000 00:00 0 
7f914c704000-7f914c800000 rw-p 00000000 00:00 0 
7f914c800000-7f914e96a000 r-xp 00000000 00:2a4e 4611686019135190040      /nix/store/gpxl5qgg8kicmcvivwmybwjlpf7wh20l-graalvm17-ce-22.3.0/lib/libjvmcicompiler.so
7f914e96a000-7f914eb69000 ---p 0216a000 00:2a4e 4611686019135190040      /nix/store/gpxl5qgg8kicmcvivwmybwjlpf7wh20l-graalvm17-ce-22.3.0/lib/libjvmcicompiler.so
7f914eb69000-7f914eb6a000 r--p 02169000 00:2a4e 4611686019135190040      /nix/store/gpxl5qgg8kicmcvivwmybwjlpf7wh20l-graalvm17-ce-22.3.0/lib/libjvmcicompiler.so
7f914eb6a000-7f914eb6c000 rw-p 0216a000 00:2a4e 4611686019135190040      /nix/store/gpxl5qgg8kicmcvivwmybwjlpf7wh20l-graalvm17-ce-22.3.0/lib/libjvmcicompiler.so
7f914eb6c000-7f914eb6d000 rw-p 00000000 00:00 0 
7f914eb6d000-7f914eb72000 rw-p 023c3000 00:2a4e 4611686019135190040      /nix/store/gpxl5qgg8kicmcvivwmybwjlpf7wh20l-graalvm17-ce-22.3.0/lib/libjvmcicompiler.so
7f914ec68000-7f914ec6c000 ---p 00000000 00:00 0 
7f914ec6c000-7f914ec8a000 rw-p 00000000 00:00 0 
7f914ec8a000-7f914ec91000 r-xp 00000000 00:2a4e 4611686019135192580      /nix/store/gpxl5qgg8kicmcvivwmybwjlpf7wh20l-graalvm17-ce-22.3.0/lib/libzip.so
7f914ec91000-7f914ec92000 ---p 00007000 00:2a4e 4611686019135192580      /nix/store/gpxl5qgg8kicmcvivwmybwjlpf7wh20l-graalvm17-ce-22.3.0/lib/libzip.so
7f914ec92000-7f914ec93000 r--p 00007000 00:2a4e 4611686019135192580      /nix/store/gpxl5qgg8kicmcvivwmybwjlpf7wh20l-graalvm17-ce-22.3.0/lib/libzip.so
7f914ec93000-7f914ec94000 rw-p 00008000 00:2a4e 4611686019135192580      /nix/store/gpxl5qgg8kicmcvivwmybwjlpf7wh20l-graalvm17-ce-22.3.0/lib/libzip.so
7f914ec94000-7f914ec96000 rw-p 0000b000 00:2a4e 4611686019135192580      /nix/store/gpxl5qgg8kicmcvivwmybwjlpf7wh20l-graalvm17-ce-22.3.0/lib/libzip.so
7f914ec96000-7f914ecab000 r-xp 00000000 00:2a4e 4611686019135192570      /nix/store/gpxl5qgg8kicmcvivwmybwjlpf7wh20l-graalvm17-ce-22.3.0/lib/libnet.so
7f914ecab000-7f914ecac000 ---p 00015000 00:2a4e 4611686019135192570      /nix/store/gpxl5qgg8kicmcvivwmybwjlpf7wh20l-graalvm17-ce-22.3.0/lib/libnet.so
7f914ecac000-7f914ecad000 r--p 00015000 00:2a4e 4611686019135192570      /nix/store/gpxl5qgg8kicmcvivwmybwjlpf7wh20l-graalvm17-ce-22.3.0/lib/libnet.so
7f914ecad000-7f914ecae000 rw-p 00016000 00:2a4e 4611686019135192570      /nix/store/gpxl5qgg8kicmcvivwmybwjlpf7wh20l-graalvm17-ce-22.3.0/lib/libnet.so
7f914ecae000-7f914ecb1000 rw-p 0001b000 00:2a4e 4611686019135192570      /nix/store/gpxl5qgg8kicmcvivwmybwjlpf7wh20l-graalvm17-ce-22.3.0/lib/libnet.so
7f914ecb1000-7f914ecb2000 ---p 00000000 00:00 0 
7f914ecb2000-7f914edb3000 rw-p 00000000 00:00 0 
7f914edb3000-7f914edb7000 ---p 00000000 00:00 0 
7f914edb7000-7f914eeb3000 rw-p 00000000 00:00 0 
7f914eeb3000-7f914eeb7000 ---p 00000000 00:00 0 
7f914eeb7000-7f914efb3000 rw-p 00000000 00:00 0 
7f914efb3000-7f914efb7000 ---p 00000000 00:00 0 
7f914efb7000-7f914f0b3000 rw-p 00000000 00:00 0 
7f914f0b3000-7f914f0b7000 ---p 00000000 00:00 0 
7f914f0b7000-7f914f2b3000 rw-p 00000000 00:00 0 
7f914f2b3000-7f914f2b7000 ---p 00000000 00:00 0 
7f914f2b7000-7f914f4b3000 rw-p 00000000 00:00 0 
7f914f4b3000-7f914f723000 rwxp 00000000 00:00 0 
7f914f723000-7f914fa42000 ---p 00000000 00:00 0 
7f914fa42000-7f9150902000 rwxp 00000000 00:00 0 
7f9150902000-7f9156f7a000 ---p 00000000 00:00 0 
7f9156f7a000-7f91571fa000 rwxp 00000000 00:00 0 
7f91571fa000-7f915e4b3000 ---p 00000000 00:00 0 
7f915e4b3000-7f9168000000 r--s 00000000 00:2a4e 4611686019135192581      /nix/store/gpxl5qgg8kicmcvivwmybwjlpf7wh20l-graalvm17-ce-22.3.0/lib/modules
7f9168000000-7f9168446000 rw-p 00000000 00:00 0 
7f9168446000-7f916c000000 ---p 00000000 00:00 0 
7f916c000000-7f916c013000 r-xp 00000000 00:2a4e 4611686019135192571      /nix/store/gpxl5qgg8kicmcvivwmybwjlpf7wh20l-graalvm17-ce-22.3.0/lib/libnio.so
7f916c013000-7f916c014000 r--p 00012000 00:2a4e 4611686019135192571      /nix/store/gpxl5qgg8kicmcvivwmybwjlpf7wh20l-graalvm17-ce-22.3.0/lib/libnio.so
7f916c014000-7f916c015000 rw-p 00013000 00:2a4e 4611686019135192571      /nix/store/gpxl5qgg8kicmcvivwmybwjlpf7wh20l-graalvm17-ce-22.3.0/lib/libnio.so
7f916c015000-7f916c01a000 rw-p 00019000 00:2a4e 4611686019135192571      /nix/store/gpxl5qgg8kicmcvivwmybwjlpf7wh20l-graalvm17-ce-22.3.0/lib/libnio.so
7f916c01a000-7f916c01e000 ---p 00000000 00:00 0 
7f916c01e000-7f916c11a000 rw-p 00000000 00:00 0 
7f916c11a000-7f916c11e000 ---p 00000000 00:00 0 
7f916c11e000-7f916c21a000 rw-p 00000000 00:00 0 
7f916c21a000-7f916c21e000 ---p 00000000 00:00 0 
7f916c21e000-7f916c31a000 rw-p 00000000 00:00 0 
7f916c31a000-7f916c600000 r--p 00000000 00:2841 28444448                 /usr/lib/locale/locale-archive
7f916c600000-7f916c604000 ---p 00000000 00:00 0 
7f916c604000-7f916c700000 rw-p 00000000 00:00 0 
7f916c700000-7f916c704000 ---p 00000000 00:00 0 
7f916c704000-7f916cc00000 rw-p 00000000 00:00 0 
7f916cc00000-7f916cec0000 rw-p 00000000 00:00 0 
7f916cec0000-7f916cf00000 rw-p 00000000 00:00 0 
7f916cf00000-7f916d000000 rw-p 00000000 00:00 0 
7f916d00b000-7f916d00c000 ---p 00000000 00:00 0 
7f916d00c000-7f916d10d000 rw-p 00000000 00:00 0 
7f916d10d000-7f916d1db000 r-xp 00000000 00:2a4e 4611686019135190036      /nix/store/gpxl5qgg8kicmcvivwmybwjlpf7wh20l-graalvm17-ce-22.3.0/lib/libjsvml.so
7f916d1db000-7f916d1dc000 r--p 000cd000 00:2a4e 4611686019135190036      /nix/store/gpxl5qgg8kicmcvivwmybwjlpf7wh20l-graalvm17-ce-22.3.0/lib/libjsvml.so
7f916d1dc000-7f916d1dd000 rw-p 000ce000 00:2a4e 4611686019135190036      /nix/store/gpxl5qgg8kicmcvivwmybwjlpf7wh20l-graalvm17-ce-22.3.0/lib/libjsvml.so
7f916d1dd000-7f916eab5000 rw-p 00000000 00:00 0 
7f916eab5000-7f916eab6000 ---p 00000000 00:00 0 
7f916eab6000-7f916ec61000 rw-p 00000000 00:00 0 
7f916ec61000-7f916ec6e000 rw-p 00000000 00:00 0 
7f916ec6e000-7f916ecb7000 ---p 00000000 00:00 0 
7f916ecb7000-7f916ecbd000 rw-p 00000000 00:00 0 
7f916ecbd000-7f916eda3000 ---p 00000000 00:00 0 
7f916eda3000-7f916edc1000 rw-p 00000000 00:00 0 
7f916edc1000-7f916ee8e000 ---p 00000000 00:00 0 
7f916ee8e000-7f916ee93000 rw-p 00000000 00:00 0 
7f916ee93000-7f916ee9a000 ---p 00000000 00:00 0 
7f916ee9a000-7f916eebe000 r-xp 00000000 00:2a4e 4611686019135190028      /nix/store/gpxl5qgg8kicmcvivwmybwjlpf7wh20l-graalvm17-ce-22.3.0/lib/libjava.so
7f916eebe000-7f916eebf000 ---p 00024000 00:2a4e 4611686019135190028      /nix/store/gpxl5qgg8kicmcvivwmybwjlpf7wh20l-graalvm17-ce-22.3.0/lib/libjava.so
7f916eebf000-7f916eec0000 r--p 00024000 00:2a4e 4611686019135190028      /nix/store/gpxl5qgg8kicmcvivwmybwjlpf7wh20l-graalvm17-ce-22.3.0/lib/libjava.so
7f916eec0000-7f916eec1000 rw-p 00025000 00:2a4e 4611686019135190028      /nix/store/gpxl5qgg8kicmcvivwmybwjlpf7wh20l-graalvm17-ce-22.3.0/lib/libjava.so
7f916eec1000-7f916eec2000 rw-p 00000000 00:00 0 
7f916eec2000-7f916eec9000 rw-p 0002f000 00:2a4e 4611686019135190028      /nix/store/gpxl5qgg8kicmcvivwmybwjlpf7wh20l-graalvm17-ce-22.3.0/lib/libjava.so
7f916eec9000-7f916eed1000 rw-s 00000000 00:283e 710                      /tmp/hsperfdata_runner/340
7f916eed1000-7f916eed2000 ---p 00000000 00:00 0 
7f916eed2000-7f916eed3000 r--p 00000000 00:00 0 
7f916eed3000-7f916eed4000 rwxp 00000000 00:00 0 
7f916eed4000-7f916eeef000 r-xp 00000000 00:2a4e 4611686019135190032      /nix/store/gpxl5qgg8kicmcvivwmybwjlpf7wh20l-graalvm17-ce-22.3.0/lib/libjimage.so
7f916eeef000-7f916eef0000 ---p 0001b000 00:2a4e 4611686019135190032      /nix/store/gpxl5qgg8kicmcvivwmybwjlpf7wh20l-graalvm17-ce-22.3.0/lib/libjimage.so
7f916eef0000-7f916eef2000 r--p 0001b000 00:2a4e 4611686019135190032      /nix/store/gpxl5qgg8kicmcvivwmybwjlpf7wh20l-graalvm17-ce-22.3.0/lib/libjimage.so
7f916eef2000-7f916eef3000 rw-p 0001d000 00:2a4e 4611686019135190032      /nix/store/gpxl5qgg8kicmcvivwmybwjlpf7wh20l-graalvm17-ce-22.3.0/lib/libjimage.so
7f916eef3000-7f916eef4000 rw-p 00024000 00:2a4e 4611686019135190032      /nix/store/gpxl5qgg8kicmcvivwmybwjlpf7wh20l-graalvm17-ce-22.3.0/lib/libjimage.so
7f916eef4000-7f916eef8000 ---p 00000000 00:00 0 
7f916eef8000-7f916eff4000 rw-p 00000000 00:00 0 
7f916eff4000-7f916f002000 r--p 00000000 00:2a4e 4611686019027979927      /nix/store/4nlgxhb09sdr51nc9hdm8az5b08vzkgx-glibc-2.35-163/lib/libm.so.6
7f916f002000-7f916f075000 r-xp 0000e000 00:2a4e 4611686019027979927      /nix/store/4nlgxhb09sdr51nc9hdm8az5b08vzkgx-glibc-2.35-163/lib/libm.so.6
7f916f075000-7f916f0d2000 r--p 00081000 00:2a4e 4611686019027979927      /nix/store/4nlgxhb09sdr51nc9hdm8az5b08vzkgx-glibc-2.35-163/lib/libm.so.6
7f916f0d2000-7f916f0d3000 r--p 000dd000 00:2a4e 4611686019027979927      /nix/store/4nlgxhb09sdr51nc9hdm8az5b08vzkgx-glibc-2.35-163/lib/libm.so.6
7f916f0d3000-7f916f0d4000 rw-p 000de000 00:2a4e 4611686019027979927      /nix/store/4nlgxhb09sdr51nc9hdm8az5b08vzkgx-glibc-2.35-163/lib/libm.so.6
7f916f0d4000-7f916f0d5000 r--p 00000000 00:2a4e 4611686019027979946      /nix/store/4nlgxhb09sdr51nc9hdm8az5b08vzkgx-glibc-2.35-163/lib/librt.so.1
7f916f0d5000-7f916f0d6000 r-xp 00001000 00:2a4e 4611686019027979946      /nix/store/4nlgxhb09sdr51nc9hdm8az5b08vzkgx-glibc-2.35-163/lib/librt.so.1
7f916f0d6000-7f916f0d7000 r--p 00002000 00:2a4e 4611686019027979946      /nix/store/4nlgxhb09sdr51nc9hdm8az5b08vzkgx-glibc-2.35-163/lib/librt.so.1
7f916f0d7000-7f916f0d8000 r--p 00002000 00:2a4e 4611686019027979946      /nix/store/4nlgxhb09sdr51nc9hdm8az5b08vzkgx-glibc-2.35-163/lib/librt.so.1
7f916f0d8000-7f916f0d9000 rw-p 00003000 00:2a4e 4611686019027979946      /nix/store/4nlgxhb09sdr51nc9hdm8az5b08vzkgx-glibc-2.35-163/lib/librt.so.1
7f916f0d9000-7f91701ec000 r-xp 00000000 00:2a4e 4611686019135360866      /nix/store/gpxl5qgg8kicmcvivwmybwjlpf7wh20l-graalvm17-ce-22.3.0/lib/server/libjvm.so
7f91701ec000-7f91701ed000 ---p 01113000 00:2a4e 4611686019135360866      /nix/store/gpxl5qgg8kicmcvivwmybwjlpf7wh20l-graalvm17-ce-22.3.0/lib/server/libjvm.so
7f91701ed000-7f91702a2000 r--p 01113000 00:2a4e 4611686019135360866      /nix/store/gpxl5qgg8kicmcvivwmybwjlpf7wh20l-graalvm17-ce-22.3.0/lib/server/libjvm.so
7f91702a2000-7f91702d6000 rw-p 011c8000 00:2a4e 4611686019135360866      /nix/store/gpxl5qgg8kicmcvivwmybwjlpf7wh20l-graalvm17-ce-22.3.0/lib/server/libjvm.so
7f91702d6000-7f9170332000 rw-p 00000000 00:00 0 
7f9170332000-7f917035a000 r--p 00000000 00:2a4e 4611686019027979918      /nix/store/4nlgxhb09sdr51nc9hdm8az5b08vzkgx-glibc-2.35-163/lib/libc.so.6
7f917035a000-7f91704d0000 r-xp 00028000 00:2a4e 4611686019027979918      /nix/store/4nlgxhb09sdr51nc9hdm8az5b08vzkgx-glibc-2.35-163/lib/libc.so.6
7f91704d0000-7f9170528000 r--p 0019e000 00:2a4e 4611686019027979918      /nix/store/4nlgxhb09sdr51nc9hdm8az5b08vzkgx-glibc-2.35-163/lib/libc.so.6
7f9170528000-7f917052c000 r--p 001f6000 00:2a4e 4611686019027979918      /nix/store/4nlgxhb09sdr51nc9hdm8az5b08vzkgx-glibc-2.35-163/lib/libc.so.6
7f917052c000-7f917052e000 rw-p 001fa000 00:2a4e 4611686019027979918      /nix/store/4nlgxhb09sdr51nc9hdm8az5b08vzkgx-glibc-2.35-163/lib/libc.so.6
7f917052e000-7f917053d000 rw-p 00000000 00:00 0 
7f917053d000-7f917053e000 r--p 00000000 00:2a4e 4611686019027979923      /nix/store/4nlgxhb09sdr51nc9hdm8az5b08vzkgx-glibc-2.35-163/lib/libdl.so.2
7f917053e000-7f917053f000 r-xp 00001000 00:2a4e 4611686019027979923      /nix/store/4nlgxhb09sdr51nc9hdm8az5b08vzkgx-glibc-2.35-163/lib/libdl.so.2
7f917053f000-7f9170540000 r--p 00002000 00:2a4e 4611686019027979923      /nix/store/4nlgxhb09sdr51nc9hdm8az5b08vzkgx-glibc-2.35-163/lib/libdl.so.2
7f9170540000-7f9170541000 r--p 00002000 00:2a4e 4611686019027979923      /nix/store/4nlgxhb09sdr51nc9hdm8az5b08vzkgx-glibc-2.35-163/lib/libdl.so.2
7f9170541000-7f9170542000 rw-p 00003000 00:2a4e 4611686019027979923      /nix/store/4nlgxhb09sdr51nc9hdm8az5b08vzkgx-glibc-2.35-163/lib/libdl.so.2
7f9170542000-7f9170543000 r--p 00000000 00:2a4e 4611686019027979942      /nix/store/4nlgxhb09sdr51nc9hdm8az5b08vzkgx-glibc-2.35-163/lib/libpthread.so.0
7f9170543000-7f9170544000 r-xp 00001000 00:2a4e 4611686019027979942      /nix/store/4nlgxhb09sdr51nc9hdm8az5b08vzkgx-glibc-2.35-163/lib/libpthread.so.0
7f9170544000-7f9170545000 r--p 00002000 00:2a4e 4611686019027979942      /nix/store/4nlgxhb09sdr51nc9hdm8az5b08vzkgx-glibc-2.35-163/lib/libpthread.so.0
7f9170545000-7f9170546000 r--p 00002000 00:2a4e 4611686019027979942      /nix/store/4nlgxhb09sdr51nc9hdm8az5b08vzkgx-glibc-2.35-163/lib/libpthread.so.0
7f9170546000-7f9170547000 rw-p 00003000 00:2a4e 4611686019027979942      /nix/store/4nlgxhb09sdr51nc9hdm8az5b08vzkgx-glibc-2.35-163/lib/libpthread.so.0
7f9170547000-7f9170555000 r-xp 00000000 00:2a4e 4611686019135190033      /nix/store/gpxl5qgg8kicmcvivwmybwjlpf7wh20l-graalvm17-ce-22.3.0/lib/libjli.so
7f9170555000-7f9170556000 ---p 0000e000 00:2a4e 4611686019135190033      /nix/store/gpxl5qgg8kicmcvivwmybwjlpf7wh20l-graalvm17-ce-22.3.0/lib/libjli.so
7f9170556000-7f9170557000 r--p 0000e000 00:2a4e 4611686019135190033      /nix/store/gpxl5qgg8kicmcvivwmybwjlpf7wh20l-graalvm17-ce-22.3.0/lib/libjli.so
7f9170557000-7f9170558000 rw-p 0000f000 00:2a4e 4611686019135190033      /nix/store/gpxl5qgg8kicmcvivwmybwjlpf7wh20l-graalvm17-ce-22.3.0/lib/libjli.so
7f9170558000-7f9170559000 rw-p 00012000 00:2a4e 4611686019135190033      /nix/store/gpxl5qgg8kicmcvivwmybwjlpf7wh20l-graalvm17-ce-22.3.0/lib/libjli.so
7f9170559000-7f917055c000 r--p 00000000 00:2a4e 4611686019106210071      /nix/store/026hln0aq1hyshaxsdvhg0kmcm6yf45r-zlib-1.2.13/lib/libz.so.1.2.13
7f917055c000-7f917056e000 r-xp 00003000 00:2a4e 4611686019106210071      /nix/store/026hln0aq1hyshaxsdvhg0kmcm6yf45r-zlib-1.2.13/lib/libz.so.1.2.13
7f917056e000-7f9170575000 r--p 00015000 00:2a4e 4611686019106210071      /nix/store/026hln0aq1hyshaxsdvhg0kmcm6yf45r-zlib-1.2.13/lib/libz.so.1.2.13
7f9170575000-7f9170576000 r--p 0001b000 00:2a4e 4611686019106210071      /nix/store/026hln0aq1hyshaxsdvhg0kmcm6yf45r-zlib-1.2.13/lib/libz.so.1.2.13
7f9170576000-7f9170577000 rw-p 0001c000 00:2a4e 4611686019106210071      /nix/store/026hln0aq1hyshaxsdvhg0kmcm6yf45r-zlib-1.2.13/lib/libz.so.1.2.13
7f9170577000-7f9170579000 rw-p 00000000 00:00 0 
7f9170579000-7f917057b000 r--p 00000000 00:2a4e 4611686019027979912      /nix/store/4nlgxhb09sdr51nc9hdm8az5b08vzkgx-glibc-2.35-163/lib/ld-linux-x86-64.so.2
7f917057b000-7f91705a2000 r-xp 00002000 00:2a4e 4611686019027979912      /nix/store/4nlgxhb09sdr51nc9hdm8az5b08vzkgx-glibc-2.35-163/lib/ld-linux-x86-64.so.2
7f91705a2000-7f91705ae000 r--p 00029000 00:2a4e 4611686019027979912      /nix/store/4nlgxhb09sdr51nc9hdm8az5b08vzkgx-glibc-2.35-163/lib/ld-linux-x86-64.so.2
7f91705ae000-7f91705b0000 r--p 00034000 00:2a4e 4611686019027979912      /nix/store/4nlgxhb09sdr51nc9hdm8az5b08vzkgx-glibc-2.35-163/lib/ld-linux-x86-64.so.2
7f91705b0000-7f91705b2000 rw-p 00036000 00:2a4e 4611686019027979912      /nix/store/4nlgxhb09sdr51nc9hdm8az5b08vzkgx-glibc-2.35-163/lib/ld-linux-x86-64.so.2
7ffe09204000-7ffe09228000 rw-p 00000000 00:00 0                          [stack]
7ffe0938e000-7ffe09392000 r--p 00000000 00:00 0                          [vvar]
7ffe09392000-7ffe09394000 r-xp 00000000 00:00 0                          [vdso]
ffffffffff600000-ffffffffff601000 --xp 00000000 00:00 0                  [vsyscall]


VM Arguments:
jvm_args: -XX:ThreadPriorityPolicy=1 -XX:+UnlockExperimentalVMOptions -XX:+EnableJVMCIProduct -XX:JVMCIThreadsPerNativeLibraryRuntime=1 -XX:-UnlockExperimentalVMOptions -Declipse.application=org.eclipse.jdt.ls.core.id1 -Dosgi.bundles.defaultStartLevel=4 -Declipse.product=org.eclipse.jdt.ls.core.product -Dlog.level=ALL -Xverify:none -XX:+UseParallelGC -XX:GCTimeRatio=4 -XX:AdaptiveSizePolicyWeight=90 -Dsun.zip.disableMemoryMapping=true -Xmx512m -Xms100m 
java_command: /nix/store/m6gcpi1ii6rghy04cjwjddcavv7i90df-jdt-language-server-1.9.0/share/java/plugins/org.eclipse.equinox.launcher_1.6.400.v20210924-0641.jar --add-modules=ALL-SYSTEM --add-opens java.base/java.util=ALL-UNNAMED --add-opens java.base/java.lang=ALL-UNNAMED -configuration /home/runner/.cache/jdt-language-server/config -data /home/runner/.cache/jdt-language-server/data/home/runner/lyric-guesser-draft
java_class_path (initial): /nix/store/m6gcpi1ii6rghy04cjwjddcavv7i90df-jdt-language-server-1.9.0/share/java/plugins/org.eclipse.equinox.launcher_1.6.400.v20210924-0641.jar
Launcher Type: SUN_STANDARD

[Global flags]
    uintx AdaptiveSizePolicyWeight                 = 90                                        {product} {command line}
     intx CICompilerCount                          = 2                                         {product} {ergonomic}
     bool EnableJVMCIProduct                       = true                                {JVMCI product} {jimage}
    uintx GCTimeRatio                              = 4                                         {product} {command line}
   size_t InitialHeapSize                          = 104857600                                 {product} {command line}
     uint JVMCIThreadsPerNativeLibraryRuntime      = 1                                   {JVMCI product} {jimage}
   size_t MaxHeapSize                              = 536870912                                 {product} {command line}
   size_t MaxNewSize                               = 178782208                                 {product} {ergonomic}
   size_t MinHeapDeltaBytes                        = 524288                                    {product} {ergonomic}
   size_t MinHeapSize                              = 104857600                                 {product} {command line}
   size_t NewSize                                  = 34603008                                  {product} {ergonomic}
    uintx NonNMethodCodeHeapSize                   = 5826188                                {pd product} {ergonomic}
    uintx NonProfiledCodeHeapSize                  = 122916026                              {pd product} {ergonomic}
   size_t OldSize                                  = 70254592                                  {product} {ergonomic}
    uintx ProfiledCodeHeapSize                     = 122916026                              {pd product} {ergonomic}
    uintx ReservedCodeCacheSize                    = 251658240                              {pd product} {ergonomic}
     bool SegmentedCodeCache                       = true                                      {product} {ergonomic}
   size_t SoftMaxHeapSize                          = 536870912                              {manageable} {ergonomic}
     intx ThreadPriorityPolicy                     = 1                                         {product} {jimage}
     bool UseCompressedClassPointers               = true                           {product lp64_product} {ergonomic}
     bool UseCompressedOops                        = true                           {product lp64_product} {ergonomic}
     bool UseParallelGC                            = true                                      {product} {command line}

Logging:
Log output configuration:
 #0: stdout all=warning uptime,level,tags
 #1: stderr all=off uptime,level,tags

Environment Variables:
JAVA_HOME=/nix/store/gpxl5qgg8kicmcvivwmybwjlpf7wh20l-graalvm17-ce-22.3.0
PATH=/nix/store/1d6ian3r8kdzspw8hacjhl3xkp40g1lj-binutils-wrapper-2.39/bin:/nix/store/dq0xwmsk1g0i2ayg6pb7y87na2knzylh-gcc-wrapper-11.3.0/bin:/nix/store/bap4d0lpcrhpwmpb8ayjcgkmvfj62lnq-bash-interactive-5.1-p16/bin:/nix/store/pr5n59mb4jzmfx6kanwxly0l07p861fg-patchelf-0.15.0/bin:/nix/store/1gf2flfqnpqbr1b4p4qz2f72y42bs56r-gcc-11.3.0/bin:/nix/store/57xv61c5zi8pphjbcwxxjlgc34p61ic9-glibc-2.35-163-bin/bin:/nix/store/a7gvj343m05j2s32xcnwr35v31ynlypr-coreutils-9.1/bin:/nix/store/039g378vc3pc3dvi9dzdlrd0i4q93qwf-binutils-2.39/bin:/nix/store/gpxl5qgg8kicmcvivwmybwjlpf7wh20l-graalvm17-ce-22.3.0/bin:/nix/store/6z9ag3ihc8mq2hzsw48lhbznvzny65nz-apache-maven-3.8.6/bin:/nix/store/m6gcpi1ii6rghy04cjwjddcavv7i90df-jdt-language-server-1.9.0/bin:/nix/store/84xs5alhs01zrbr4ywm05kxbjbp5590l-java-debug/bin:/nix/store/mydc6f4k2z73xlcz7ilif3v2lcaiqvza-findutils-4.9.0/bin:/nix/store/j9p3g8472iijd50vhdprx0nmk2fqn5gv-diffutils-3.8/bin:/nix/store/89zs7rms6x00xfq4dq6m7mjnhkr8a6r4-gnused-4.8/bin:/nix/store/86bp03jkmsl6f92w0yzg4s59g5mhxwmy-gnugrep-3.7/bin:/nix/store/hwcdqw4jrjnd37wxqgsd47hd0j8bnj09-gawk-5.1.1/bin:/nix/store/cfbhw8r8ags41vwqaz47r583d0p4h4a1-gnutar-1.34/bin:/nix/store/p3m1ndl1lapwrlh698bnb5lvvxh67378-gzip-1.12/bin:/nix/store/a8mhcagrsly7c7mpjrpsnaahk4aax056-bzip2-1.0.8-bin/bin:/nix/store/mblgz65m3zv9x548a3d5m96fj2pbwr09-gnumake-4.3/bin:/nix/store/dsd5gz46hdbdk2rfdimqddhq6m8m8fqs-bash-5.1-p16/bin:/nix/store/v7ljksji50mg3w61dykaa3n3y79n6nil-patch-2.7.6/bin:/nix/store/zlcnmqq14jz5x9439jf937mvayyl63da-xz-5.2.7-bin/bin:/nix/store/y6aj732zm9m87c82fpvf103a1xb22blp-file-5.43/bin:/nix/store/i4kzir3m7mrisxmf5xvlnkw01x4qaqr4-prybar-elisp-0.0.0-e0d9a52/bin:/nix/store/lwwivxf6h7x3cvxp9zv8sj0mv7dak99r-prybar-lua-0.0.0-e0d9a52/bin:/nix/store/gxj28g1cg4hq3qanmjv07156h800qr58-prybar-python3-0.0.0-e0d9a52/bin:/nix/store/hshkjnxrgidigf8x75vg6lqng2xlx9i3-prybar-sqlite-0.0.0-e0d9a52/bin:/nix/store/c4w01bpjgyy5ixmwdk8m1pw87zq4sl26-prybar-tcl-0.0.0-e0d9a52/bin:/nix/store/hpbvrlwd5viqmvcaisb3x0118i913a9n-st
LD_LIBRARY_PATH=/nix/store/a4pff549sk2idnkpzk5nsfps3mdkdnvm-cups-2.4.2-lib/lib:/nix/store/72mqxxhh3cy5yifh92wh2yb8cl2hikyy-cairo-1.16.0/lib:/nix/store/2k366jrbsra97gjfxwvrhvixjfxdach5-glib-2.74.1/lib:/nix/store/2j2znigd8ak37rlwh9khz0ry3clqlw1l-gtk+3-3.24.34/lib:/nix/store/hisqvx32cd57apbpcsnkpx6k3549wql1-libglvnd-1.4.0/lib:/nix/store/p36pgcv991mq5srvg765b78yqpxvk3qs-mesa-21.3.3-drivers/lib:/nix/store/mav4251if1ahjq5vkpwycyyvnmy459c4-pulseaudio-14.2/lib
DISPLAY=:0
LANG=en_US.UTF-8

Signal Handlers:
   SIGSEGV: crash_handler in libjvm.so, mask=11100100010111111101111111111110, flags=SA_RESTART|SA_SIGINFO
    SIGBUS: crash_handler in libjvm.so, mask=11100100010111111101111111111110, flags=SA_RESTART|SA_SIGINFO
    SIGFPE: crash_handler in libjvm.so, mask=11100100010111111101111111111110, flags=SA_RESTART|SA_SIGINFO
   SIGPIPE: IsolateEnterStub_IgnoreSIGPIPEStartupHook_noopSignalHandler_8f19bff2f35b5f630d83b364d6b2339320d4ec70_216e8361c6bc87a8f89f58cc10d3b2fd4415bf87 in libjvmcicompiler.so, mask=00000000000000000000000000000000, flags=SA_RESTART
  *** Handler was modified!
  *** Expected: javaSignalHandler in libjvm.so, mask=11100100110111111111111111111110, flags=SA_RESTART|SA_SIGINFO
   SIGXFSZ: javaSignalHandler in libjvm.so, mask=11100100010111111101111111111110, flags=SA_RESTART|SA_SIGINFO
    SIGILL: crash_handler in libjvm.so, mask=11100100010111111101111111111110, flags=SA_RESTART|SA_SIGINFO
   SIGUSR2: SR_handler in libjvm.so, mask=00000000000000000000000000000000, flags=SA_RESTART|SA_SIGINFO
    SIGHUP: UserHandler in libjvm.so, mask=11100100010111111101111111111110, flags=SA_RESTART|SA_SIGINFO
    SIGINT: UserHandler in libjvm.so, mask=11100100010111111101111111111110, flags=SA_RESTART|SA_SIGINFO
   SIGTERM: UserHandler in libjvm.so, mask=11100100010111111101111111111110, flags=SA_RESTART|SA_SIGINFO
   SIGQUIT: UserHandler in libjvm.so, mask=11100100010111111101111111111110, flags=SA_RESTART|SA_SIGINFO
  *** Handler was modified!
  *** Expected: javaSignalHandler in libjvm.so, mask=11100100110111111111111111111110, flags=SA_RESTART|SA_SIGINFO
   SIGTRAP: crash_handler in libjvm.so, mask=11100100010111111101111111111110, flags=SA_RESTART|SA_SIGINFO


---------------  S Y S T E M  ---------------

OS:
DISTRIB_ID=Ubuntu
DISTRIB_RELEASE=20.04
DISTRIB_CODENAME=focal
DISTRIB_DESCRIPTION="Ubuntu 20.04.2 LTS"
uname: Linux 5.19.0-1026-gcp #28~22.04.1-Ubuntu SMP Tue Jun 6 07:24:26 UTC 2023 x86_64
OS uptime: 0 days 18:38 hours
libc: glibc 2.35 NPTL 2.35 
rlimit (soft/hard): STACK 8192k/infinity , CORE infinity/infinity , NPROC infinity/infinity , NOFILE 5242/5242 , AS infinity/infinity , CPU infinity/infinity , DATA infinity/infinity , FSIZE infinity/infinity , MEMLOCK 8192k/8192k
load average: 64.32 44.99 47.55

/proc/meminfo:
MemTotal:       32859956 kB
MemFree:         2626048 kB
MemAvailable:    8448092 kB
Buffers:          118600 kB
Cached:          2150516 kB
SwapCached:            0 kB
Active:          1336012 kB
Inactive:       21891408 kB
Active(anon):      79948 kB
Inactive(anon): 20548584 kB
Active(file):    1256064 kB
Inactive(file):  1342824 kB
Unevictable:       57560 kB
Mlocked:           57560 kB
SwapTotal:             0 kB
SwapFree:              0 kB
Zswap:                 0 kB
Zswapped:              0 kB
Dirty:             13120 kB
Writeback:            32 kB
AnonPages:      20701624 kB
Mapped:           850100 kB
Shmem:             49780 kB
KReclaimable:    3688892 kB
Slab:            5371528 kB
SReclaimable:    3688892 kB
SUnreclaim:      1682636 kB
KernelStack:      636152 kB
PageTables:       466988 kB
NFS_Unstable:          0 kB
Bounce:                0 kB
WritebackTmp:          0 kB
CommitLimit:    16429976 kB
Committed_AS:   101651856 kB
VmallocTotal:   34359738367 kB
VmallocUsed:      678888 kB
VmallocChunk:          0 kB
Percpu:            34048 kB
HardwareCorrupted:     0 kB
AnonHugePages:   1228800 kB
ShmemHugePages:        0 kB
ShmemPmdMapped:        0 kB
FileHugePages:         0 kB
FilePmdMapped:         0 kB
HugePages_Total:       0
HugePages_Free:        0
HugePages_Rsvd:        0
HugePages_Surp:        0
Hugepagesize:       2048 kB
Hugetlb:               0 kB
DirectMap4k:     7990072 kB
DirectMap2M:    25561088 kB
DirectMap1G:     2097152 kB

/sys/kernel/mm/transparent_hugepage/enabled: always [madvise] never
/sys/kernel/mm/transparent_hugepage/defrag (defrag/compaction efforts parameter): always defer defer+madvise [madvise] never

Process Memory:
Virtual Size: 3871764K (peak: 3938040K)
Resident Set Size: 530296K (peak: 617720K) (anon: 512580K, file: 17716K, shmem: 0K)
Swapped out: 0K
C-Heap outstanding allocations: 39325K, retained: 11474K
glibc malloc tunables: (default)

/proc/sys/kernel/threads-max (system-wide limit on the number of threads): 256654
/proc/sys/vm/max_map_count (maximum number of memory map areas a process may have): 65530
/proc/sys/kernel/pid_max (system-wide limit on number of process identifiers): 4194304

container (cgroup) information:
container_type: cgroupv1
cpu_cpuset_cpus: 1-3
cpu_memory_nodes: 0
active_processor_count: 1
cpu_quota: 50000
cpu_period: 100000
cpu_shares: 512
memory_limit_in_bytes: 1048576 k
memory_and_swap_limit_in_bytes: 1048576 k
memory_soft_limit_in_bytes: 524288 k
memory_usage_in_bytes: 666208 k
memory_max_usage_in_bytes: 1048580 k
maximum number of tasks: 1000
current number of tasks: 58

KVM virtualization detected
Steal ticks since vm start: 0
Steal ticks percentage since vm start:  0.000

CPU: total 4 (initial active 1) (4 cores per cpu, 2 threads per core) family 23 model 49 stepping 0 microcode 0xffffffff, cx8, cmov, fxsr, ht, mmx, 3dnowpref, sse, sse2, sse3, ssse3, sse4a, sse4.1, sse4.2, popcnt, lzcnt, tsc, tscinvbit, avx, avx2, aes, clmul, bmi1, bmi2, adx, sha, fma, vzeroupper, clflush, clflushopt, hv
CPU Model and flags from /proc/cpuinfo:
model name	: AMD EPYC 7B12
flags		: fpu vme de pse tsc msr pae mce cx8 apic sep mtrr pge mca cmov pat pse36 clflush mmx fxsr sse sse2 ht syscall nx mmxext fxsr_opt pdpe1gb rdtscp lm constant_tsc rep_good nopl nonstop_tsc cpuid extd_apicid tsc_known_freq pni pclmulqdq ssse3 fma cx16 sse4_1 sse4_2 movbe popcnt aes xsave avx f16c rdrand hypervisor lahf_lm cmp_legacy cr8_legacy abm sse4a misalignsse 3dnowprefetch osvw topoext ssbd ibrs ibpb stibp vmmcall fsgsbase tsc_adjust bmi1 avx2 smep bmi2 rdseed adx smap clflushopt clwb sha_ni xsaveopt xsavec xgetbv1 clzero xsaveerptr arat npt nrip_save umip rdpid

Online cpus: 0-3
Offline cpus: 
BIOS frequency limitation: <Not Available>
Frequency switch latency (ns): <Not Available>
Available cpu frequencies: <Not Available>
Current governor: <Not Available>
Core performance/turbo boost: <Not Available>

Memory: 4k page, physical 1048576k(382360k free), swap 0k(0k free)
Page Sizes: 4k

vm_info: OpenJDK 64-Bit Server VM (17.0.5+8-jvmci-22.3-b08) for linux-amd64 JRE (17.0.5+8-jvmci-22.3-b08), built on Oct 19 2022 09:01:27 by "buildslave" with gcc 10.3.0

END.
